{"obj": {"type": "AssignString", "path": ["sys", "name"], "value": "Untitled"}, "version": 1}
{"obj": {"type": "AssignString", "path": ["sys", "description"], "value": ""}, "version": 2}
{"obj": {"type": "AssignString", "path": ["sys", "hostname"], "value": "DESKTOP-3318E9E"}, "version": 3}
{"obj": {"type": "AssignBool", "path": ["sys", "failed"], "value": false}, "version": 4}
{"obj": {"type": "ClearStringLog", "path": ["monitoring", "stdout"]}, "version": 5}
{"obj": {"type": "ClearStringLog", "path": ["monitoring", "stderr"]}, "version": 6}
{"obj": {"type": "AssignString", "path": ["source_code", "entrypoint"], "value": "train_hyperdist.py"}, "version": 7}
{"obj": {"type": "UploadFileSet", "path": ["source_code", "files"], "file_globs": ["/mnt/c/Users/janko/PycharmProjects/hyperbolic/src/train_hyperdist.py"], "reset": "False"}, "version": 8}
{"obj": {"type": "LogStrings", "path": ["monitoring", "stderr"], "values": [{"value": "Info (NVML): NVML Shared Library Not Found. GPU usage metrics may not be reported. For more information, see https://docs.neptune.ai/you-should-know/what-can-you-log-and-display#hardware-consumption\n", "step": null, "ts": 1644942524.7133157}]}, "version": 9}
{"obj": {"type": "ConfigFloatSeries", "path": ["monitoring", "cpu"], "min": 0.0, "max": 100.0, "unit": "%"}, "version": 10}
{"obj": {"type": "ClearFloatLog", "path": ["monitoring", "cpu"]}, "version": 11}
{"obj": {"type": "ConfigFloatSeries", "path": ["monitoring", "memory"], "min": 0.0, "max": 12.391899108886719, "unit": "GB"}, "version": 12}
{"obj": {"type": "ClearFloatLog", "path": ["monitoring", "memory"]}, "version": 13}
{"obj": {"type": "AssignInt", "path": ["config", "epochs"], "value": 300}, "version": 14}
{"obj": {"type": "AssignFloat", "path": ["config", "dataset_params", "n_samples"], "value": 10000.0}, "version": 15}
{"obj": {"type": "AssignInt", "path": ["config", "dataset_params", "dim"], "value": 8}, "version": 16}
{"obj": {"type": "AssignFloat", "path": ["config", "dataset_params", "eps"], "value": 0.01}, "version": 17}
{"obj": {"type": "AssignInt", "path": ["config", "dataset_params", "bs"], "value": 256}, "version": 18}
{"obj": {"type": "AssignString", "path": ["config", "model", "name"], "value": "EncoderHeadModel"}, "version": 19}
{"obj": {"type": "AssignString", "path": ["config", "model", "encoder", "name"], "value": "EuclideanFFNEncoder"}, "version": 20}
{"obj": {"type": "AssignInt", "path": ["config", "model", "encoder", "io_dim"], "value": 8}, "version": 21}
{"obj": {"type": "AssignInt", "path": ["config", "model", "encoder", "clipping_r"], "value": 9}, "version": 22}
{"obj": {"type": "AssignString", "path": ["config", "model", "encoder", "hidden_dims"], "value": "[128, 256, 256, 128]"}, "version": 23}
{"obj": {"type": "AssignString", "path": ["config", "model", "encoder", "activations"], "value": "relu"}, "version": 24}
{"obj": {"type": "AssignBool", "path": ["config", "model", "encoder", "batch_norm"], "value": true}, "version": 25}
{"obj": {"type": "AssignString", "path": ["config", "model", "head", "name"], "value": "EuclideanFFN"}, "version": 26}
{"obj": {"type": "AssignInt", "path": ["config", "model", "head", "input_dim"], "value": 8}, "version": 27}
{"obj": {"type": "AssignString", "path": ["config", "model", "head", "hidden_dims"], "value": "[64, 64]"}, "version": 28}
{"obj": {"type": "AssignString", "path": ["config", "model", "head", "activations"], "value": "relu"}, "version": 29}
{"obj": {"type": "AssignInt", "path": ["config", "model", "head", "output_dim"], "value": 1}, "version": 30}
{"obj": {"type": "AssignBool", "path": ["config", "model", "head", "batch_norm"], "value": true}, "version": 31}
{"obj": {"type": "AssignString", "path": ["config", "optimizer", "name"], "value": "SGD"}, "version": 32}
{"obj": {"type": "AssignFloat", "path": ["config", "optimizer", "lr"], "value": 0.01}, "version": 33}
{"obj": {"type": "AssignFloat", "path": ["config", "optimizer", "momentum"], "value": 0.9}, "version": 34}
{"obj": {"type": "AssignString", "path": ["config", "scheduler", "name"], "value": "None"}, "version": 35}
{"obj": {"type": "AssignString", "path": ["config", "metrics", "loss"], "value": "MSE"}, "version": 36}
{"obj": {"type": "AssignString", "path": ["config", "metrics", "additional"], "value": "['MAPE']"}, "version": 37}
{"obj": {"type": "AssignString", "path": ["config", "neptune", "project"], "value": "jkociniak/hyperbolic-dist-pred"}, "version": 38}
{"obj": {"type": "AssignString", "path": ["config", "neptune", "api_token"], "value": "eyJhcGlfYWRkcmVzcyI6Imh0dHBzOi8vYXBwLm5lcHR1bmUuYWkiLCJhcGlfdXJsIjoiaHR0cHM6Ly9hcHAubmVwdHVuZS5haSIsImFwaV9rZXkiOiIxMmVmNjk0Yi1hMmZjLTQ3NmYtODBkZi1mZmM2NDMwNTk1ZTcifQ=="}, "version": 39}
{"obj": {"type": "LogFloats", "path": ["monitoring", "cpu"], "values": [{"value": 21.0, "step": null, "ts": 1644942524.7428176}]}, "version": 40}
{"obj": {"type": "LogFloats", "path": ["monitoring", "memory"], "values": [{"value": 0.4893074035644531, "step": null, "ts": 1644942524.7428176}]}, "version": 41}
{"obj": {"type": "LogFloats", "path": ["monitoring", "cpu"], "values": [{"value": 4.0, "step": null, "ts": 1644942534.8029306}]}, "version": 42}
{"obj": {"type": "LogFloats", "path": ["monitoring", "memory"], "values": [{"value": 0.5942268371582031, "step": null, "ts": 1644942534.8029306}]}, "version": 43}
{"obj": {"type": "LogFloats", "path": ["monitoring", "cpu"], "values": [{"value": 0.9, "step": null, "ts": 1644942544.8086793}]}, "version": 44}
{"obj": {"type": "LogFloats", "path": ["monitoring", "memory"], "values": [{"value": 0.5943565368652344, "step": null, "ts": 1644942544.8086793}]}, "version": 45}
{"obj": {"type": "LogFloats", "path": ["monitoring", "cpu"], "values": [{"value": 0.9, "step": null, "ts": 1644942554.8201468}]}, "version": 46}
{"obj": {"type": "LogFloats", "path": ["monitoring", "memory"], "values": [{"value": 0.5943565368652344, "step": null, "ts": 1644942554.8201468}]}, "version": 47}
{"obj": {"type": "LogFloats", "path": ["monitoring", "cpu"], "values": [{"value": 1.1, "step": null, "ts": 1644942564.8241599}]}, "version": 48}
{"obj": {"type": "LogFloats", "path": ["monitoring", "memory"], "values": [{"value": 0.5943565368652344, "step": null, "ts": 1644942564.8241599}]}, "version": 49}
{"obj": {"type": "LogFloats", "path": ["monitoring", "cpu"], "values": [{"value": 1.0, "step": null, "ts": 1644942574.8337367}]}, "version": 50}
{"obj": {"type": "LogFloats", "path": ["monitoring", "memory"], "values": [{"value": 0.5943565368652344, "step": null, "ts": 1644942574.8337367}]}, "version": 51}
{"obj": {"type": "LogFloats", "path": ["monitoring", "cpu"], "values": [{"value": 1.0, "step": null, "ts": 1644942584.838136}]}, "version": 52}
{"obj": {"type": "LogFloats", "path": ["monitoring", "memory"], "values": [{"value": 0.5943565368652344, "step": null, "ts": 1644942584.838136}]}, "version": 53}
{"obj": {"type": "LogFloats", "path": ["monitoring", "cpu"], "values": [{"value": 1.1, "step": null, "ts": 1644942594.8533206}]}, "version": 54}
{"obj": {"type": "LogFloats", "path": ["monitoring", "memory"], "values": [{"value": 0.5943565368652344, "step": null, "ts": 1644942594.8533206}]}, "version": 55}
{"obj": {"type": "LogFloats", "path": ["monitoring", "cpu"], "values": [{"value": 1.5, "step": null, "ts": 1644942604.8646715}]}, "version": 56}
{"obj": {"type": "LogFloats", "path": ["monitoring", "memory"], "values": [{"value": 0.596923828125, "step": null, "ts": 1644942604.8646715}]}, "version": 57}
{"obj": {"type": "LogFloats", "path": ["monitoring", "cpu"], "values": [{"value": 0.9, "step": null, "ts": 1644942614.8752618}]}, "version": 58}
{"obj": {"type": "LogFloats", "path": ["monitoring", "memory"], "values": [{"value": 0.596923828125, "step": null, "ts": 1644942614.8752618}]}, "version": 59}
{"obj": {"type": "LogFloats", "path": ["monitoring", "cpu"], "values": [{"value": 1.3, "step": null, "ts": 1644942624.8857305}]}, "version": 60}
{"obj": {"type": "LogFloats", "path": ["monitoring", "memory"], "values": [{"value": 0.598876953125, "step": null, "ts": 1644942624.8857305}]}, "version": 61}
{"obj": {"type": "LogFloats", "path": ["monitoring", "cpu"], "values": [{"value": 1.2, "step": null, "ts": 1644942634.8963811}]}, "version": 62}
{"obj": {"type": "LogFloats", "path": ["monitoring", "memory"], "values": [{"value": 0.598876953125, "step": null, "ts": 1644942634.8963811}]}, "version": 63}
{"obj": {"type": "LogFloats", "path": ["monitoring", "cpu"], "values": [{"value": 1.3, "step": null, "ts": 1644942644.9090245}]}, "version": 64}
{"obj": {"type": "LogFloats", "path": ["monitoring", "memory"], "values": [{"value": 0.598876953125, "step": null, "ts": 1644942644.9090245}]}, "version": 65}
{"obj": {"type": "LogFloats", "path": ["monitoring", "cpu"], "values": [{"value": 1.3, "step": null, "ts": 1644942654.9221196}]}, "version": 66}
{"obj": {"type": "LogFloats", "path": ["monitoring", "memory"], "values": [{"value": 0.598876953125, "step": null, "ts": 1644942654.9221196}]}, "version": 67}
{"obj": {"type": "LogFloats", "path": ["monitoring", "cpu"], "values": [{"value": 1.1, "step": null, "ts": 1644942664.9326534}]}, "version": 68}
{"obj": {"type": "LogFloats", "path": ["monitoring", "memory"], "values": [{"value": 0.5991744995117188, "step": null, "ts": 1644942664.9326534}]}, "version": 69}
