{"obj": {"type": "AssignString", "path": ["sys", "name"], "value": "Untitled"}, "version": 1}
{"obj": {"type": "AssignString", "path": ["sys", "description"], "value": ""}, "version": 2}
{"obj": {"type": "AssignString", "path": ["sys", "hostname"], "value": "DESKTOP-3318E9E"}, "version": 3}
{"obj": {"type": "AssignBool", "path": ["sys", "failed"], "value": false}, "version": 4}
{"obj": {"type": "ClearStringLog", "path": ["monitoring", "stdout"]}, "version": 5}
{"obj": {"type": "ClearStringLog", "path": ["monitoring", "stderr"]}, "version": 6}
{"obj": {"type": "AssignString", "path": ["source_code", "entrypoint"], "value": "train_hyperdist.py"}, "version": 7}
{"obj": {"type": "UploadFileSet", "path": ["source_code", "files"], "file_globs": ["/mnt/c/Users/janko/PycharmProjects/hyperbolic/src/train_hyperdist.py"], "reset": "False"}, "version": 8}
{"obj": {"type": "LogStrings", "path": ["monitoring", "stderr"], "values": [{"value": "Info (NVML): NVML Shared Library Not Found. GPU usage metrics may not be reported. For more information, see https://docs.neptune.ai/you-should-know/what-can-you-log-and-display#hardware-consumption\n", "step": null, "ts": 1644970940.0733228}]}, "version": 9}
{"obj": {"type": "ConfigFloatSeries", "path": ["monitoring", "cpu"], "min": 0.0, "max": 100.0, "unit": "%"}, "version": 10}
{"obj": {"type": "ClearFloatLog", "path": ["monitoring", "cpu"]}, "version": 11}
{"obj": {"type": "ConfigFloatSeries", "path": ["monitoring", "memory"], "min": 0.0, "max": 12.391899108886719, "unit": "GB"}, "version": 12}
{"obj": {"type": "ClearFloatLog", "path": ["monitoring", "memory"]}, "version": 13}
{"obj": {"type": "AssignString", "path": ["config", "epochs"], "value": "150"}, "version": 14}
{"obj": {"type": "AssignString", "path": ["config", "dataset_params", "n_samples"], "value": "100000.0"}, "version": 15}
{"obj": {"type": "AssignString", "path": ["config", "dataset_params", "dim"], "value": "2"}, "version": 16}
{"obj": {"type": "AssignString", "path": ["config", "dataset_params", "eps"], "value": "0.01"}, "version": 17}
{"obj": {"type": "AssignString", "path": ["config", "dataset_params", "bs"], "value": "256"}, "version": 18}
{"obj": {"type": "AssignString", "path": ["config", "model", "name"], "value": "EuclideanFFNModel"}, "version": 19}
{"obj": {"type": "AssignString", "path": ["config", "model", "input_dim"], "value": "2"}, "version": 20}
{"obj": {"type": "AssignString", "path": ["config", "model", "hidden_dims"], "value": "[256, 256, 256, 256]"}, "version": 21}
{"obj": {"type": "AssignString", "path": ["config", "model", "activations"], "value": "relu"}, "version": 22}
{"obj": {"type": "AssignString", "path": ["config", "optimizer", "name"], "value": "SGD"}, "version": 23}
{"obj": {"type": "AssignString", "path": ["config", "optimizer", "lr"], "value": "0.005"}, "version": 24}
{"obj": {"type": "AssignString", "path": ["config", "optimizer", "momentum"], "value": "0.9"}, "version": 25}
{"obj": {"type": "AssignString", "path": ["config", "scheduler", "name"], "value": "None"}, "version": 26}
{"obj": {"type": "AssignString", "path": ["config", "metrics", "loss"], "value": "MSE"}, "version": 27}
{"obj": {"type": "AssignString", "path": ["config", "metrics", "additional"], "value": "['MAPE']"}, "version": 28}
{"obj": {"type": "AssignString", "path": ["config", "neptune", "project"], "value": "jkociniak/hyperbolic-dist-pred"}, "version": 29}
{"obj": {"type": "AssignString", "path": ["config", "neptune", "api_token"], "value": "eyJhcGlfYWRkcmVzcyI6Imh0dHBzOi8vYXBwLm5lcHR1bmUuYWkiLCJhcGlfdXJsIjoiaHR0cHM6Ly9hcHAubmVwdHVuZS5haSIsImFwaV9rZXkiOiIxMmVmNjk0Yi1hMmZjLTQ3NmYtODBkZi1mZmM2NDMwNTk1ZTcifQ=="}, "version": 30}
{"obj": {"type": "LogFloats", "path": ["monitoring", "cpu"], "values": [{"value": 20.2, "step": null, "ts": 1644970940.0803945}]}, "version": 31}
{"obj": {"type": "LogFloats", "path": ["monitoring", "memory"], "values": [{"value": 0.4951057434082031, "step": null, "ts": 1644970940.0803945}]}, "version": 32}
{"obj": {"type": "LogFloats", "path": ["metrics", "train", "loss"], "values": [{"value": 1.0593295097351074, "step": null, "ts": 1644970942.5201352}]}, "version": 33}
{"obj": {"type": "LogFloats", "path": ["metrics", "train", "MAPE"], "values": [{"value": 0.11686836183071136, "step": null, "ts": 1644970942.521431}]}, "version": 34}
{"obj": {"type": "LogStrings", "path": ["monitoring", "stdout"], "values": [{"value": "[1] train loss: 1.0593295097351074", "step": null, "ts": 1644970942.5225117}]}, "version": 35}
{"obj": {"type": "LogStrings", "path": ["monitoring", "stdout"], "values": [{"value": "\n", "step": null, "ts": 1644970942.5235367}]}, "version": 36}
{"obj": {"type": "LogFloats", "path": ["metrics", "val", "loss"], "values": [{"value": 0.2263624221086502, "step": null, "ts": 1644970942.9278793}]}, "version": 37}
{"obj": {"type": "LogFloats", "path": ["metrics", "val", "MAPE"], "values": [{"value": 0.11814551800489426, "step": null, "ts": 1644970942.9290633}]}, "version": 38}
{"obj": {"type": "LogStrings", "path": ["monitoring", "stdout"], "values": [{"value": "[1] val loss: 0.2263624221086502", "step": null, "ts": 1644970942.930121}]}, "version": 39}
{"obj": {"type": "LogStrings", "path": ["monitoring", "stdout"], "values": [{"value": "\n", "step": null, "ts": 1644970942.931108}]}, "version": 40}
{"obj": {"type": "LogFloats", "path": ["metrics", "train", "loss"], "values": [{"value": 0.1825408935546875, "step": null, "ts": 1644970945.2485332}]}, "version": 41}
{"obj": {"type": "LogFloats", "path": ["metrics", "train", "MAPE"], "values": [{"value": 0.06796696782112122, "step": null, "ts": 1644970945.2496936}]}, "version": 42}
{"obj": {"type": "LogStrings", "path": ["monitoring", "stdout"], "values": [{"value": "[2] train loss: 0.1825408935546875", "step": null, "ts": 1644970945.2506716}]}, "version": 43}
{"obj": {"type": "LogStrings", "path": ["monitoring", "stdout"], "values": [{"value": "\n", "step": null, "ts": 1644970945.251634}]}, "version": 44}
{"obj": {"type": "LogFloats", "path": ["metrics", "val", "loss"], "values": [{"value": 0.15662984549999237, "step": null, "ts": 1644970945.6557567}]}, "version": 45}
{"obj": {"type": "LogFloats", "path": ["metrics", "val", "MAPE"], "values": [{"value": 0.0863661989569664, "step": null, "ts": 1644970945.6567562}]}, "version": 46}
{"obj": {"type": "LogStrings", "path": ["monitoring", "stdout"], "values": [{"value": "[2] val loss: 0.15662984549999237", "step": null, "ts": 1644970945.6577375}]}, "version": 47}
{"obj": {"type": "LogStrings", "path": ["monitoring", "stdout"], "values": [{"value": "\n", "step": null, "ts": 1644970945.6585982}]}, "version": 48}
{"obj": {"type": "LogFloats", "path": ["metrics", "train", "loss"], "values": [{"value": 0.12925377488136292, "step": null, "ts": 1644970948.1776154}]}, "version": 49}
{"obj": {"type": "LogFloats", "path": ["metrics", "train", "MAPE"], "values": [{"value": 0.07963483780622482, "step": null, "ts": 1644970948.1788912}]}, "version": 50}
{"obj": {"type": "LogStrings", "path": ["monitoring", "stdout"], "values": [{"value": "[3] train loss: 0.12925377488136292", "step": null, "ts": 1644970948.1800904}]}, "version": 51}
{"obj": {"type": "LogStrings", "path": ["monitoring", "stdout"], "values": [{"value": "\n", "step": null, "ts": 1644970948.1811717}]}, "version": 52}
{"obj": {"type": "LogFloats", "path": ["metrics", "val", "loss"], "values": [{"value": 0.09336479753255844, "step": null, "ts": 1644970948.5830202}]}, "version": 53}
{"obj": {"type": "LogFloats", "path": ["metrics", "val", "MAPE"], "values": [{"value": 0.05919819697737694, "step": null, "ts": 1644970948.5842447}]}, "version": 54}
{"obj": {"type": "LogStrings", "path": ["monitoring", "stdout"], "values": [{"value": "[3] val loss: 0.09336479753255844", "step": null, "ts": 1644970948.5853238}]}, "version": 55}
{"obj": {"type": "LogStrings", "path": ["monitoring", "stdout"], "values": [{"value": "\n", "step": null, "ts": 1644970948.586327}]}, "version": 56}
{"obj": {"type": "LogFloats", "path": ["monitoring", "cpu"], "values": [{"value": 59.7, "step": null, "ts": 1644970950.145606}]}, "version": 57}
{"obj": {"type": "LogFloats", "path": ["monitoring", "memory"], "values": [{"value": 1.1804695129394531, "step": null, "ts": 1644970950.145606}]}, "version": 58}
{"obj": {"type": "LogFloats", "path": ["metrics", "train", "loss"], "values": [{"value": 0.09890040755271912, "step": null, "ts": 1644970951.2658186}]}, "version": 59}
{"obj": {"type": "LogFloats", "path": ["metrics", "train", "MAPE"], "values": [{"value": 0.07623308897018433, "step": null, "ts": 1644970951.2668357}]}, "version": 60}
{"obj": {"type": "LogStrings", "path": ["monitoring", "stdout"], "values": [{"value": "[4] train loss: 0.09890040755271912", "step": null, "ts": 1644970951.2678216}]}, "version": 61}
{"obj": {"type": "LogStrings", "path": ["monitoring", "stdout"], "values": [{"value": "\n", "step": null, "ts": 1644970951.268765}]}, "version": 62}
{"obj": {"type": "LogFloats", "path": ["metrics", "val", "loss"], "values": [{"value": 0.08902312815189362, "step": null, "ts": 1644970951.6691687}]}, "version": 63}
{"obj": {"type": "LogFloats", "path": ["metrics", "val", "MAPE"], "values": [{"value": 0.054958656430244446, "step": null, "ts": 1644970951.6703203}]}, "version": 64}
{"obj": {"type": "LogStrings", "path": ["monitoring", "stdout"], "values": [{"value": "[4] val loss: 0.08902312815189362", "step": null, "ts": 1644970951.6713507}]}, "version": 65}
{"obj": {"type": "LogStrings", "path": ["monitoring", "stdout"], "values": [{"value": "\n", "step": null, "ts": 1644970951.6723747}]}, "version": 66}
{"obj": {"type": "LogFloats", "path": ["metrics", "train", "loss"], "values": [{"value": 0.08934512734413147, "step": null, "ts": 1644970954.6405637}]}, "version": 67}
{"obj": {"type": "LogFloats", "path": ["metrics", "train", "MAPE"], "values": [{"value": 0.06640451401472092, "step": null, "ts": 1644970954.6419392}]}, "version": 68}
{"obj": {"type": "LogStrings", "path": ["monitoring", "stdout"], "values": [{"value": "[5] train loss: 0.08934512734413147", "step": null, "ts": 1644970954.6432223}]}, "version": 69}
{"obj": {"type": "LogStrings", "path": ["monitoring", "stdout"], "values": [{"value": "\n", "step": null, "ts": 1644970954.644319}]}, "version": 70}
{"obj": {"type": "LogFloats", "path": ["metrics", "val", "loss"], "values": [{"value": 0.075040802359581, "step": null, "ts": 1644970955.031633}]}, "version": 71}
{"obj": {"type": "LogFloats", "path": ["metrics", "val", "MAPE"], "values": [{"value": 0.054206691682338715, "step": null, "ts": 1644970955.0328245}]}, "version": 72}
{"obj": {"type": "LogStrings", "path": ["monitoring", "stdout"], "values": [{"value": "[5] val loss: 0.075040802359581", "step": null, "ts": 1644970955.0339723}]}, "version": 73}
{"obj": {"type": "LogStrings", "path": ["monitoring", "stdout"], "values": [{"value": "\n", "step": null, "ts": 1644970955.035017}]}, "version": 74}
{"obj": {"type": "LogFloats", "path": ["metrics", "train", "loss"], "values": [{"value": 0.06915809214115143, "step": null, "ts": 1644970957.6955223}]}, "version": 75}
{"obj": {"type": "LogFloats", "path": ["metrics", "train", "MAPE"], "values": [{"value": 0.04280036315321922, "step": null, "ts": 1644970957.6965444}]}, "version": 76}
{"obj": {"type": "LogStrings", "path": ["monitoring", "stdout"], "values": [{"value": "[6] train loss: 0.06915809214115143", "step": null, "ts": 1644970957.6974916}]}, "version": 77}
{"obj": {"type": "LogStrings", "path": ["monitoring", "stdout"], "values": [{"value": "\n", "step": null, "ts": 1644970957.6984081}]}, "version": 78}
{"obj": {"type": "LogFloats", "path": ["metrics", "val", "loss"], "values": [{"value": 0.05400530993938446, "step": null, "ts": 1644970958.0893986}]}, "version": 79}
{"obj": {"type": "LogFloats", "path": ["metrics", "val", "MAPE"], "values": [{"value": 0.04222641885280609, "step": null, "ts": 1644970958.090559}]}, "version": 80}
{"obj": {"type": "LogStrings", "path": ["monitoring", "stdout"], "values": [{"value": "[6] val loss: 0.05400530993938446", "step": null, "ts": 1644970958.091605}]}, "version": 81}
{"obj": {"type": "LogStrings", "path": ["monitoring", "stdout"], "values": [{"value": "\n", "step": null, "ts": 1644970958.0926356}]}, "version": 82}
{"obj": {"type": "LogFloats", "path": ["monitoring", "cpu"], "values": [{"value": 59.8, "step": null, "ts": 1644970960.1503882}]}, "version": 83}
{"obj": {"type": "LogFloats", "path": ["monitoring", "memory"], "values": [{"value": 1.287139892578125, "step": null, "ts": 1644970960.1503882}]}, "version": 84}
{"obj": {"type": "LogFloats", "path": ["metrics", "train", "loss"], "values": [{"value": 0.061061419546604156, "step": null, "ts": 1644970960.775303}]}, "version": 85}
{"obj": {"type": "LogFloats", "path": ["metrics", "train", "MAPE"], "values": [{"value": 0.053994983434677124, "step": null, "ts": 1644970960.7764182}]}, "version": 86}
{"obj": {"type": "LogStrings", "path": ["monitoring", "stdout"], "values": [{"value": "[7] train loss: 0.061061419546604156", "step": null, "ts": 1644970960.7774675}]}, "version": 87}
{"obj": {"type": "LogStrings", "path": ["monitoring", "stdout"], "values": [{"value": "\n", "step": null, "ts": 1644970960.778494}]}, "version": 88}
{"obj": {"type": "LogFloats", "path": ["metrics", "val", "loss"], "values": [{"value": 0.059771567583084106, "step": null, "ts": 1644970961.2271202}]}, "version": 89}
{"obj": {"type": "LogFloats", "path": ["metrics", "val", "MAPE"], "values": [{"value": 0.04749491065740585, "step": null, "ts": 1644970961.2282712}]}, "version": 90}
{"obj": {"type": "LogStrings", "path": ["monitoring", "stdout"], "values": [{"value": "[7] val loss: 0.059771567583084106", "step": null, "ts": 1644970961.2293265}]}, "version": 91}
{"obj": {"type": "LogStrings", "path": ["monitoring", "stdout"], "values": [{"value": "\n", "step": null, "ts": 1644970961.2303114}]}, "version": 92}
{"obj": {"type": "LogFloats", "path": ["metrics", "train", "loss"], "values": [{"value": 0.061030734330415726, "step": null, "ts": 1644970963.7891517}]}, "version": 93}
{"obj": {"type": "LogFloats", "path": ["metrics", "train", "MAPE"], "values": [{"value": 0.04275081306695938, "step": null, "ts": 1644970963.7902966}]}, "version": 94}
{"obj": {"type": "LogStrings", "path": ["monitoring", "stdout"], "values": [{"value": "[8] train loss: 0.061030734330415726", "step": null, "ts": 1644970963.7914276}]}, "version": 95}
{"obj": {"type": "LogStrings", "path": ["monitoring", "stdout"], "values": [{"value": "\n", "step": null, "ts": 1644970963.792384}]}, "version": 96}
{"obj": {"type": "LogFloats", "path": ["metrics", "val", "loss"], "values": [{"value": 0.05827085301280022, "step": null, "ts": 1644970964.1900115}]}, "version": 97}
{"obj": {"type": "LogFloats", "path": ["metrics", "val", "MAPE"], "values": [{"value": 0.0470782108604908, "step": null, "ts": 1644970964.1912916}]}, "version": 98}
{"obj": {"type": "LogStrings", "path": ["monitoring", "stdout"], "values": [{"value": "[8] val loss: 0.05827085301280022", "step": null, "ts": 1644970964.1923416}]}, "version": 99}
{"obj": {"type": "LogStrings", "path": ["monitoring", "stdout"], "values": [{"value": "\n", "step": null, "ts": 1644970964.1934266}]}, "version": 100}
{"obj": {"type": "LogFloats", "path": ["metrics", "train", "loss"], "values": [{"value": 0.052668869495391846, "step": null, "ts": 1644970966.733934}]}, "version": 101}
{"obj": {"type": "LogFloats", "path": ["metrics", "train", "MAPE"], "values": [{"value": 0.042761676013469696, "step": null, "ts": 1644970966.7351344}]}, "version": 102}
{"obj": {"type": "LogStrings", "path": ["monitoring", "stdout"], "values": [{"value": "[9] train loss: 0.052668869495391846", "step": null, "ts": 1644970966.7363293}]}, "version": 103}
{"obj": {"type": "LogStrings", "path": ["monitoring", "stdout"], "values": [{"value": "\n", "step": null, "ts": 1644970966.7373743}]}, "version": 104}
{"obj": {"type": "LogFloats", "path": ["metrics", "val", "loss"], "values": [{"value": 0.05293045938014984, "step": null, "ts": 1644970967.1402926}]}, "version": 105}
{"obj": {"type": "LogFloats", "path": ["metrics", "val", "MAPE"], "values": [{"value": 0.043127093464136124, "step": null, "ts": 1644970967.1413922}]}, "version": 106}
{"obj": {"type": "LogStrings", "path": ["monitoring", "stdout"], "values": [{"value": "[9] val loss: 0.05293045938014984", "step": null, "ts": 1644970967.1424234}]}, "version": 107}
{"obj": {"type": "LogStrings", "path": ["monitoring", "stdout"], "values": [{"value": "\n", "step": null, "ts": 1644970967.1435595}]}, "version": 108}
{"obj": {"type": "LogFloats", "path": ["metrics", "train", "loss"], "values": [{"value": 0.04674813151359558, "step": null, "ts": 1644970969.7468882}]}, "version": 109}
{"obj": {"type": "LogFloats", "path": ["metrics", "train", "MAPE"], "values": [{"value": 0.047273628413677216, "step": null, "ts": 1644970969.7480018}]}, "version": 110}
{"obj": {"type": "LogStrings", "path": ["monitoring", "stdout"], "values": [{"value": "[10] train loss: 0.04674813151359558", "step": null, "ts": 1644970969.748977}]}, "version": 111}
{"obj": {"type": "LogStrings", "path": ["monitoring", "stdout"], "values": [{"value": "\n", "step": null, "ts": 1644970969.7499635}]}, "version": 112}
{"obj": {"type": "LogFloats", "path": ["metrics", "val", "loss"], "values": [{"value": 0.056374531239271164, "step": null, "ts": 1644970970.1419802}]}, "version": 113}
{"obj": {"type": "LogFloats", "path": ["metrics", "val", "MAPE"], "values": [{"value": 0.046805404126644135, "step": null, "ts": 1644970970.1431627}]}, "version": 114}
{"obj": {"type": "LogStrings", "path": ["monitoring", "stdout"], "values": [{"value": "[10] val loss: 0.056374531239271164", "step": null, "ts": 1644970970.1441903}]}, "version": 115}
{"obj": {"type": "LogStrings", "path": ["monitoring", "stdout"], "values": [{"value": "\n", "step": null, "ts": 1644970970.1454484}]}, "version": 116}
{"obj": {"type": "LogFloats", "path": ["monitoring", "cpu"], "values": [{"value": 60.6, "step": null, "ts": 1644970970.1588862}]}, "version": 117}
{"obj": {"type": "LogFloats", "path": ["monitoring", "memory"], "values": [{"value": 0.9109420776367188, "step": null, "ts": 1644970970.1588862}]}, "version": 118}
{"obj": {"type": "LogFloats", "path": ["metrics", "train", "loss"], "values": [{"value": 0.042915329337120056, "step": null, "ts": 1644970972.6915524}]}, "version": 119}
{"obj": {"type": "LogFloats", "path": ["metrics", "train", "MAPE"], "values": [{"value": 0.03651990368962288, "step": null, "ts": 1644970972.6926215}]}, "version": 120}
{"obj": {"type": "LogStrings", "path": ["monitoring", "stdout"], "values": [{"value": "[11] train loss: 0.042915329337120056", "step": null, "ts": 1644970972.6936746}]}, "version": 121}
{"obj": {"type": "LogStrings", "path": ["monitoring", "stdout"], "values": [{"value": "\n", "step": null, "ts": 1644970972.694628}]}, "version": 122}
{"obj": {"type": "LogFloats", "path": ["metrics", "val", "loss"], "values": [{"value": 0.035621047019958496, "step": null, "ts": 1644970973.0790005}]}, "version": 123}
{"obj": {"type": "LogFloats", "path": ["metrics", "val", "MAPE"], "values": [{"value": 0.03565559536218643, "step": null, "ts": 1644970973.0801709}]}, "version": 124}
{"obj": {"type": "LogStrings", "path": ["monitoring", "stdout"], "values": [{"value": "[11] val loss: 0.035621047019958496", "step": null, "ts": 1644970973.0812347}]}, "version": 125}
{"obj": {"type": "LogStrings", "path": ["monitoring", "stdout"], "values": [{"value": "\n", "step": null, "ts": 1644970973.0822163}]}, "version": 126}
{"obj": {"type": "LogFloats", "path": ["metrics", "train", "loss"], "values": [{"value": 0.044842712581157684, "step": null, "ts": 1644970975.696446}]}, "version": 127}
{"obj": {"type": "LogFloats", "path": ["metrics", "train", "MAPE"], "values": [{"value": 0.046186238527297974, "step": null, "ts": 1644970975.6976433}]}, "version": 128}
{"obj": {"type": "LogStrings", "path": ["monitoring", "stdout"], "values": [{"value": "[12] train loss: 0.044842712581157684", "step": null, "ts": 1644970975.6987414}]}, "version": 129}
{"obj": {"type": "LogStrings", "path": ["monitoring", "stdout"], "values": [{"value": "\n", "step": null, "ts": 1644970975.6997967}]}, "version": 130}
{"obj": {"type": "LogFloats", "path": ["metrics", "val", "loss"], "values": [{"value": 0.06272760033607483, "step": null, "ts": 1644970976.0867882}]}, "version": 131}
{"obj": {"type": "LogFloats", "path": ["metrics", "val", "MAPE"], "values": [{"value": 0.06269367784261703, "step": null, "ts": 1644970976.088004}]}, "version": 132}
{"obj": {"type": "LogStrings", "path": ["monitoring", "stdout"], "values": [{"value": "[12] val loss: 0.06272760033607483", "step": null, "ts": 1644970976.0890563}]}, "version": 133}
{"obj": {"type": "LogStrings", "path": ["monitoring", "stdout"], "values": [{"value": "\n", "step": null, "ts": 1644970976.0901706}]}, "version": 134}
{"obj": {"type": "LogFloats", "path": ["metrics", "train", "loss"], "values": [{"value": 0.04317731410264969, "step": null, "ts": 1644970978.6351528}]}, "version": 135}
{"obj": {"type": "LogFloats", "path": ["metrics", "train", "MAPE"], "values": [{"value": 0.04546760395169258, "step": null, "ts": 1644970978.6363175}]}, "version": 136}
{"obj": {"type": "LogStrings", "path": ["monitoring", "stdout"], "values": [{"value": "[13] train loss: 0.04317731410264969", "step": null, "ts": 1644970978.637383}]}, "version": 137}
{"obj": {"type": "LogStrings", "path": ["monitoring", "stdout"], "values": [{"value": "\n", "step": null, "ts": 1644970978.638328}]}, "version": 138}
{"obj": {"type": "LogFloats", "path": ["metrics", "val", "loss"], "values": [{"value": 0.041140977293252945, "step": null, "ts": 1644970979.033358}]}, "version": 139}
{"obj": {"type": "LogFloats", "path": ["metrics", "val", "MAPE"], "values": [{"value": 0.03930828720331192, "step": null, "ts": 1644970979.034564}]}, "version": 140}
{"obj": {"type": "LogStrings", "path": ["monitoring", "stdout"], "values": [{"value": "[13] val loss: 0.041140977293252945", "step": null, "ts": 1644970979.0356898}]}, "version": 141}
{"obj": {"type": "LogStrings", "path": ["monitoring", "stdout"], "values": [{"value": "\n", "step": null, "ts": 1644970979.0367062}]}, "version": 142}
{"obj": {"type": "LogFloats", "path": ["monitoring", "cpu"], "values": [{"value": 59.9, "step": null, "ts": 1644970980.1865165}]}, "version": 143}
{"obj": {"type": "LogFloats", "path": ["monitoring", "memory"], "values": [{"value": 1.1109504699707031, "step": null, "ts": 1644970980.1865165}]}, "version": 144}
{"obj": {"type": "LogFloats", "path": ["metrics", "train", "loss"], "values": [{"value": 0.03902595490217209, "step": null, "ts": 1644970981.618746}]}, "version": 145}
{"obj": {"type": "LogFloats", "path": ["metrics", "train", "MAPE"], "values": [{"value": 0.03909317031502724, "step": null, "ts": 1644970981.6199563}]}, "version": 146}
{"obj": {"type": "LogStrings", "path": ["monitoring", "stdout"], "values": [{"value": "[14] train loss: 0.03902595490217209", "step": null, "ts": 1644970981.6211927}]}, "version": 147}
{"obj": {"type": "LogStrings", "path": ["monitoring", "stdout"], "values": [{"value": "\n", "step": null, "ts": 1644970981.6221812}]}, "version": 148}
{"obj": {"type": "LogFloats", "path": ["metrics", "val", "loss"], "values": [{"value": 0.037290193140506744, "step": null, "ts": 1644970982.005942}]}, "version": 149}
{"obj": {"type": "LogFloats", "path": ["metrics", "val", "MAPE"], "values": [{"value": 0.03440440446138382, "step": null, "ts": 1644970982.007099}]}, "version": 150}
{"obj": {"type": "LogStrings", "path": ["monitoring", "stdout"], "values": [{"value": "[14] val loss: 0.037290193140506744", "step": null, "ts": 1644970982.0081666}]}, "version": 151}
{"obj": {"type": "LogStrings", "path": ["monitoring", "stdout"], "values": [{"value": "\n", "step": null, "ts": 1644970982.0091403}]}, "version": 152}
{"obj": {"type": "LogFloats", "path": ["metrics", "train", "loss"], "values": [{"value": 0.03812630474567413, "step": null, "ts": 1644970984.578994}]}, "version": 153}
{"obj": {"type": "LogFloats", "path": ["metrics", "train", "MAPE"], "values": [{"value": 0.03380220755934715, "step": null, "ts": 1644970984.5801654}]}, "version": 154}
{"obj": {"type": "LogStrings", "path": ["monitoring", "stdout"], "values": [{"value": "[15] train loss: 0.03812630474567413", "step": null, "ts": 1644970984.5812428}]}, "version": 155}
{"obj": {"type": "LogStrings", "path": ["monitoring", "stdout"], "values": [{"value": "\n", "step": null, "ts": 1644970984.5822313}]}, "version": 156}
{"obj": {"type": "LogFloats", "path": ["metrics", "val", "loss"], "values": [{"value": 0.03715433180332184, "step": null, "ts": 1644970984.9650042}]}, "version": 157}
{"obj": {"type": "LogFloats", "path": ["metrics", "val", "MAPE"], "values": [{"value": 0.03416264057159424, "step": null, "ts": 1644970984.9661067}]}, "version": 158}
{"obj": {"type": "LogStrings", "path": ["monitoring", "stdout"], "values": [{"value": "[15] val loss: 0.03715433180332184", "step": null, "ts": 1644970984.9670928}]}, "version": 159}
{"obj": {"type": "LogStrings", "path": ["monitoring", "stdout"], "values": [{"value": "\n", "step": null, "ts": 1644970984.968011}]}, "version": 160}
{"obj": {"type": "LogFloats", "path": ["metrics", "train", "loss"], "values": [{"value": 0.03995339199900627, "step": null, "ts": 1644970987.4733572}]}, "version": 161}
{"obj": {"type": "LogFloats", "path": ["metrics", "train", "MAPE"], "values": [{"value": 0.04140307754278183, "step": null, "ts": 1644970987.474632}]}, "version": 162}
{"obj": {"type": "LogStrings", "path": ["monitoring", "stdout"], "values": [{"value": "[16] train loss: 0.03995339199900627", "step": null, "ts": 1644970987.4757822}]}, "version": 163}
{"obj": {"type": "LogStrings", "path": ["monitoring", "stdout"], "values": [{"value": "\n", "step": null, "ts": 1644970987.4768457}]}, "version": 164}
{"obj": {"type": "LogFloats", "path": ["metrics", "val", "loss"], "values": [{"value": 0.032924022525548935, "step": null, "ts": 1644970987.8636935}]}, "version": 165}
{"obj": {"type": "LogFloats", "path": ["metrics", "val", "MAPE"], "values": [{"value": 0.03548385947942734, "step": null, "ts": 1644970987.8648522}]}, "version": 166}
{"obj": {"type": "LogStrings", "path": ["monitoring", "stdout"], "values": [{"value": "[16] val loss: 0.032924022525548935", "step": null, "ts": 1644970987.8658583}]}, "version": 167}
{"obj": {"type": "LogStrings", "path": ["monitoring", "stdout"], "values": [{"value": "\n", "step": null, "ts": 1644970987.8668637}]}, "version": 168}
{"obj": {"type": "LogFloats", "path": ["monitoring", "cpu"], "values": [{"value": 60.1, "step": null, "ts": 1644970990.192222}]}, "version": 169}
{"obj": {"type": "LogFloats", "path": ["monitoring", "memory"], "values": [{"value": 1.2693901062011719, "step": null, "ts": 1644970990.192222}]}, "version": 170}
{"obj": {"type": "LogFloats", "path": ["metrics", "train", "loss"], "values": [{"value": 0.03243203088641167, "step": null, "ts": 1644970990.9275243}]}, "version": 171}
{"obj": {"type": "LogFloats", "path": ["metrics", "train", "MAPE"], "values": [{"value": 0.03278987482190132, "step": null, "ts": 1644970990.9287255}]}, "version": 172}
{"obj": {"type": "LogStrings", "path": ["monitoring", "stdout"], "values": [{"value": "[17] train loss: 0.03243203088641167", "step": null, "ts": 1644970990.929916}]}, "version": 173}
{"obj": {"type": "LogStrings", "path": ["monitoring", "stdout"], "values": [{"value": "\n", "step": null, "ts": 1644970990.9309444}]}, "version": 174}
{"obj": {"type": "LogFloats", "path": ["metrics", "val", "loss"], "values": [{"value": 0.03197292238473892, "step": null, "ts": 1644970991.3193626}]}, "version": 175}
{"obj": {"type": "LogFloats", "path": ["metrics", "val", "MAPE"], "values": [{"value": 0.03236193582415581, "step": null, "ts": 1644970991.3204753}]}, "version": 176}
{"obj": {"type": "LogStrings", "path": ["monitoring", "stdout"], "values": [{"value": "[17] val loss: 0.03197292238473892", "step": null, "ts": 1644970991.3214774}]}, "version": 177}
{"obj": {"type": "LogStrings", "path": ["monitoring", "stdout"], "values": [{"value": "\n", "step": null, "ts": 1644970991.3224373}]}, "version": 178}
{"obj": {"type": "LogFloats", "path": ["metrics", "train", "loss"], "values": [{"value": 0.033556170761585236, "step": null, "ts": 1644970993.9282043}]}, "version": 179}
{"obj": {"type": "LogFloats", "path": ["metrics", "train", "MAPE"], "values": [{"value": 0.02748236060142517, "step": null, "ts": 1644970993.929429}]}, "version": 180}
{"obj": {"type": "LogStrings", "path": ["monitoring", "stdout"], "values": [{"value": "[18] train loss: 0.033556170761585236", "step": null, "ts": 1644970993.9304833}]}, "version": 181}
{"obj": {"type": "LogStrings", "path": ["monitoring", "stdout"], "values": [{"value": "\n", "step": null, "ts": 1644970993.9314697}]}, "version": 182}
{"obj": {"type": "LogFloats", "path": ["metrics", "val", "loss"], "values": [{"value": 0.03356824815273285, "step": null, "ts": 1644970994.31676}]}, "version": 183}
{"obj": {"type": "LogFloats", "path": ["metrics", "val", "MAPE"], "values": [{"value": 0.034356728196144104, "step": null, "ts": 1644970994.317867}]}, "version": 184}
{"obj": {"type": "LogStrings", "path": ["monitoring", "stdout"], "values": [{"value": "[18] val loss: 0.03356824815273285", "step": null, "ts": 1644970994.3188455}]}, "version": 185}
{"obj": {"type": "LogStrings", "path": ["monitoring", "stdout"], "values": [{"value": "\n", "step": null, "ts": 1644970994.3198977}]}, "version": 186}
{"obj": {"type": "LogFloats", "path": ["metrics", "train", "loss"], "values": [{"value": 0.035168882459402084, "step": null, "ts": 1644970996.9375474}]}, "version": 187}
{"obj": {"type": "LogFloats", "path": ["metrics", "train", "MAPE"], "values": [{"value": 0.03583815321326256, "step": null, "ts": 1644970996.938674}]}, "version": 188}
{"obj": {"type": "LogStrings", "path": ["monitoring", "stdout"], "values": [{"value": "[19] train loss: 0.035168882459402084", "step": null, "ts": 1644970996.9396648}]}, "version": 189}
{"obj": {"type": "LogStrings", "path": ["monitoring", "stdout"], "values": [{"value": "\n", "step": null, "ts": 1644970996.9406004}]}, "version": 190}
{"obj": {"type": "LogFloats", "path": ["metrics", "val", "loss"], "values": [{"value": 0.04236960783600807, "step": null, "ts": 1644970997.3180506}]}, "version": 191}
{"obj": {"type": "LogFloats", "path": ["metrics", "val", "MAPE"], "values": [{"value": 0.0439910963177681, "step": null, "ts": 1644970997.3192174}]}, "version": 192}
{"obj": {"type": "LogStrings", "path": ["monitoring", "stdout"], "values": [{"value": "[19] val loss: 0.04236960783600807", "step": null, "ts": 1644970997.320313}]}, "version": 193}
{"obj": {"type": "LogStrings", "path": ["monitoring", "stdout"], "values": [{"value": "\n", "step": null, "ts": 1644970997.321308}]}, "version": 194}
{"obj": {"type": "LogFloats", "path": ["metrics", "train", "loss"], "values": [{"value": 0.032651886343955994, "step": null, "ts": 1644970999.8638406}]}, "version": 195}
{"obj": {"type": "LogFloats", "path": ["metrics", "train", "MAPE"], "values": [{"value": 0.03039523772895336, "step": null, "ts": 1644970999.8651986}]}, "version": 196}
{"obj": {"type": "LogStrings", "path": ["monitoring", "stdout"], "values": [{"value": "[20] train loss: 0.032651886343955994", "step": null, "ts": 1644970999.8665097}]}, "version": 197}
{"obj": {"type": "LogStrings", "path": ["monitoring", "stdout"], "values": [{"value": "\n", "step": null, "ts": 1644970999.8676543}]}, "version": 198}
{"obj": {"type": "LogFloats", "path": ["monitoring", "cpu"], "values": [{"value": 60.0, "step": null, "ts": 1644971000.198407}]}, "version": 199}
{"obj": {"type": "LogFloats", "path": ["monitoring", "memory"], "values": [{"value": 0.9456405639648438, "step": null, "ts": 1644971000.198407}]}, "version": 200}
{"obj": {"type": "LogFloats", "path": ["metrics", "val", "loss"], "values": [{"value": 0.029867302626371384, "step": null, "ts": 1644971000.2977185}]}, "version": 201}
{"obj": {"type": "LogFloats", "path": ["metrics", "val", "MAPE"], "values": [{"value": 0.03095131926238537, "step": null, "ts": 1644971000.2986972}]}, "version": 202}
{"obj": {"type": "LogStrings", "path": ["monitoring", "stdout"], "values": [{"value": "[20] val loss: 0.029867302626371384", "step": null, "ts": 1644971000.2997034}]}, "version": 203}
{"obj": {"type": "LogStrings", "path": ["monitoring", "stdout"], "values": [{"value": "\n", "step": null, "ts": 1644971000.3006237}]}, "version": 204}
{"obj": {"type": "LogFloats", "path": ["metrics", "train", "loss"], "values": [{"value": 0.03207738324999809, "step": null, "ts": 1644971003.1466093}]}, "version": 205}
{"obj": {"type": "LogFloats", "path": ["metrics", "train", "MAPE"], "values": [{"value": 0.027676060795783997, "step": null, "ts": 1644971003.1478505}]}, "version": 206}
{"obj": {"type": "LogStrings", "path": ["monitoring", "stdout"], "values": [{"value": "[21] train loss: 0.03207738324999809", "step": null, "ts": 1644971003.1489224}]}, "version": 207}
{"obj": {"type": "LogStrings", "path": ["monitoring", "stdout"], "values": [{"value": "\n", "step": null, "ts": 1644971003.150026}]}, "version": 208}
{"obj": {"type": "LogFloats", "path": ["metrics", "val", "loss"], "values": [{"value": 0.029237421229481697, "step": null, "ts": 1644971003.5463455}]}, "version": 209}
{"obj": {"type": "LogFloats", "path": ["metrics", "val", "MAPE"], "values": [{"value": 0.030250124633312225, "step": null, "ts": 1644971003.5476403}]}, "version": 210}
{"obj": {"type": "LogStrings", "path": ["monitoring", "stdout"], "values": [{"value": "[21] val loss: 0.029237421229481697", "step": null, "ts": 1644971003.548726}]}, "version": 211}
{"obj": {"type": "LogStrings", "path": ["monitoring", "stdout"], "values": [{"value": "\n", "step": null, "ts": 1644971003.549728}]}, "version": 212}
{"obj": {"type": "LogFloats", "path": ["metrics", "train", "loss"], "values": [{"value": 0.03088880516588688, "step": null, "ts": 1644971006.2903104}]}, "version": 213}
{"obj": {"type": "LogFloats", "path": ["metrics", "train", "MAPE"], "values": [{"value": 0.03799206018447876, "step": null, "ts": 1644971006.2918131}]}, "version": 214}
{"obj": {"type": "LogStrings", "path": ["monitoring", "stdout"], "values": [{"value": "[22] train loss: 0.03088880516588688", "step": null, "ts": 1644971006.2932868}]}, "version": 215}
{"obj": {"type": "LogStrings", "path": ["monitoring", "stdout"], "values": [{"value": "\n", "step": null, "ts": 1644971006.2946484}]}, "version": 216}
{"obj": {"type": "LogFloats", "path": ["metrics", "val", "loss"], "values": [{"value": 0.03278401494026184, "step": null, "ts": 1644971006.7890382}]}, "version": 217}
{"obj": {"type": "LogFloats", "path": ["metrics", "val", "MAPE"], "values": [{"value": 0.03228190541267395, "step": null, "ts": 1644971006.7904625}]}, "version": 218}
{"obj": {"type": "LogStrings", "path": ["monitoring", "stdout"], "values": [{"value": "[22] val loss: 0.03278401494026184", "step": null, "ts": 1644971006.7917774}]}, "version": 219}
{"obj": {"type": "LogStrings", "path": ["monitoring", "stdout"], "values": [{"value": "\n", "step": null, "ts": 1644971006.7930436}]}, "version": 220}
{"obj": {"type": "LogFloats", "path": ["metrics", "train", "loss"], "values": [{"value": 0.028462884947657585, "step": null, "ts": 1644971009.564242}]}, "version": 221}
{"obj": {"type": "LogFloats", "path": ["metrics", "train", "MAPE"], "values": [{"value": 0.027652578428387642, "step": null, "ts": 1644971009.5653458}]}, "version": 222}
{"obj": {"type": "LogStrings", "path": ["monitoring", "stdout"], "values": [{"value": "[23] train loss: 0.028462884947657585", "step": null, "ts": 1644971009.5663924}]}, "version": 223}
{"obj": {"type": "LogStrings", "path": ["monitoring", "stdout"], "values": [{"value": "\n", "step": null, "ts": 1644971009.5673852}]}, "version": 224}
{"obj": {"type": "LogFloats", "path": ["metrics", "val", "loss"], "values": [{"value": 0.031193966045975685, "step": null, "ts": 1644971009.9725862}]}, "version": 225}
{"obj": {"type": "LogFloats", "path": ["metrics", "val", "MAPE"], "values": [{"value": 0.03614528477191925, "step": null, "ts": 1644971009.973927}]}, "version": 226}
{"obj": {"type": "LogStrings", "path": ["monitoring", "stdout"], "values": [{"value": "[23] val loss: 0.031193966045975685", "step": null, "ts": 1644971009.9750845}]}, "version": 227}
{"obj": {"type": "LogStrings", "path": ["monitoring", "stdout"], "values": [{"value": "\n", "step": null, "ts": 1644971009.976105}]}, "version": 228}
{"obj": {"type": "LogFloats", "path": ["monitoring", "cpu"], "values": [{"value": 60.6, "step": null, "ts": 1644971010.2040546}]}, "version": 229}
{"obj": {"type": "LogFloats", "path": ["monitoring", "memory"], "values": [{"value": 0.9568939208984375, "step": null, "ts": 1644971010.2040546}]}, "version": 230}
{"obj": {"type": "LogFloats", "path": ["metrics", "train", "loss"], "values": [{"value": 0.033743105828762054, "step": null, "ts": 1644971012.9043257}]}, "version": 231}
{"obj": {"type": "LogFloats", "path": ["metrics", "train", "MAPE"], "values": [{"value": 0.054296527057886124, "step": null, "ts": 1644971012.9056644}]}, "version": 232}
{"obj": {"type": "LogStrings", "path": ["monitoring", "stdout"], "values": [{"value": "[24] train loss: 0.033743105828762054", "step": null, "ts": 1644971012.9069874}]}, "version": 233}
{"obj": {"type": "LogStrings", "path": ["monitoring", "stdout"], "values": [{"value": "\n", "step": null, "ts": 1644971012.9081943}]}, "version": 234}
{"obj": {"type": "LogFloats", "path": ["metrics", "val", "loss"], "values": [{"value": 0.026786580681800842, "step": null, "ts": 1644971013.636139}]}, "version": 235}
{"obj": {"type": "LogFloats", "path": ["metrics", "val", "MAPE"], "values": [{"value": 0.03139694035053253, "step": null, "ts": 1644971013.6384814}]}, "version": 236}
{"obj": {"type": "LogStrings", "path": ["monitoring", "stdout"], "values": [{"value": "[24] val loss: 0.026786580681800842", "step": null, "ts": 1644971013.6404576}]}, "version": 237}
{"obj": {"type": "LogStrings", "path": ["monitoring", "stdout"], "values": [{"value": "\n", "step": null, "ts": 1644971013.6422029}]}, "version": 238}
{"obj": {"type": "LogFloats", "path": ["metrics", "train", "loss"], "values": [{"value": 0.02658320963382721, "step": null, "ts": 1644971019.2495968}]}, "version": 239}
{"obj": {"type": "LogFloats", "path": ["metrics", "train", "MAPE"], "values": [{"value": 0.03181806951761246, "step": null, "ts": 1644971019.2516954}]}, "version": 240}
{"obj": {"type": "LogStrings", "path": ["monitoring", "stdout"], "values": [{"value": "[25] train loss: 0.02658320963382721", "step": null, "ts": 1644971019.2549984}]}, "version": 241}
{"obj": {"type": "LogStrings", "path": ["monitoring", "stdout"], "values": [{"value": "\n", "step": null, "ts": 1644971019.258026}]}, "version": 242}
{"obj": {"type": "LogFloats", "path": ["monitoring", "cpu"], "values": [{"value": 57.0, "step": null, "ts": 1644971020.213069}]}, "version": 243}
{"obj": {"type": "LogFloats", "path": ["monitoring", "memory"], "values": [{"value": 0.9897918701171875, "step": null, "ts": 1644971020.213069}]}, "version": 244}
{"obj": {"type": "LogFloats", "path": ["metrics", "val", "loss"], "values": [{"value": 0.024840515106916428, "step": null, "ts": 1644971020.6360095}]}, "version": 245}
{"obj": {"type": "LogFloats", "path": ["metrics", "val", "MAPE"], "values": [{"value": 0.030571328476071358, "step": null, "ts": 1644971020.6374018}]}, "version": 246}
{"obj": {"type": "LogStrings", "path": ["monitoring", "stdout"], "values": [{"value": "[25] val loss: 0.024840515106916428", "step": null, "ts": 1644971020.6387715}]}, "version": 247}
{"obj": {"type": "LogStrings", "path": ["monitoring", "stdout"], "values": [{"value": "\n", "step": null, "ts": 1644971020.6400971}]}, "version": 248}
{"obj": {"type": "LogFloats", "path": ["metrics", "train", "loss"], "values": [{"value": 0.02680032141506672, "step": null, "ts": 1644971023.289525}]}, "version": 249}
{"obj": {"type": "LogFloats", "path": ["metrics", "train", "MAPE"], "values": [{"value": 0.03353072330355644, "step": null, "ts": 1644971023.2907538}]}, "version": 250}
{"obj": {"type": "LogStrings", "path": ["monitoring", "stdout"], "values": [{"value": "[26] train loss: 0.02680032141506672", "step": null, "ts": 1644971023.2918353}]}, "version": 251}
{"obj": {"type": "LogStrings", "path": ["monitoring", "stdout"], "values": [{"value": "\n", "step": null, "ts": 1644971023.2928526}]}, "version": 252}
{"obj": {"type": "LogFloats", "path": ["metrics", "val", "loss"], "values": [{"value": 0.05058370158076286, "step": null, "ts": 1644971023.6748078}]}, "version": 253}
{"obj": {"type": "LogFloats", "path": ["metrics", "val", "MAPE"], "values": [{"value": 0.04331754148006439, "step": null, "ts": 1644971023.6759064}]}, "version": 254}
{"obj": {"type": "LogStrings", "path": ["monitoring", "stdout"], "values": [{"value": "[26] val loss: 0.05058370158076286", "step": null, "ts": 1644971023.6769054}]}, "version": 255}
{"obj": {"type": "LogStrings", "path": ["monitoring", "stdout"], "values": [{"value": "\n", "step": null, "ts": 1644971023.6778424}]}, "version": 256}
