{"obj": {"type": "AssignString", "path": ["sys", "name"], "value": "Untitled"}, "version": 1}
{"obj": {"type": "AssignString", "path": ["sys", "description"], "value": ""}, "version": 2}
{"obj": {"type": "AssignString", "path": ["sys", "hostname"], "value": "DESKTOP-3318E9E"}, "version": 3}
{"obj": {"type": "AssignBool", "path": ["sys", "failed"], "value": false}, "version": 4}
{"obj": {"type": "ClearStringLog", "path": ["monitoring", "stdout"]}, "version": 5}
{"obj": {"type": "ClearStringLog", "path": ["monitoring", "stderr"]}, "version": 6}
{"obj": {"type": "AssignString", "path": ["source_code", "entrypoint"], "value": "train_hyperdist.py"}, "version": 7}
{"obj": {"type": "UploadFileSet", "path": ["source_code", "files"], "file_globs": ["/mnt/c/Users/janko/PycharmProjects/hyperbolic/src/train_hyperdist.py"], "reset": "False"}, "version": 8}
{"obj": {"type": "LogStrings", "path": ["monitoring", "stderr"], "values": [{"value": "Info (NVML): NVML Shared Library Not Found. GPU usage metrics may not be reported. For more information, see https://docs.neptune.ai/you-should-know/what-can-you-log-and-display#hardware-consumption\n", "step": null, "ts": 1644977165.7618115}]}, "version": 9}
{"obj": {"type": "ConfigFloatSeries", "path": ["monitoring", "cpu"], "min": 0.0, "max": 100.0, "unit": "%"}, "version": 10}
{"obj": {"type": "ClearFloatLog", "path": ["monitoring", "cpu"]}, "version": 11}
{"obj": {"type": "ConfigFloatSeries", "path": ["monitoring", "memory"], "min": 0.0, "max": 12.391899108886719, "unit": "GB"}, "version": 12}
{"obj": {"type": "ClearFloatLog", "path": ["monitoring", "memory"]}, "version": 13}
{"obj": {"type": "LogFloats", "path": ["monitoring", "cpu"], "values": [{"value": 21.1, "step": null, "ts": 1644977165.768798}]}, "version": 14}
{"obj": {"type": "AssignString", "path": ["config", "epochs"], "value": "2"}, "version": 15}
{"obj": {"type": "AssignString", "path": ["config", "dataset_params", "n_samples"], "value": "100000.0"}, "version": 16}
{"obj": {"type": "AssignString", "path": ["config", "dataset_params", "dim"], "value": "2"}, "version": 17}
{"obj": {"type": "AssignString", "path": ["config", "dataset_params", "eps"], "value": "0.01"}, "version": 18}
{"obj": {"type": "AssignString", "path": ["config", "dataset_params", "bs"], "value": "256"}, "version": 19}
{"obj": {"type": "AssignString", "path": ["config", "model", "name"], "value": "EuclideanFFNModel"}, "version": 20}
{"obj": {"type": "AssignString", "path": ["config", "model", "input_dim"], "value": "2"}, "version": 21}
{"obj": {"type": "AssignString", "path": ["config", "model", "hidden_dims"], "value": "[2]"}, "version": 22}
{"obj": {"type": "AssignString", "path": ["config", "model", "activations"], "value": "relu"}, "version": 23}
{"obj": {"type": "AssignString", "path": ["config", "optimizer", "name"], "value": "SGD"}, "version": 24}
{"obj": {"type": "AssignString", "path": ["config", "optimizer", "lr"], "value": "0.01"}, "version": 25}
{"obj": {"type": "AssignString", "path": ["config", "optimizer", "momentum"], "value": "0.9"}, "version": 26}
{"obj": {"type": "AssignString", "path": ["config", "scheduler", "name"], "value": "ReduceLROnPlateau"}, "version": 27}
{"obj": {"type": "AssignString", "path": ["config", "scheduler", "factor"], "value": "0.9"}, "version": 28}
{"obj": {"type": "AssignString", "path": ["config", "scheduler", "verbose"], "value": "True"}, "version": 29}
{"obj": {"type": "AssignString", "path": ["config", "scheduler", "eps"], "value": "1e-07"}, "version": 30}
{"obj": {"type": "AssignString", "path": ["config", "metrics", "loss"], "value": "MSE"}, "version": 31}
{"obj": {"type": "AssignString", "path": ["config", "metrics", "additional"], "value": "['MAPE']"}, "version": 32}
{"obj": {"type": "AssignString", "path": ["config", "neptune", "project"], "value": "jkociniak/hyperbolic-dist-pred"}, "version": 33}
{"obj": {"type": "AssignString", "path": ["config", "neptune", "api_token"], "value": "eyJhcGlfYWRkcmVzcyI6Imh0dHBzOi8vYXBwLm5lcHR1bmUuYWkiLCJhcGlfdXJsIjoiaHR0cHM6Ly9hcHAubmVwdHVuZS5haSIsImFwaV9rZXkiOiIxMmVmNjk0Yi1hMmZjLTQ3NmYtODBkZi1mZmM2NDMwNTk1ZTcifQ=="}, "version": 34}
{"obj": {"type": "LogFloats", "path": ["monitoring", "memory"], "values": [{"value": 0.4905662536621094, "step": null, "ts": 1644977165.768798}]}, "version": 35}
{"obj": {"type": "LogFloats", "path": ["metrics", "train", "loss"], "values": [{"value": 3.0146172046661377, "step": null, "ts": 1644977166.7248988}]}, "version": 36}
{"obj": {"type": "LogFloats", "path": ["metrics", "train", "MAPE"], "values": [{"value": 0.39582547545433044, "step": null, "ts": 1644977166.726017}]}, "version": 37}
{"obj": {"type": "LogStrings", "path": ["monitoring", "stdout"], "values": [{"value": "[1] train loss: 3.0146172046661377", "step": null, "ts": 1644977166.7269897}]}, "version": 38}
{"obj": {"type": "LogStrings", "path": ["monitoring", "stdout"], "values": [{"value": "\n", "step": null, "ts": 1644977166.7281542}]}, "version": 39}
{"obj": {"type": "LogFloats", "path": ["metrics", "val", "loss"], "values": [{"value": 2.720801591873169, "step": null, "ts": 1644977166.9827368}]}, "version": 40}
{"obj": {"type": "LogFloats", "path": ["metrics", "val", "MAPE"], "values": [{"value": 0.4332379102706909, "step": null, "ts": 1644977166.9838202}]}, "version": 41}
{"obj": {"type": "LogStrings", "path": ["monitoring", "stdout"], "values": [{"value": "[1] val loss: 2.720801591873169", "step": null, "ts": 1644977166.9849174}]}, "version": 42}
{"obj": {"type": "LogStrings", "path": ["monitoring", "stdout"], "values": [{"value": "\n", "step": null, "ts": 1644977166.9858463}]}, "version": 43}
{"obj": {"type": "LogFloats", "path": ["metrics", "train", "loss"], "values": [{"value": 2.70611834526062, "step": null, "ts": 1644977167.8659885}]}, "version": 44}
{"obj": {"type": "LogFloats", "path": ["metrics", "train", "MAPE"], "values": [{"value": 0.4611186981201172, "step": null, "ts": 1644977167.867196}]}, "version": 45}
{"obj": {"type": "LogStrings", "path": ["monitoring", "stdout"], "values": [{"value": "[2] train loss: 2.70611834526062", "step": null, "ts": 1644977167.868233}]}, "version": 46}
{"obj": {"type": "LogStrings", "path": ["monitoring", "stdout"], "values": [{"value": "\n", "step": null, "ts": 1644977167.869234}]}, "version": 47}
{"obj": {"type": "LogFloats", "path": ["metrics", "val", "loss"], "values": [{"value": 2.7361905574798584, "step": null, "ts": 1644977168.12903}]}, "version": 48}
{"obj": {"type": "LogFloats", "path": ["metrics", "val", "MAPE"], "values": [{"value": 0.44320282340049744, "step": null, "ts": 1644977168.1301398}]}, "version": 49}
{"obj": {"type": "LogStrings", "path": ["monitoring", "stdout"], "values": [{"value": "[2] val loss: 2.7361905574798584", "step": null, "ts": 1644977168.1311324}]}, "version": 50}
{"obj": {"type": "LogStrings", "path": ["monitoring", "stdout"], "values": [{"value": "\n", "step": null, "ts": 1644977168.1320467}]}, "version": 51}
{"obj": {"type": "LogStrings", "path": ["monitoring", "stdout"], "values": [{"value": "Training finished", "step": null, "ts": 1644977168.1330352}]}, "version": 52}
{"obj": {"type": "LogStrings", "path": ["monitoring", "stdout"], "values": [{"value": "\n", "step": null, "ts": 1644977168.1339774}]}, "version": 53}
{"obj": {"type": "LogStrings", "path": ["monitoring", "stdout"], "values": [{"value": "", "step": null, "ts": 1644977168.134881}]}, "version": 54}
{"obj": {"type": "LogStrings", "path": ["monitoring", "stdout"], "values": [{"value": "Shutting down background jobs, please wait a moment...\n", "step": null, "ts": 1644977168.1358466}]}, "version": 55}
