{"obj": {"type": "AssignString", "path": ["sys", "name"], "value": "Untitled"}, "version": 1}
{"obj": {"type": "AssignString", "path": ["sys", "description"], "value": ""}, "version": 2}
{"obj": {"type": "AssignString", "path": ["sys", "hostname"], "value": "DESKTOP-3318E9E"}, "version": 3}
{"obj": {"type": "AssignBool", "path": ["sys", "failed"], "value": false}, "version": 4}
{"obj": {"type": "ClearStringLog", "path": ["monitoring", "stdout"]}, "version": 5}
{"obj": {"type": "ClearStringLog", "path": ["monitoring", "stderr"]}, "version": 6}
{"obj": {"type": "AssignString", "path": ["source_code", "entrypoint"], "value": "train_hyperdist.py"}, "version": 7}
{"obj": {"type": "UploadFileSet", "path": ["source_code", "files"], "file_globs": ["/mnt/c/Users/janko/PycharmProjects/hyperbolic/src/train_hyperdist.py"], "reset": "False"}, "version": 8}
{"obj": {"type": "LogStrings", "path": ["monitoring", "stderr"], "values": [{"value": "Info (NVML): NVML Shared Library Not Found. GPU usage metrics may not be reported. For more information, see https://docs.neptune.ai/you-should-know/what-can-you-log-and-display#hardware-consumption\n", "step": null, "ts": 1644942738.7139988}]}, "version": 9}
{"obj": {"type": "ConfigFloatSeries", "path": ["monitoring", "cpu"], "min": 0.0, "max": 100.0, "unit": "%"}, "version": 10}
{"obj": {"type": "ClearFloatLog", "path": ["monitoring", "cpu"]}, "version": 11}
{"obj": {"type": "ConfigFloatSeries", "path": ["monitoring", "memory"], "min": 0.0, "max": 12.391899108886719, "unit": "GB"}, "version": 12}
{"obj": {"type": "ClearFloatLog", "path": ["monitoring", "memory"]}, "version": 13}
{"obj": {"type": "LogFloats", "path": ["monitoring", "cpu"], "values": [{"value": 15.3, "step": null, "ts": 1644942738.7205908}]}, "version": 14}
{"obj": {"type": "AssignInt", "path": ["config", "epochs"], "value": 300}, "version": 15}
{"obj": {"type": "AssignFloat", "path": ["config", "dataset_params", "n_samples"], "value": 10000.0}, "version": 16}
{"obj": {"type": "AssignInt", "path": ["config", "dataset_params", "dim"], "value": 8}, "version": 17}
{"obj": {"type": "AssignFloat", "path": ["config", "dataset_params", "eps"], "value": 0.01}, "version": 18}
{"obj": {"type": "AssignInt", "path": ["config", "dataset_params", "bs"], "value": 256}, "version": 19}
{"obj": {"type": "AssignString", "path": ["config", "model", "name"], "value": "EncoderHeadModel"}, "version": 20}
{"obj": {"type": "AssignString", "path": ["config", "model", "encoder", "name"], "value": "EuclideanFFNEncoder"}, "version": 21}
{"obj": {"type": "AssignInt", "path": ["config", "model", "encoder", "io_dim"], "value": 8}, "version": 22}
{"obj": {"type": "AssignInt", "path": ["config", "model", "encoder", "clipping_r"], "value": 9}, "version": 23}
{"obj": {"type": "AssignString", "path": ["config", "model", "encoder", "hidden_dims"], "value": "[128, 256, 256, 128]"}, "version": 24}
{"obj": {"type": "AssignString", "path": ["config", "model", "encoder", "activations"], "value": "relu"}, "version": 25}
{"obj": {"type": "AssignBool", "path": ["config", "model", "encoder", "batch_norm"], "value": true}, "version": 26}
{"obj": {"type": "AssignString", "path": ["config", "model", "head", "name"], "value": "EuclideanFFN"}, "version": 27}
{"obj": {"type": "AssignInt", "path": ["config", "model", "head", "input_dim"], "value": 8}, "version": 28}
{"obj": {"type": "AssignString", "path": ["config", "model", "head", "hidden_dims"], "value": "[64, 64]"}, "version": 29}
{"obj": {"type": "AssignString", "path": ["config", "model", "head", "activations"], "value": "relu"}, "version": 30}
{"obj": {"type": "AssignInt", "path": ["config", "model", "head", "output_dim"], "value": 1}, "version": 31}
{"obj": {"type": "AssignBool", "path": ["config", "model", "head", "batch_norm"], "value": true}, "version": 32}
{"obj": {"type": "AssignString", "path": ["config", "optimizer", "name"], "value": "SGD"}, "version": 33}
{"obj": {"type": "AssignFloat", "path": ["config", "optimizer", "lr"], "value": 0.01}, "version": 34}
{"obj": {"type": "AssignFloat", "path": ["config", "optimizer", "momentum"], "value": 0.9}, "version": 35}
{"obj": {"type": "AssignString", "path": ["config", "scheduler", "name"], "value": "None"}, "version": 36}
{"obj": {"type": "AssignString", "path": ["config", "metrics", "loss"], "value": "MSE"}, "version": 37}
{"obj": {"type": "AssignString", "path": ["config", "metrics", "additional"], "value": "['MAPE']"}, "version": 38}
{"obj": {"type": "AssignString", "path": ["config", "neptune", "project"], "value": "jkociniak/hyperbolic-dist-pred"}, "version": 39}
{"obj": {"type": "AssignString", "path": ["config", "neptune", "api_token"], "value": "eyJhcGlfYWRkcmVzcyI6Imh0dHBzOi8vYXBwLm5lcHR1bmUuYWkiLCJhcGlfdXJsIjoiaHR0cHM6Ly9hcHAubmVwdHVuZS5haSIsImFwaV9rZXkiOiIxMmVmNjk0Yi1hMmZjLTQ3NmYtODBkZi1mZmM2NDMwNTk1ZTcifQ=="}, "version": 40}
{"obj": {"type": "LogFloats", "path": ["monitoring", "memory"], "values": [{"value": 0.47487640380859375, "step": null, "ts": 1644942738.7205908}]}, "version": 41}
{"obj": {"type": "LogStrings", "path": ["monitoring", "stdout"], "values": [{"value": "torch.float32", "step": null, "ts": 1644942738.8450513}]}, "version": 42}
{"obj": {"type": "LogStrings", "path": ["monitoring", "stdout"], "values": [{"value": "\n", "step": null, "ts": 1644942738.846491}]}, "version": 43}
{"obj": {"type": "LogStrings", "path": ["monitoring", "traceback"], "values": [{"value": "An uncaught exception occurred while run was active on worker DESKTOP-3318E9E.", "step": null, "ts": 1644942738.8733668}, {"value": "Marking run as failed", "step": null, "ts": 1644942738.8733668}, {"value": "Traceback:", "step": null, "ts": 1644942738.8733668}, {"value": "  File \"/mnt/c/Users/janko/PycharmProjects/hyperbolic/src/train_hyperdist.py\", line 12, in <module>\n    run_training(config)\n", "step": null, "ts": 1644942738.8733668}, {"value": "  File \"/mnt/c/Users/janko/PycharmProjects/hyperbolic/src/hyperdist/config.py\", line 19, in run_training\n    train_loop(run,\n", "step": null, "ts": 1644942738.8733668}, {"value": "  File \"/mnt/c/Users/janko/PycharmProjects/hyperbolic/src/hyperdist/loops.py\", line 7, in train_loop\n    train_loss, train_metrics = train(model, criterion, metrics_dict, optimizer, train_loader)\n", "step": null, "ts": 1644942738.8733668}, {"value": "  File \"/mnt/c/Users/janko/PycharmProjects/hyperbolic/src/hyperdist/loops.py\", line 45, in train\n    loss.backward()\n", "step": null, "ts": 1644942738.8733668}, {"value": "  File \"/home/janko/venvs/dist_pred_linux/lib/python3.8/site-packages/torch/_tensor.py\", line 307, in backward\n    torch.autograd.backward(self, gradient, retain_graph, create_graph, inputs=inputs)\n", "step": null, "ts": 1644942738.8733668}, {"value": "  File \"/home/janko/venvs/dist_pred_linux/lib/python3.8/site-packages/torch/autograd/__init__.py\", line 154, in backward\n    Variable._execution_engine.run_backward(\n", "step": null, "ts": 1644942738.8733668}, {"value": "Found dtype Double but expected Float", "step": null, "ts": 1644942738.8733668}]}, "version": 44}
{"obj": {"type": "AssignBool", "path": ["sys", "failed"], "value": true}, "version": 45}
{"obj": {"type": "LogStrings", "path": ["monitoring", "stderr"], "values": [{"value": "Traceback (most recent call last):\n", "step": null, "ts": 1644942738.8753273}]}, "version": 46}
{"obj": {"type": "LogStrings", "path": ["monitoring", "stderr"], "values": [{"value": "  File \"/mnt/c/Users/janko/PycharmProjects/hyperbolic/src/train_hyperdist.py\", line 12, in <module>\n", "step": null, "ts": 1644942738.8762496}]}, "version": 47}
{"obj": {"type": "LogStrings", "path": ["monitoring", "stderr"], "values": [{"value": "    ", "step": null, "ts": 1644942738.8785012}]}, "version": 48}
{"obj": {"type": "LogStrings", "path": ["monitoring", "stderr"], "values": [{"value": "run_training(config)", "step": null, "ts": 1644942738.8794107}]}, "version": 49}
{"obj": {"type": "LogStrings", "path": ["monitoring", "stderr"], "values": [{"value": "\n", "step": null, "ts": 1644942738.880373}]}, "version": 50}
{"obj": {"type": "LogStrings", "path": ["monitoring", "stderr"], "values": [{"value": "  File \"/mnt/c/Users/janko/PycharmProjects/hyperbolic/src/hyperdist/config.py\", line 19, in run_training\n", "step": null, "ts": 1644942738.881275}]}, "version": 51}
{"obj": {"type": "LogStrings", "path": ["monitoring", "stderr"], "values": [{"value": "    ", "step": null, "ts": 1644942738.8840957}]}, "version": 52}
{"obj": {"type": "LogStrings", "path": ["monitoring", "stderr"], "values": [{"value": "train_loop(run,", "step": null, "ts": 1644942738.8849854}]}, "version": 53}
{"obj": {"type": "LogStrings", "path": ["monitoring", "stderr"], "values": [{"value": "\n", "step": null, "ts": 1644942738.886032}]}, "version": 54}
{"obj": {"type": "LogStrings", "path": ["monitoring", "stderr"], "values": [{"value": "  File \"/mnt/c/Users/janko/PycharmProjects/hyperbolic/src/hyperdist/loops.py\", line 7, in train_loop\n", "step": null, "ts": 1644942738.8869836}]}, "version": 55}
{"obj": {"type": "LogStrings", "path": ["monitoring", "stderr"], "values": [{"value": "    ", "step": null, "ts": 1644942738.8900442}]}, "version": 56}
{"obj": {"type": "LogStrings", "path": ["monitoring", "stderr"], "values": [{"value": "train_loss, train_metrics = train(model, criterion, metrics_dict, optimizer, train_loader)", "step": null, "ts": 1644942738.891009}]}, "version": 57}
{"obj": {"type": "LogStrings", "path": ["monitoring", "stderr"], "values": [{"value": "\n", "step": null, "ts": 1644942738.8918917}]}, "version": 58}
{"obj": {"type": "LogStrings", "path": ["monitoring", "stderr"], "values": [{"value": "  File \"/mnt/c/Users/janko/PycharmProjects/hyperbolic/src/hyperdist/loops.py\", line 45, in train\n", "step": null, "ts": 1644942738.8927803}]}, "version": 59}
{"obj": {"type": "LogStrings", "path": ["monitoring", "stderr"], "values": [{"value": "    ", "step": null, "ts": 1644942738.895493}]}, "version": 60}
{"obj": {"type": "LogStrings", "path": ["monitoring", "stderr"], "values": [{"value": "loss.backward()", "step": null, "ts": 1644942738.8963904}]}, "version": 61}
{"obj": {"type": "LogStrings", "path": ["monitoring", "stderr"], "values": [{"value": "\n", "step": null, "ts": 1644942738.8972805}]}, "version": 62}
{"obj": {"type": "LogStrings", "path": ["monitoring", "stderr"], "values": [{"value": "  File \"/home/janko/venvs/dist_pred_linux/lib/python3.8/site-packages/torch/_tensor.py\", line 307, in backward\n", "step": null, "ts": 1644942738.8982053}]}, "version": 63}
{"obj": {"type": "LogStrings", "path": ["monitoring", "stderr"], "values": [{"value": "    ", "step": null, "ts": 1644942738.8992195}]}, "version": 64}
{"obj": {"type": "LogStrings", "path": ["monitoring", "stderr"], "values": [{"value": "torch.autograd.backward(self, gradient, retain_graph, create_graph, inputs=inputs)", "step": null, "ts": 1644942738.9000955}]}, "version": 65}
{"obj": {"type": "LogStrings", "path": ["monitoring", "stderr"], "values": [{"value": "\n", "step": null, "ts": 1644942738.9010403}]}, "version": 66}
{"obj": {"type": "LogStrings", "path": ["monitoring", "stderr"], "values": [{"value": "  File \"/home/janko/venvs/dist_pred_linux/lib/python3.8/site-packages/torch/autograd/__init__.py\", line 154, in backward\n", "step": null, "ts": 1644942738.901931}]}, "version": 67}
{"obj": {"type": "LogStrings", "path": ["monitoring", "stderr"], "values": [{"value": "    ", "step": null, "ts": 1644942738.9032576}]}, "version": 68}
{"obj": {"type": "LogStrings", "path": ["monitoring", "stderr"], "values": [{"value": "Variable._execution_engine.run_backward(", "step": null, "ts": 1644942738.904256}]}, "version": 69}
{"obj": {"type": "LogStrings", "path": ["monitoring", "stderr"], "values": [{"value": "\n", "step": null, "ts": 1644942738.905174}]}, "version": 70}
{"obj": {"type": "LogStrings", "path": ["monitoring", "stderr"], "values": [{"value": "RuntimeError", "step": null, "ts": 1644942738.9060793}]}, "version": 71}
{"obj": {"type": "LogStrings", "path": ["monitoring", "stderr"], "values": [{"value": ": ", "step": null, "ts": 1644942738.9069993}]}, "version": 72}
{"obj": {"type": "LogStrings", "path": ["monitoring", "stderr"], "values": [{"value": "Found dtype Double but expected Float", "step": null, "ts": 1644942738.9078739}]}, "version": 73}
{"obj": {"type": "LogStrings", "path": ["monitoring", "stderr"], "values": [{"value": "\n", "step": null, "ts": 1644942738.9087694}]}, "version": 74}
{"obj": {"type": "LogStrings", "path": ["monitoring", "stdout"], "values": [{"value": "", "step": null, "ts": 1644942738.9097095}]}, "version": 75}
{"obj": {"type": "LogStrings", "path": ["monitoring", "stdout"], "values": [{"value": "Shutting down background jobs, please wait a moment...\n", "step": null, "ts": 1644942738.9107008}]}, "version": 76}
