{"obj": {"type": "AssignString", "path": ["sys", "name"], "value": "Untitled"}, "version": 1}
{"obj": {"type": "AssignString", "path": ["sys", "description"], "value": ""}, "version": 2}
{"obj": {"type": "AssignString", "path": ["sys", "hostname"], "value": "DESKTOP-3318E9E"}, "version": 3}
{"obj": {"type": "AssignBool", "path": ["sys", "failed"], "value": false}, "version": 4}
{"obj": {"type": "ClearStringLog", "path": ["monitoring", "stdout"]}, "version": 5}
{"obj": {"type": "ClearStringLog", "path": ["monitoring", "stderr"]}, "version": 6}
{"obj": {"type": "AssignString", "path": ["source_code", "entrypoint"], "value": "train_hyperdist.py"}, "version": 7}
{"obj": {"type": "UploadFileSet", "path": ["source_code", "files"], "file_globs": ["/mnt/c/Users/janko/PycharmProjects/hyperbolic/src/train_hyperdist.py"], "reset": "False"}, "version": 8}
{"obj": {"type": "LogStrings", "path": ["monitoring", "stderr"], "values": [{"value": "Info (NVML): NVML Shared Library Not Found. GPU usage metrics may not be reported. For more information, see https://docs.neptune.ai/you-should-know/what-can-you-log-and-display#hardware-consumption\n", "step": null, "ts": 1644943665.5889058}]}, "version": 9}
{"obj": {"type": "ConfigFloatSeries", "path": ["monitoring", "cpu"], "min": 0.0, "max": 100.0, "unit": "%"}, "version": 10}
{"obj": {"type": "ClearFloatLog", "path": ["monitoring", "cpu"]}, "version": 11}
{"obj": {"type": "ConfigFloatSeries", "path": ["monitoring", "memory"], "min": 0.0, "max": 12.391899108886719, "unit": "GB"}, "version": 12}
{"obj": {"type": "ClearFloatLog", "path": ["monitoring", "memory"]}, "version": 13}
{"obj": {"type": "LogFloats", "path": ["monitoring", "cpu"], "values": [{"value": 24.6, "step": null, "ts": 1644943665.595838}]}, "version": 14}
{"obj": {"type": "AssignInt", "path": ["config", "epochs"], "value": 300}, "version": 15}
{"obj": {"type": "AssignFloat", "path": ["config", "dataset_params", "n_samples"], "value": 1000000.0}, "version": 16}
{"obj": {"type": "AssignInt", "path": ["config", "dataset_params", "dim"], "value": 2}, "version": 17}
{"obj": {"type": "AssignFloat", "path": ["config", "dataset_params", "eps"], "value": 0.01}, "version": 18}
{"obj": {"type": "AssignInt", "path": ["config", "dataset_params", "bs"], "value": 256}, "version": 19}
{"obj": {"type": "AssignString", "path": ["config", "model", "name"], "value": "EncoderHeadModel"}, "version": 20}
{"obj": {"type": "AssignString", "path": ["config", "model", "encoder", "name"], "value": "EuclideanFFNEncoder"}, "version": 21}
{"obj": {"type": "AssignInt", "path": ["config", "model", "encoder", "io_dim"], "value": 8}, "version": 22}
{"obj": {"type": "AssignInt", "path": ["config", "model", "encoder", "clipping_r"], "value": 9}, "version": 23}
{"obj": {"type": "AssignString", "path": ["config", "model", "encoder", "hidden_dims"], "value": "[128, 256, 256, 128]"}, "version": 24}
{"obj": {"type": "AssignString", "path": ["config", "model", "encoder", "activations"], "value": "relu"}, "version": 25}
{"obj": {"type": "AssignBool", "path": ["config", "model", "encoder", "batch_norm"], "value": true}, "version": 26}
{"obj": {"type": "AssignString", "path": ["config", "model", "head", "name"], "value": "EuclideanFFN"}, "version": 27}
{"obj": {"type": "AssignInt", "path": ["config", "model", "head", "input_dim"], "value": 8}, "version": 28}
{"obj": {"type": "AssignString", "path": ["config", "model", "head", "hidden_dims"], "value": "[64, 64]"}, "version": 29}
{"obj": {"type": "AssignString", "path": ["config", "model", "head", "activations"], "value": "relu"}, "version": 30}
{"obj": {"type": "AssignInt", "path": ["config", "model", "head", "output_dim"], "value": 1}, "version": 31}
{"obj": {"type": "AssignBool", "path": ["config", "model", "head", "batch_norm"], "value": true}, "version": 32}
{"obj": {"type": "AssignString", "path": ["config", "optimizer", "name"], "value": "SGD"}, "version": 33}
{"obj": {"type": "AssignFloat", "path": ["config", "optimizer", "lr"], "value": 0.01}, "version": 34}
{"obj": {"type": "AssignFloat", "path": ["config", "optimizer", "momentum"], "value": 0.9}, "version": 35}
{"obj": {"type": "AssignString", "path": ["config", "scheduler", "name"], "value": "None"}, "version": 36}
{"obj": {"type": "AssignString", "path": ["config", "metrics", "loss"], "value": "MSE"}, "version": 37}
{"obj": {"type": "AssignString", "path": ["config", "metrics", "additional"], "value": "['MAPE']"}, "version": 38}
{"obj": {"type": "AssignString", "path": ["config", "neptune", "project"], "value": "jkociniak/hyperbolic-dist-pred"}, "version": 39}
{"obj": {"type": "AssignString", "path": ["config", "neptune", "api_token"], "value": "eyJhcGlfYWRkcmVzcyI6Imh0dHBzOi8vYXBwLm5lcHR1bmUuYWkiLCJhcGlfdXJsIjoiaHR0cHM6Ly9hcHAubmVwdHVuZS5haSIsImFwaV9rZXkiOiIxMmVmNjk0Yi1hMmZjLTQ3NmYtODBkZi1mZmM2NDMwNTk1ZTcifQ=="}, "version": 40}
{"obj": {"type": "LogFloats", "path": ["monitoring", "memory"], "values": [{"value": 0.51776123046875, "step": null, "ts": 1644943665.595838}]}, "version": 41}
{"obj": {"type": "LogStrings", "path": ["monitoring", "traceback"], "values": [{"value": "An uncaught exception occurred while run was active on worker DESKTOP-3318E9E.", "step": null, "ts": 1644943665.812291}, {"value": "Marking run as failed", "step": null, "ts": 1644943665.812291}, {"value": "Traceback:", "step": null, "ts": 1644943665.812291}, {"value": "  File \"/mnt/c/Users/janko/PycharmProjects/hyperbolic/src/train_hyperdist.py\", line 13, in <module>\n    run_training(config)\n", "step": null, "ts": 1644943665.812291}, {"value": "  File \"/mnt/c/Users/janko/PycharmProjects/hyperbolic/src/hyperdist/config.py\", line 19, in run_training\n    train_loop(run,\n", "step": null, "ts": 1644943665.812291}, {"value": "  File \"/mnt/c/Users/janko/PycharmProjects/hyperbolic/src/hyperdist/loops.py\", line 7, in train_loop\n    train_loss, train_metrics = train(model, criterion, metrics_dict, optimizer, train_loader)\n", "step": null, "ts": 1644943665.812291}, {"value": "  File \"/mnt/c/Users/janko/PycharmProjects/hyperbolic/src/hyperdist/loops.py\", line 36, in train\n    dist_pred = model(x1, x2)\n", "step": null, "ts": 1644943665.812291}, {"value": "  File \"/home/janko/venvs/dist_pred_linux/lib/python3.8/site-packages/torch/nn/modules/module.py\", line 1102, in _call_impl\n    return forward_call(*input, **kwargs)\n", "step": null, "ts": 1644943665.812291}, {"value": "  File \"/mnt/c/Users/janko/PycharmProjects/hyperbolic/src/hyperdist/models.py\", line 51, in forward\n    embeddings = self.encoder(x1, x2)\n", "step": null, "ts": 1644943665.812291}, {"value": "  File \"/home/janko/venvs/dist_pred_linux/lib/python3.8/site-packages/torch/nn/modules/module.py\", line 1102, in _call_impl\n    return forward_call(*input, **kwargs)\n", "step": null, "ts": 1644943665.812291}]}, "version": 42}
{"obj": {"type": "LogStrings", "path": ["monitoring", "traceback"], "values": [{"value": "  File \"/mnt/c/Users/janko/PycharmProjects/hyperbolic/src/hyperdist/models.py\", line 79, in forward\n    x = self.concat_layer(x)\n", "step": null, "ts": 1644943665.812291}, {"value": "  File \"/home/janko/venvs/dist_pred_linux/lib/python3.8/site-packages/torch/nn/modules/module.py\", line 1102, in _call_impl\n    return forward_call(*input, **kwargs)\n", "step": null, "ts": 1644943665.812291}, {"value": "  File \"/home/janko/venvs/dist_pred_linux/lib/python3.8/site-packages/torch/nn/modules/linear.py\", line 103, in forward\n    return F.linear(input, self.weight, self.bias)\n", "step": null, "ts": 1644943665.812291}, {"value": "  File \"/home/janko/venvs/dist_pred_linux/lib/python3.8/site-packages/torch/nn/functional.py\", line 1848, in linear\n    return torch._C._nn.linear(input, weight, bias)\n", "step": null, "ts": 1644943665.812291}, {"value": "mat1 and mat2 shapes cannot be multiplied (256x4 and 16x128)", "step": null, "ts": 1644943665.812291}]}, "version": 43}
{"obj": {"type": "AssignBool", "path": ["sys", "failed"], "value": true}, "version": 44}
{"obj": {"type": "LogStrings", "path": ["monitoring", "stderr"], "values": [{"value": "Traceback (most recent call last):\n", "step": null, "ts": 1644943665.8184557}]}, "version": 45}
{"obj": {"type": "LogStrings", "path": ["monitoring", "stderr"], "values": [{"value": "  File \"/mnt/c/Users/janko/PycharmProjects/hyperbolic/src/train_hyperdist.py\", line 13, in <module>\n", "step": null, "ts": 1644943665.8198872}]}, "version": 46}
{"obj": {"type": "LogStrings", "path": ["monitoring", "stderr"], "values": [{"value": "    ", "step": null, "ts": 1644943665.8238864}]}, "version": 47}
{"obj": {"type": "LogStrings", "path": ["monitoring", "stderr"], "values": [{"value": "run_training(config)", "step": null, "ts": 1644943665.8250632}]}, "version": 48}
{"obj": {"type": "LogStrings", "path": ["monitoring", "stderr"], "values": [{"value": "\n", "step": null, "ts": 1644943665.8263593}]}, "version": 49}
{"obj": {"type": "LogStrings", "path": ["monitoring", "stderr"], "values": [{"value": "  File \"/mnt/c/Users/janko/PycharmProjects/hyperbolic/src/hyperdist/config.py\", line 19, in run_training\n", "step": null, "ts": 1644943665.8279493}]}, "version": 50}
{"obj": {"type": "LogStrings", "path": ["monitoring", "stderr"], "values": [{"value": "    ", "step": null, "ts": 1644943665.8317668}]}, "version": 51}
{"obj": {"type": "LogStrings", "path": ["monitoring", "stderr"], "values": [{"value": "train_loop(run,", "step": null, "ts": 1644943665.832807}]}, "version": 52}
{"obj": {"type": "LogStrings", "path": ["monitoring", "stderr"], "values": [{"value": "\n", "step": null, "ts": 1644943665.833845}]}, "version": 53}
{"obj": {"type": "LogStrings", "path": ["monitoring", "stderr"], "values": [{"value": "  File \"/mnt/c/Users/janko/PycharmProjects/hyperbolic/src/hyperdist/loops.py\", line 7, in train_loop\n", "step": null, "ts": 1644943665.8348637}]}, "version": 54}
{"obj": {"type": "LogStrings", "path": ["monitoring", "stderr"], "values": [{"value": "    ", "step": null, "ts": 1644943665.8377063}]}, "version": 55}
{"obj": {"type": "LogStrings", "path": ["monitoring", "stderr"], "values": [{"value": "train_loss, train_metrics = train(model, criterion, metrics_dict, optimizer, train_loader)", "step": null, "ts": 1644943665.838588}]}, "version": 56}
{"obj": {"type": "LogStrings", "path": ["monitoring", "stderr"], "values": [{"value": "\n", "step": null, "ts": 1644943665.8394432}]}, "version": 57}
{"obj": {"type": "LogStrings", "path": ["monitoring", "stderr"], "values": [{"value": "  File \"/mnt/c/Users/janko/PycharmProjects/hyperbolic/src/hyperdist/loops.py\", line 36, in train\n", "step": null, "ts": 1644943665.840359}]}, "version": 58}
{"obj": {"type": "LogStrings", "path": ["monitoring", "stderr"], "values": [{"value": "    ", "step": null, "ts": 1644943665.8432345}]}, "version": 59}
{"obj": {"type": "LogStrings", "path": ["monitoring", "stderr"], "values": [{"value": "dist_pred = model(x1, x2)", "step": null, "ts": 1644943665.8441348}]}, "version": 60}
{"obj": {"type": "LogStrings", "path": ["monitoring", "stderr"], "values": [{"value": "\n", "step": null, "ts": 1644943665.8449886}]}, "version": 61}
{"obj": {"type": "LogStrings", "path": ["monitoring", "stderr"], "values": [{"value": "  File \"/home/janko/venvs/dist_pred_linux/lib/python3.8/site-packages/torch/nn/modules/module.py\", line 1102, in _call_impl\n", "step": null, "ts": 1644943665.845851}]}, "version": 62}
{"obj": {"type": "LogStrings", "path": ["monitoring", "stderr"], "values": [{"value": "    ", "step": null, "ts": 1644943665.8469758}]}, "version": 63}
{"obj": {"type": "LogStrings", "path": ["monitoring", "stderr"], "values": [{"value": "return forward_call(*input, **kwargs)", "step": null, "ts": 1644943665.8478796}]}, "version": 64}
{"obj": {"type": "LogStrings", "path": ["monitoring", "stderr"], "values": [{"value": "\n", "step": null, "ts": 1644943665.8487215}]}, "version": 65}
{"obj": {"type": "LogStrings", "path": ["monitoring", "stderr"], "values": [{"value": "  File \"/mnt/c/Users/janko/PycharmProjects/hyperbolic/src/hyperdist/models.py\", line 51, in forward\n", "step": null, "ts": 1644943665.849591}]}, "version": 66}
{"obj": {"type": "LogStrings", "path": ["monitoring", "stderr"], "values": [{"value": "    ", "step": null, "ts": 1644943665.8527198}]}, "version": 67}
{"obj": {"type": "LogStrings", "path": ["monitoring", "stderr"], "values": [{"value": "embeddings = self.encoder(x1, x2)", "step": null, "ts": 1644943665.8536203}]}, "version": 68}
{"obj": {"type": "LogStrings", "path": ["monitoring", "stderr"], "values": [{"value": "\n", "step": null, "ts": 1644943665.8544724}]}, "version": 69}
{"obj": {"type": "LogStrings", "path": ["monitoring", "stderr"], "values": [{"value": "  File \"/home/janko/venvs/dist_pred_linux/lib/python3.8/site-packages/torch/nn/modules/module.py\", line 1102, in _call_impl\n", "step": null, "ts": 1644943665.8553257}]}, "version": 70}
{"obj": {"type": "LogStrings", "path": ["monitoring", "stderr"], "values": [{"value": "    ", "step": null, "ts": 1644943665.8564615}]}, "version": 71}
{"obj": {"type": "LogStrings", "path": ["monitoring", "stderr"], "values": [{"value": "return forward_call(*input, **kwargs)", "step": null, "ts": 1644943665.8573418}]}, "version": 72}
{"obj": {"type": "LogStrings", "path": ["monitoring", "stderr"], "values": [{"value": "\n", "step": null, "ts": 1644943665.858219}]}, "version": 73}
{"obj": {"type": "LogStrings", "path": ["monitoring", "stderr"], "values": [{"value": "  File \"/mnt/c/Users/janko/PycharmProjects/hyperbolic/src/hyperdist/models.py\", line 79, in forward\n", "step": null, "ts": 1644943665.8591862}]}, "version": 74}
{"obj": {"type": "LogStrings", "path": ["monitoring", "stderr"], "values": [{"value": "    ", "step": null, "ts": 1644943665.861995}]}, "version": 75}
{"obj": {"type": "LogStrings", "path": ["monitoring", "stderr"], "values": [{"value": "x = self.concat_layer(x)", "step": null, "ts": 1644943665.8628445}]}, "version": 76}
{"obj": {"type": "LogStrings", "path": ["monitoring", "stderr"], "values": [{"value": "\n", "step": null, "ts": 1644943665.8636866}]}, "version": 77}
{"obj": {"type": "LogStrings", "path": ["monitoring", "stderr"], "values": [{"value": "  File \"/home/janko/venvs/dist_pred_linux/lib/python3.8/site-packages/torch/nn/modules/module.py\", line 1102, in _call_impl\n", "step": null, "ts": 1644943665.8645568}]}, "version": 78}
{"obj": {"type": "LogStrings", "path": ["monitoring", "stderr"], "values": [{"value": "    ", "step": null, "ts": 1644943665.8656313}]}, "version": 79}
{"obj": {"type": "LogStrings", "path": ["monitoring", "stderr"], "values": [{"value": "return forward_call(*input, **kwargs)", "step": null, "ts": 1644943665.8665254}]}, "version": 80}
{"obj": {"type": "LogStrings", "path": ["monitoring", "stderr"], "values": [{"value": "\n", "step": null, "ts": 1644943665.8673604}]}, "version": 81}
{"obj": {"type": "LogStrings", "path": ["monitoring", "stderr"], "values": [{"value": "  File \"/home/janko/venvs/dist_pred_linux/lib/python3.8/site-packages/torch/nn/modules/linear.py\", line 103, in forward\n", "step": null, "ts": 1644943665.868233}]}, "version": 82}
{"obj": {"type": "LogStrings", "path": ["monitoring", "stderr"], "values": [{"value": "    ", "step": null, "ts": 1644943665.8691971}]}, "version": 83}
{"obj": {"type": "LogStrings", "path": ["monitoring", "stderr"], "values": [{"value": "return F.linear(input, self.weight, self.bias)", "step": null, "ts": 1644943665.8700778}]}, "version": 84}
{"obj": {"type": "LogStrings", "path": ["monitoring", "stderr"], "values": [{"value": "\n", "step": null, "ts": 1644943665.8709266}]}, "version": 85}
{"obj": {"type": "LogStrings", "path": ["monitoring", "stderr"], "values": [{"value": "  File \"/home/janko/venvs/dist_pred_linux/lib/python3.8/site-packages/torch/nn/functional.py\", line 1848, in linear\n", "step": null, "ts": 1644943665.8717942}]}, "version": 86}
{"obj": {"type": "LogStrings", "path": ["monitoring", "stderr"], "values": [{"value": "    ", "step": null, "ts": 1644943665.8729439}]}, "version": 87}
{"obj": {"type": "LogStrings", "path": ["monitoring", "stderr"], "values": [{"value": "return torch._C._nn.linear(input, weight, bias)", "step": null, "ts": 1644943665.8740194}]}, "version": 88}
{"obj": {"type": "LogStrings", "path": ["monitoring", "stderr"], "values": [{"value": "\n", "step": null, "ts": 1644943665.874919}]}, "version": 89}
{"obj": {"type": "LogStrings", "path": ["monitoring", "stderr"], "values": [{"value": "RuntimeError", "step": null, "ts": 1644943665.8757846}]}, "version": 90}
{"obj": {"type": "LogStrings", "path": ["monitoring", "stderr"], "values": [{"value": ": ", "step": null, "ts": 1644943665.8766246}]}, "version": 91}
{"obj": {"type": "LogStrings", "path": ["monitoring", "stderr"], "values": [{"value": "mat1 and mat2 shapes cannot be multiplied (256x4 and 16x128)", "step": null, "ts": 1644943665.8775597}]}, "version": 92}
{"obj": {"type": "LogStrings", "path": ["monitoring", "stderr"], "values": [{"value": "\n", "step": null, "ts": 1644943665.8784502}]}, "version": 93}
{"obj": {"type": "LogStrings", "path": ["monitoring", "stdout"], "values": [{"value": "", "step": null, "ts": 1644943665.879357}]}, "version": 94}
{"obj": {"type": "LogStrings", "path": ["monitoring", "stdout"], "values": [{"value": "Shutting down background jobs, please wait a moment...\n", "step": null, "ts": 1644943665.8804917}]}, "version": 95}
