{"obj": {"type": "AssignString", "path": ["sys", "name"], "value": "Untitled"}, "version": 1}
{"obj": {"type": "AssignString", "path": ["sys", "description"], "value": ""}, "version": 2}
{"obj": {"type": "AssignString", "path": ["sys", "hostname"], "value": "DESKTOP-3318E9E"}, "version": 3}
{"obj": {"type": "AssignBool", "path": ["sys", "failed"], "value": false}, "version": 4}
{"obj": {"type": "ClearStringLog", "path": ["monitoring", "stdout"]}, "version": 5}
{"obj": {"type": "ClearStringLog", "path": ["monitoring", "stderr"]}, "version": 6}
{"obj": {"type": "AssignString", "path": ["source_code", "entrypoint"], "value": "train_hyperdist.py"}, "version": 7}
{"obj": {"type": "UploadFileSet", "path": ["source_code", "files"], "file_globs": ["/mnt/c/Users/janko/PycharmProjects/hyperbolic/src/train_hyperdist.py"], "reset": "False"}, "version": 8}
{"obj": {"type": "LogStrings", "path": ["monitoring", "stderr"], "values": [{"value": "Info (NVML): NVML Shared Library Not Found. GPU usage metrics may not be reported. For more information, see https://docs.neptune.ai/you-should-know/what-can-you-log-and-display#hardware-consumption\n", "step": null, "ts": 1644970709.365681}]}, "version": 9}
{"obj": {"type": "ConfigFloatSeries", "path": ["monitoring", "cpu"], "min": 0.0, "max": 100.0, "unit": "%"}, "version": 10}
{"obj": {"type": "ClearFloatLog", "path": ["monitoring", "cpu"]}, "version": 11}
{"obj": {"type": "ConfigFloatSeries", "path": ["monitoring", "memory"], "min": 0.0, "max": 12.391899108886719, "unit": "GB"}, "version": 12}
{"obj": {"type": "ClearFloatLog", "path": ["monitoring", "memory"]}, "version": 13}
{"obj": {"type": "LogFloats", "path": ["monitoring", "cpu"], "values": [{"value": 21.3, "step": null, "ts": 1644970709.3727033}]}, "version": 14}
{"obj": {"type": "AssignString", "path": ["config", "epochs"], "value": "150"}, "version": 15}
{"obj": {"type": "AssignString", "path": ["config", "dataset_params", "n_samples"], "value": "100000.0"}, "version": 16}
{"obj": {"type": "AssignString", "path": ["config", "dataset_params", "dim"], "value": "2"}, "version": 17}
{"obj": {"type": "AssignString", "path": ["config", "dataset_params", "eps"], "value": "0.01"}, "version": 18}
{"obj": {"type": "AssignString", "path": ["config", "dataset_params", "bs"], "value": "256"}, "version": 19}
{"obj": {"type": "AssignString", "path": ["config", "model", "name"], "value": "EuclideanFFNModel"}, "version": 20}
{"obj": {"type": "AssignString", "path": ["config", "model", "input_dim"], "value": "2"}, "version": 21}
{"obj": {"type": "AssignString", "path": ["config", "model", "hidden_dims"], "value": "[256, 256, 256, 256]"}, "version": 22}
{"obj": {"type": "AssignString", "path": ["config", "model", "activations"], "value": "relu"}, "version": 23}
{"obj": {"type": "AssignString", "path": ["config", "optimizer", "name"], "value": "SGD"}, "version": 24}
{"obj": {"type": "AssignString", "path": ["config", "optimizer", "lr"], "value": "0.01"}, "version": 25}
{"obj": {"type": "AssignString", "path": ["config", "optimizer", "momentum"], "value": "0.9"}, "version": 26}
{"obj": {"type": "AssignString", "path": ["config", "scheduler", "name"], "value": "None"}, "version": 27}
{"obj": {"type": "AssignString", "path": ["config", "metrics", "loss"], "value": "MSE"}, "version": 28}
{"obj": {"type": "AssignString", "path": ["config", "metrics", "additional"], "value": "['MAPE']"}, "version": 29}
{"obj": {"type": "AssignString", "path": ["config", "neptune", "project"], "value": "jkociniak/hyperbolic-dist-pred"}, "version": 30}
{"obj": {"type": "AssignString", "path": ["config", "neptune", "api_token"], "value": "eyJhcGlfYWRkcmVzcyI6Imh0dHBzOi8vYXBwLm5lcHR1bmUuYWkiLCJhcGlfdXJsIjoiaHR0cHM6Ly9hcHAubmVwdHVuZS5haSIsImFwaV9rZXkiOiIxMmVmNjk0Yi1hMmZjLTQ3NmYtODBkZi1mZmM2NDMwNTk1ZTcifQ=="}, "version": 31}
{"obj": {"type": "LogFloats", "path": ["monitoring", "memory"], "values": [{"value": 0.4929466247558594, "step": null, "ts": 1644970709.3727033}]}, "version": 32}
{"obj": {"type": "LogFloats", "path": ["metrics", "train", "loss"], "values": [{"value": 0.8690026998519897, "step": null, "ts": 1644970711.829302}]}, "version": 33}
{"obj": {"type": "LogFloats", "path": ["metrics", "train", "MAPE"], "values": [{"value": 0.10167847573757172, "step": null, "ts": 1644970711.830477}]}, "version": 34}
{"obj": {"type": "LogStrings", "path": ["monitoring", "stdout"], "values": [{"value": "[1] train loss: 0.8690026998519897", "step": null, "ts": 1644970711.8315659}]}, "version": 35}
{"obj": {"type": "LogStrings", "path": ["monitoring", "stdout"], "values": [{"value": "\n", "step": null, "ts": 1644970711.8326156}]}, "version": 36}
{"obj": {"type": "LogFloats", "path": ["metrics", "val", "loss"], "values": [{"value": 0.18517756462097168, "step": null, "ts": 1644970712.228784}]}, "version": 37}
{"obj": {"type": "LogFloats", "path": ["metrics", "val", "MAPE"], "values": [{"value": 0.09468551725149155, "step": null, "ts": 1644970712.2299874}]}, "version": 38}
{"obj": {"type": "LogStrings", "path": ["monitoring", "stdout"], "values": [{"value": "[1] val loss: 0.18517756462097168", "step": null, "ts": 1644970712.2311387}]}, "version": 39}
{"obj": {"type": "LogStrings", "path": ["monitoring", "stdout"], "values": [{"value": "\n", "step": null, "ts": 1644970712.232109}]}, "version": 40}
{"obj": {"type": "LogFloats", "path": ["metrics", "train", "loss"], "values": [{"value": 0.15321123600006104, "step": null, "ts": 1644970714.6502974}]}, "version": 41}
{"obj": {"type": "LogFloats", "path": ["metrics", "train", "MAPE"], "values": [{"value": 0.09379064291715622, "step": null, "ts": 1644970714.6515503}]}, "version": 42}
{"obj": {"type": "LogStrings", "path": ["monitoring", "stdout"], "values": [{"value": "[2] train loss: 0.15321123600006104", "step": null, "ts": 1644970714.6526313}]}, "version": 43}
{"obj": {"type": "LogStrings", "path": ["monitoring", "stdout"], "values": [{"value": "\n", "step": null, "ts": 1644970714.6537483}]}, "version": 44}
{"obj": {"type": "LogFloats", "path": ["metrics", "val", "loss"], "values": [{"value": 0.12020082026720047, "step": null, "ts": 1644970715.0305734}]}, "version": 45}
{"obj": {"type": "LogFloats", "path": ["metrics", "val", "MAPE"], "values": [{"value": 0.07019537687301636, "step": null, "ts": 1644970715.0317202}]}, "version": 46}
{"obj": {"type": "LogStrings", "path": ["monitoring", "stdout"], "values": [{"value": "[2] val loss: 0.12020082026720047", "step": null, "ts": 1644970715.032857}]}, "version": 47}
{"obj": {"type": "LogStrings", "path": ["monitoring", "stdout"], "values": [{"value": "\n", "step": null, "ts": 1644970715.0338764}]}, "version": 48}
{"obj": {"type": "LogFloats", "path": ["metrics", "train", "loss"], "values": [{"value": 0.109527088701725, "step": null, "ts": 1644970717.7433565}]}, "version": 49}
{"obj": {"type": "LogFloats", "path": ["metrics", "train", "MAPE"], "values": [{"value": 0.07341832667589188, "step": null, "ts": 1644970717.7445297}]}, "version": 50}
{"obj": {"type": "LogStrings", "path": ["monitoring", "stdout"], "values": [{"value": "[3] train loss: 0.109527088701725", "step": null, "ts": 1644970717.7455506}]}, "version": 51}
{"obj": {"type": "LogStrings", "path": ["monitoring", "stdout"], "values": [{"value": "\n", "step": null, "ts": 1644970717.746634}]}, "version": 52}
{"obj": {"type": "LogFloats", "path": ["metrics", "val", "loss"], "values": [{"value": 0.0783127024769783, "step": null, "ts": 1644970718.3453655}]}, "version": 53}
{"obj": {"type": "LogFloats", "path": ["metrics", "val", "MAPE"], "values": [{"value": 0.0582430399954319, "step": null, "ts": 1644970718.347109}]}, "version": 54}
{"obj": {"type": "LogStrings", "path": ["monitoring", "stdout"], "values": [{"value": "[3] val loss: 0.0783127024769783", "step": null, "ts": 1644970718.3486576}]}, "version": 55}
{"obj": {"type": "LogStrings", "path": ["monitoring", "stdout"], "values": [{"value": "\n", "step": null, "ts": 1644970718.3502662}]}, "version": 56}
{"obj": {"type": "LogFloats", "path": ["monitoring", "cpu"], "values": [{"value": 60.3, "step": null, "ts": 1644970719.403225}]}, "version": 57}
{"obj": {"type": "LogFloats", "path": ["monitoring", "memory"], "values": [{"value": 1.0667457580566406, "step": null, "ts": 1644970719.403225}]}, "version": 58}
{"obj": {"type": "LogFloats", "path": ["metrics", "train", "loss"], "values": [{"value": 0.07928121834993362, "step": null, "ts": 1644970721.8115928}]}, "version": 59}
{"obj": {"type": "LogFloats", "path": ["metrics", "train", "MAPE"], "values": [{"value": 0.04926285147666931, "step": null, "ts": 1644970721.8126612}]}, "version": 60}
{"obj": {"type": "LogStrings", "path": ["monitoring", "stdout"], "values": [{"value": "[4] train loss: 0.07928121834993362", "step": null, "ts": 1644970721.8136466}]}, "version": 61}
{"obj": {"type": "LogStrings", "path": ["monitoring", "stdout"], "values": [{"value": "\n", "step": null, "ts": 1644970721.8145392}]}, "version": 62}
{"obj": {"type": "LogFloats", "path": ["metrics", "val", "loss"], "values": [{"value": 0.09287650883197784, "step": null, "ts": 1644970722.213444}]}, "version": 63}
{"obj": {"type": "LogFloats", "path": ["metrics", "val", "MAPE"], "values": [{"value": 0.07627484947443008, "step": null, "ts": 1644970722.2145462}]}, "version": 64}
{"obj": {"type": "LogStrings", "path": ["monitoring", "stdout"], "values": [{"value": "[4] val loss: 0.09287650883197784", "step": null, "ts": 1644970722.2155702}]}, "version": 65}
{"obj": {"type": "LogStrings", "path": ["monitoring", "stdout"], "values": [{"value": "\n", "step": null, "ts": 1644970722.2164822}]}, "version": 66}
{"obj": {"type": "LogFloats", "path": ["metrics", "train", "loss"], "values": [{"value": 0.08052053302526474, "step": null, "ts": 1644970724.6327422}]}, "version": 67}
{"obj": {"type": "LogFloats", "path": ["metrics", "train", "MAPE"], "values": [{"value": 0.06917457282543182, "step": null, "ts": 1644970724.6339095}]}, "version": 68}
{"obj": {"type": "LogStrings", "path": ["monitoring", "stdout"], "values": [{"value": "[5] train loss: 0.08052053302526474", "step": null, "ts": 1644970724.634958}]}, "version": 69}
{"obj": {"type": "LogStrings", "path": ["monitoring", "stdout"], "values": [{"value": "\n", "step": null, "ts": 1644970724.6359932}]}, "version": 70}
{"obj": {"type": "LogFloats", "path": ["metrics", "val", "loss"], "values": [{"value": 0.07628826051950455, "step": null, "ts": 1644970725.010577}]}, "version": 71}
{"obj": {"type": "LogFloats", "path": ["metrics", "val", "MAPE"], "values": [{"value": 0.06070199981331825, "step": null, "ts": 1644970725.0117612}]}, "version": 72}
{"obj": {"type": "LogStrings", "path": ["monitoring", "stdout"], "values": [{"value": "[5] val loss: 0.07628826051950455", "step": null, "ts": 1644970725.01288}]}, "version": 73}
{"obj": {"type": "LogStrings", "path": ["monitoring", "stdout"], "values": [{"value": "\n", "step": null, "ts": 1644970725.0138905}]}, "version": 74}
{"obj": {"type": "LogFloats", "path": ["metrics", "train", "loss"], "values": [{"value": 0.07221019268035889, "step": null, "ts": 1644970727.7237718}]}, "version": 75}
{"obj": {"type": "LogFloats", "path": ["metrics", "train", "MAPE"], "values": [{"value": 0.06145935133099556, "step": null, "ts": 1644970727.7249432}]}, "version": 76}
{"obj": {"type": "LogStrings", "path": ["monitoring", "stdout"], "values": [{"value": "[6] train loss: 0.07221019268035889", "step": null, "ts": 1644970727.7259622}]}, "version": 77}
{"obj": {"type": "LogStrings", "path": ["monitoring", "stdout"], "values": [{"value": "\n", "step": null, "ts": 1644970727.7269392}]}, "version": 78}
{"obj": {"type": "LogFloats", "path": ["metrics", "val", "loss"], "values": [{"value": 0.10367201268672943, "step": null, "ts": 1644970728.2255678}]}, "version": 79}
{"obj": {"type": "LogFloats", "path": ["metrics", "val", "MAPE"], "values": [{"value": 0.06597088277339935, "step": null, "ts": 1644970728.226741}]}, "version": 80}
{"obj": {"type": "LogStrings", "path": ["monitoring", "stdout"], "values": [{"value": "[6] val loss: 0.10367201268672943", "step": null, "ts": 1644970728.2278118}]}, "version": 81}
{"obj": {"type": "LogStrings", "path": ["monitoring", "stdout"], "values": [{"value": "\n", "step": null, "ts": 1644970728.228809}]}, "version": 82}
{"obj": {"type": "LogFloats", "path": ["monitoring", "cpu"], "values": [{"value": 59.9, "step": null, "ts": 1644970729.4521463}]}, "version": 83}
{"obj": {"type": "LogFloats", "path": ["monitoring", "memory"], "values": [{"value": 0.8908004760742188, "step": null, "ts": 1644970729.4521463}]}, "version": 84}
{"obj": {"type": "LogFloats", "path": ["metrics", "train", "loss"], "values": [{"value": 0.06297196447849274, "step": null, "ts": 1644970730.764601}]}, "version": 85}
{"obj": {"type": "LogFloats", "path": ["metrics", "train", "MAPE"], "values": [{"value": 0.04079689830541611, "step": null, "ts": 1644970730.765633}]}, "version": 86}
{"obj": {"type": "LogStrings", "path": ["monitoring", "stdout"], "values": [{"value": "[7] train loss: 0.06297196447849274", "step": null, "ts": 1644970730.7666302}]}, "version": 87}
{"obj": {"type": "LogStrings", "path": ["monitoring", "stdout"], "values": [{"value": "\n", "step": null, "ts": 1644970730.7675867}]}, "version": 88}
{"obj": {"type": "LogFloats", "path": ["metrics", "val", "loss"], "values": [{"value": 0.05030586197972298, "step": null, "ts": 1644970731.2030606}]}, "version": 89}
{"obj": {"type": "LogFloats", "path": ["metrics", "val", "MAPE"], "values": [{"value": 0.044369328767061234, "step": null, "ts": 1644970731.2041638}]}, "version": 90}
{"obj": {"type": "LogStrings", "path": ["monitoring", "stdout"], "values": [{"value": "[7] val loss: 0.05030586197972298", "step": null, "ts": 1644970731.205194}]}, "version": 91}
{"obj": {"type": "LogStrings", "path": ["monitoring", "stdout"], "values": [{"value": "\n", "step": null, "ts": 1644970731.2062159}]}, "version": 92}
{"obj": {"type": "LogFloats", "path": ["metrics", "train", "loss"], "values": [{"value": 0.05325068160891533, "step": null, "ts": 1644970734.8715296}]}, "version": 93}
{"obj": {"type": "LogFloats", "path": ["metrics", "train", "MAPE"], "values": [{"value": 0.04449770972132683, "step": null, "ts": 1644970734.8742085}]}, "version": 94}
{"obj": {"type": "LogStrings", "path": ["monitoring", "stdout"], "values": [{"value": "[8] train loss: 0.05325068160891533", "step": null, "ts": 1644970734.8760698}]}, "version": 95}
{"obj": {"type": "LogStrings", "path": ["monitoring", "stdout"], "values": [{"value": "\n", "step": null, "ts": 1644970734.880128}]}, "version": 96}
{"obj": {"type": "LogFloats", "path": ["metrics", "val", "loss"], "values": [{"value": 0.04208841547369957, "step": null, "ts": 1644970735.419994}]}, "version": 97}
{"obj": {"type": "LogFloats", "path": ["metrics", "val", "MAPE"], "values": [{"value": 0.03873785585165024, "step": null, "ts": 1644970735.4211872}]}, "version": 98}
{"obj": {"type": "LogStrings", "path": ["monitoring", "stdout"], "values": [{"value": "[8] val loss: 0.04208841547369957", "step": null, "ts": 1644970735.422279}]}, "version": 99}
{"obj": {"type": "LogStrings", "path": ["monitoring", "stdout"], "values": [{"value": "\n", "step": null, "ts": 1644970735.4233556}]}, "version": 100}
{"obj": {"type": "LogFloats", "path": ["metrics", "train", "loss"], "values": [{"value": 0.05639328062534332, "step": null, "ts": 1644970738.0900254}]}, "version": 101}
{"obj": {"type": "LogFloats", "path": ["metrics", "train", "MAPE"], "values": [{"value": 0.05227535963058472, "step": null, "ts": 1644970738.0911748}]}, "version": 102}
{"obj": {"type": "LogStrings", "path": ["monitoring", "stdout"], "values": [{"value": "[9] train loss: 0.05639328062534332", "step": null, "ts": 1644970738.0922432}]}, "version": 103}
{"obj": {"type": "LogStrings", "path": ["monitoring", "stdout"], "values": [{"value": "\n", "step": null, "ts": 1644970738.0932717}]}, "version": 104}
{"obj": {"type": "LogFloats", "path": ["metrics", "val", "loss"], "values": [{"value": 0.0632452443242073, "step": null, "ts": 1644970738.4609308}]}, "version": 105}
{"obj": {"type": "LogFloats", "path": ["metrics", "val", "MAPE"], "values": [{"value": 0.04972375929355621, "step": null, "ts": 1644970738.4621773}]}, "version": 106}
{"obj": {"type": "LogStrings", "path": ["monitoring", "stdout"], "values": [{"value": "[9] val loss: 0.0632452443242073", "step": null, "ts": 1644970738.46328}]}, "version": 107}
{"obj": {"type": "LogStrings", "path": ["monitoring", "stdout"], "values": [{"value": "\n", "step": null, "ts": 1644970738.4642768}]}, "version": 108}
{"obj": {"type": "LogFloats", "path": ["monitoring", "cpu"], "values": [{"value": 59.3, "step": null, "ts": 1644970739.4571252}]}, "version": 109}
{"obj": {"type": "LogFloats", "path": ["monitoring", "memory"], "values": [{"value": 0.8374061584472656, "step": null, "ts": 1644970739.4571252}]}, "version": 110}
{"obj": {"type": "LogFloats", "path": ["metrics", "train", "loss"], "values": [{"value": 0.052166592329740524, "step": null, "ts": 1644970741.014991}]}, "version": 111}
{"obj": {"type": "LogFloats", "path": ["metrics", "train", "MAPE"], "values": [{"value": 0.04545481130480766, "step": null, "ts": 1644970741.016272}]}, "version": 112}
{"obj": {"type": "LogStrings", "path": ["monitoring", "stdout"], "values": [{"value": "[10] train loss: 0.052166592329740524", "step": null, "ts": 1644970741.0175889}]}, "version": 113}
{"obj": {"type": "LogStrings", "path": ["monitoring", "stdout"], "values": [{"value": "\n", "step": null, "ts": 1644970741.0188708}]}, "version": 114}
{"obj": {"type": "LogFloats", "path": ["metrics", "val", "loss"], "values": [{"value": 0.04383578151464462, "step": null, "ts": 1644970741.390053}]}, "version": 115}
{"obj": {"type": "LogFloats", "path": ["metrics", "val", "MAPE"], "values": [{"value": 0.0371817983686924, "step": null, "ts": 1644970741.3911269}]}, "version": 116}
{"obj": {"type": "LogStrings", "path": ["monitoring", "stdout"], "values": [{"value": "[10] val loss: 0.04383578151464462", "step": null, "ts": 1644970741.3920965}]}, "version": 117}
{"obj": {"type": "LogStrings", "path": ["monitoring", "stdout"], "values": [{"value": "\n", "step": null, "ts": 1644970741.3931231}]}, "version": 118}
{"obj": {"type": "LogFloats", "path": ["metrics", "train", "loss"], "values": [{"value": 0.05170373246073723, "step": null, "ts": 1644970743.787276}]}, "version": 119}
{"obj": {"type": "LogFloats", "path": ["metrics", "train", "MAPE"], "values": [{"value": 0.03592431917786598, "step": null, "ts": 1644970743.7883413}]}, "version": 120}
{"obj": {"type": "LogStrings", "path": ["monitoring", "stdout"], "values": [{"value": "[11] train loss: 0.05170373246073723", "step": null, "ts": 1644970743.78931}]}, "version": 121}
{"obj": {"type": "LogStrings", "path": ["monitoring", "stdout"], "values": [{"value": "\n", "step": null, "ts": 1644970743.790207}]}, "version": 122}
{"obj": {"type": "LogFloats", "path": ["metrics", "val", "loss"], "values": [{"value": 0.035818424075841904, "step": null, "ts": 1644970744.1921306}]}, "version": 123}
{"obj": {"type": "LogFloats", "path": ["metrics", "val", "MAPE"], "values": [{"value": 0.03404713794589043, "step": null, "ts": 1644970744.1933727}]}, "version": 124}
{"obj": {"type": "LogStrings", "path": ["monitoring", "stdout"], "values": [{"value": "[11] val loss: 0.035818424075841904", "step": null, "ts": 1644970744.194439}]}, "version": 125}
{"obj": {"type": "LogStrings", "path": ["monitoring", "stdout"], "values": [{"value": "\n", "step": null, "ts": 1644970744.1954434}]}, "version": 126}
{"obj": {"type": "LogFloats", "path": ["metrics", "train", "loss"], "values": [{"value": 0.047144968062639236, "step": null, "ts": 1644970746.6382668}]}, "version": 127}
{"obj": {"type": "LogFloats", "path": ["metrics", "train", "MAPE"], "values": [{"value": 0.039610642939805984, "step": null, "ts": 1644970746.6394382}]}, "version": 128}
{"obj": {"type": "LogStrings", "path": ["monitoring", "stdout"], "values": [{"value": "[12] train loss: 0.047144968062639236", "step": null, "ts": 1644970746.6405194}]}, "version": 129}
{"obj": {"type": "LogStrings", "path": ["monitoring", "stdout"], "values": [{"value": "\n", "step": null, "ts": 1644970746.641561}]}, "version": 130}
{"obj": {"type": "LogFloats", "path": ["metrics", "val", "loss"], "values": [{"value": 0.04858090728521347, "step": null, "ts": 1644970747.0253232}]}, "version": 131}
{"obj": {"type": "LogFloats", "path": ["metrics", "val", "MAPE"], "values": [{"value": 0.04916498437523842, "step": null, "ts": 1644970747.0263877}]}, "version": 132}
{"obj": {"type": "LogStrings", "path": ["monitoring", "stdout"], "values": [{"value": "[12] val loss: 0.04858090728521347", "step": null, "ts": 1644970747.0274816}]}, "version": 133}
{"obj": {"type": "LogStrings", "path": ["monitoring", "stdout"], "values": [{"value": "\n", "step": null, "ts": 1644970747.0284545}]}, "version": 134}
{"obj": {"type": "LogFloats", "path": ["metrics", "train", "loss"], "values": [{"value": 0.04199359193444252, "step": null, "ts": 1644970749.4297786}]}, "version": 135}
{"obj": {"type": "LogFloats", "path": ["metrics", "train", "MAPE"], "values": [{"value": 0.04675055667757988, "step": null, "ts": 1644970749.431}]}, "version": 136}
{"obj": {"type": "LogStrings", "path": ["monitoring", "stdout"], "values": [{"value": "[13] train loss: 0.04199359193444252", "step": null, "ts": 1644970749.4321861}]}, "version": 137}
{"obj": {"type": "LogStrings", "path": ["monitoring", "stdout"], "values": [{"value": "\n", "step": null, "ts": 1644970749.43328}]}, "version": 138}
{"obj": {"type": "LogFloats", "path": ["monitoring", "cpu"], "values": [{"value": 60.4, "step": null, "ts": 1644970749.4624782}]}, "version": 139}
{"obj": {"type": "LogFloats", "path": ["monitoring", "memory"], "values": [{"value": 0.6820220947265625, "step": null, "ts": 1644970749.4624782}]}, "version": 140}
{"obj": {"type": "LogFloats", "path": ["metrics", "val", "loss"], "values": [{"value": 0.03584033250808716, "step": null, "ts": 1644970749.8449237}]}, "version": 141}
{"obj": {"type": "LogFloats", "path": ["metrics", "val", "MAPE"], "values": [{"value": 0.03875845670700073, "step": null, "ts": 1644970749.8460033}]}, "version": 142}
{"obj": {"type": "LogStrings", "path": ["monitoring", "stdout"], "values": [{"value": "[13] val loss: 0.03584033250808716", "step": null, "ts": 1644970749.8471632}]}, "version": 143}
{"obj": {"type": "LogStrings", "path": ["monitoring", "stdout"], "values": [{"value": "\n", "step": null, "ts": 1644970749.848609}]}, "version": 144}
{"obj": {"type": "LogFloats", "path": ["metrics", "train", "loss"], "values": [{"value": 0.04124743863940239, "step": null, "ts": 1644970752.2941751}]}, "version": 145}
{"obj": {"type": "LogFloats", "path": ["metrics", "train", "MAPE"], "values": [{"value": 0.032273150980472565, "step": null, "ts": 1644970752.2953234}]}, "version": 146}
{"obj": {"type": "LogStrings", "path": ["monitoring", "stdout"], "values": [{"value": "[14] train loss: 0.04124743863940239", "step": null, "ts": 1644970752.296367}]}, "version": 147}
{"obj": {"type": "LogStrings", "path": ["monitoring", "stdout"], "values": [{"value": "\n", "step": null, "ts": 1644970752.3005364}]}, "version": 148}
{"obj": {"type": "LogFloats", "path": ["metrics", "val", "loss"], "values": [{"value": 0.05815139040350914, "step": null, "ts": 1644970752.694428}]}, "version": 149}
{"obj": {"type": "LogFloats", "path": ["metrics", "val", "MAPE"], "values": [{"value": 0.06375475227832794, "step": null, "ts": 1644970752.695659}]}, "version": 150}
{"obj": {"type": "LogStrings", "path": ["monitoring", "stdout"], "values": [{"value": "[14] val loss: 0.05815139040350914", "step": null, "ts": 1644970752.6967118}]}, "version": 151}
{"obj": {"type": "LogStrings", "path": ["monitoring", "stdout"], "values": [{"value": "\n", "step": null, "ts": 1644970752.6976957}]}, "version": 152}
{"obj": {"type": "LogFloats", "path": ["metrics", "train", "loss"], "values": [{"value": 0.03774934634566307, "step": null, "ts": 1644970755.3006368}]}, "version": 153}
{"obj": {"type": "LogFloats", "path": ["metrics", "train", "MAPE"], "values": [{"value": 0.031487975269556046, "step": null, "ts": 1644970755.301881}]}, "version": 154}
{"obj": {"type": "LogStrings", "path": ["monitoring", "stdout"], "values": [{"value": "[15] train loss: 0.03774934634566307", "step": null, "ts": 1644970755.3029573}]}, "version": 155}
{"obj": {"type": "LogStrings", "path": ["monitoring", "stdout"], "values": [{"value": "\n", "step": null, "ts": 1644970755.3040495}]}, "version": 156}
{"obj": {"type": "LogFloats", "path": ["metrics", "val", "loss"], "values": [{"value": 0.04872805252671242, "step": null, "ts": 1644970755.7126205}]}, "version": 157}
{"obj": {"type": "LogFloats", "path": ["metrics", "val", "MAPE"], "values": [{"value": 0.0411546528339386, "step": null, "ts": 1644970755.713895}]}, "version": 158}
{"obj": {"type": "LogStrings", "path": ["monitoring", "stdout"], "values": [{"value": "[15] val loss: 0.04872805252671242", "step": null, "ts": 1644970755.7149677}]}, "version": 159}
{"obj": {"type": "LogStrings", "path": ["monitoring", "stdout"], "values": [{"value": "\n", "step": null, "ts": 1644970755.7159793}]}, "version": 160}
{"obj": {"type": "LogFloats", "path": ["metrics", "train", "loss"], "values": [{"value": 0.03642480447888374, "step": null, "ts": 1644970758.378884}]}, "version": 161}
{"obj": {"type": "LogFloats", "path": ["metrics", "train", "MAPE"], "values": [{"value": 0.04572686553001404, "step": null, "ts": 1644970758.3800263}]}, "version": 162}
{"obj": {"type": "LogStrings", "path": ["monitoring", "stdout"], "values": [{"value": "[16] train loss: 0.03642480447888374", "step": null, "ts": 1644970758.3810325}]}, "version": 163}
{"obj": {"type": "LogStrings", "path": ["monitoring", "stdout"], "values": [{"value": "\n", "step": null, "ts": 1644970758.382013}]}, "version": 164}
{"obj": {"type": "LogFloats", "path": ["metrics", "val", "loss"], "values": [{"value": 0.04026009887456894, "step": null, "ts": 1644970758.7653239}]}, "version": 165}
{"obj": {"type": "LogFloats", "path": ["metrics", "val", "MAPE"], "values": [{"value": 0.03720172867178917, "step": null, "ts": 1644970758.766625}]}, "version": 166}
{"obj": {"type": "LogStrings", "path": ["monitoring", "stdout"], "values": [{"value": "[16] val loss: 0.04026009887456894", "step": null, "ts": 1644970758.7677567}]}, "version": 167}
{"obj": {"type": "LogStrings", "path": ["monitoring", "stdout"], "values": [{"value": "\n", "step": null, "ts": 1644970758.7688317}]}, "version": 168}
{"obj": {"type": "LogFloats", "path": ["monitoring", "cpu"], "values": [{"value": 60.6, "step": null, "ts": 1644970759.4662554}]}, "version": 169}
{"obj": {"type": "LogFloats", "path": ["monitoring", "memory"], "values": [{"value": 0.8014030456542969, "step": null, "ts": 1644970759.4662554}]}, "version": 170}
{"obj": {"type": "LogFloats", "path": ["metrics", "train", "loss"], "values": [{"value": 0.03383802995085716, "step": null, "ts": 1644970761.338945}]}, "version": 171}
{"obj": {"type": "LogFloats", "path": ["metrics", "train", "MAPE"], "values": [{"value": 0.031870629638433456, "step": null, "ts": 1644970761.3400285}]}, "version": 172}
{"obj": {"type": "LogStrings", "path": ["monitoring", "stdout"], "values": [{"value": "[17] train loss: 0.03383802995085716", "step": null, "ts": 1644970761.341078}]}, "version": 173}
{"obj": {"type": "LogStrings", "path": ["monitoring", "stdout"], "values": [{"value": "\n", "step": null, "ts": 1644970761.3420773}]}, "version": 174}
{"obj": {"type": "LogFloats", "path": ["metrics", "val", "loss"], "values": [{"value": 0.038718633353710175, "step": null, "ts": 1644970761.7358057}]}, "version": 175}
{"obj": {"type": "LogFloats", "path": ["metrics", "val", "MAPE"], "values": [{"value": 0.0407748781144619, "step": null, "ts": 1644970761.7369893}]}, "version": 176}
{"obj": {"type": "LogStrings", "path": ["monitoring", "stdout"], "values": [{"value": "[17] val loss: 0.038718633353710175", "step": null, "ts": 1644970761.7380114}]}, "version": 177}
{"obj": {"type": "LogStrings", "path": ["monitoring", "stdout"], "values": [{"value": "\n", "step": null, "ts": 1644970761.7390208}]}, "version": 178}
{"obj": {"type": "LogFloats", "path": ["metrics", "train", "loss"], "values": [{"value": 0.03602469712495804, "step": null, "ts": 1644970764.3830595}]}, "version": 179}
{"obj": {"type": "LogFloats", "path": ["metrics", "train", "MAPE"], "values": [{"value": 0.049241963773965836, "step": null, "ts": 1644970764.3841639}]}, "version": 180}
{"obj": {"type": "LogStrings", "path": ["monitoring", "stdout"], "values": [{"value": "[18] train loss: 0.03602469712495804", "step": null, "ts": 1644970764.3852575}]}, "version": 181}
{"obj": {"type": "LogStrings", "path": ["monitoring", "stdout"], "values": [{"value": "\n", "step": null, "ts": 1644970764.3862865}]}, "version": 182}
{"obj": {"type": "LogFloats", "path": ["metrics", "val", "loss"], "values": [{"value": 0.042104076594114304, "step": null, "ts": 1644970764.8469563}]}, "version": 183}
{"obj": {"type": "LogFloats", "path": ["metrics", "val", "MAPE"], "values": [{"value": 0.043463632464408875, "step": null, "ts": 1644970764.8488846}]}, "version": 184}
{"obj": {"type": "LogStrings", "path": ["monitoring", "stdout"], "values": [{"value": "[18] val loss: 0.042104076594114304", "step": null, "ts": 1644970764.8509822}]}, "version": 185}
{"obj": {"type": "LogStrings", "path": ["monitoring", "stdout"], "values": [{"value": "\n", "step": null, "ts": 1644970764.8520205}]}, "version": 186}
{"obj": {"type": "LogFloats", "path": ["metrics", "train", "loss"], "values": [{"value": 0.032031722366809845, "step": null, "ts": 1644970767.395772}]}, "version": 187}
{"obj": {"type": "LogFloats", "path": ["metrics", "train", "MAPE"], "values": [{"value": 0.028023838996887207, "step": null, "ts": 1644970767.3971887}]}, "version": 188}
{"obj": {"type": "LogStrings", "path": ["monitoring", "stdout"], "values": [{"value": "[19] train loss: 0.032031722366809845", "step": null, "ts": 1644970767.3983588}]}, "version": 189}
{"obj": {"type": "LogStrings", "path": ["monitoring", "stdout"], "values": [{"value": "\n", "step": null, "ts": 1644970767.399552}]}, "version": 190}
{"obj": {"type": "LogFloats", "path": ["metrics", "val", "loss"], "values": [{"value": 0.02417348138988018, "step": null, "ts": 1644970767.7924259}]}, "version": 191}
{"obj": {"type": "LogFloats", "path": ["metrics", "val", "MAPE"], "values": [{"value": 0.026727141812443733, "step": null, "ts": 1644970767.7936397}]}, "version": 192}
{"obj": {"type": "LogStrings", "path": ["monitoring", "stdout"], "values": [{"value": "[19] val loss: 0.02417348138988018", "step": null, "ts": 1644970767.7946916}]}, "version": 193}
{"obj": {"type": "LogStrings", "path": ["monitoring", "stdout"], "values": [{"value": "\n", "step": null, "ts": 1644970767.7956696}]}, "version": 194}
{"obj": {"type": "LogFloats", "path": ["monitoring", "cpu"], "values": [{"value": 60.1, "step": null, "ts": 1644970769.4719257}]}, "version": 195}
{"obj": {"type": "LogFloats", "path": ["monitoring", "memory"], "values": [{"value": 1.0068511962890625, "step": null, "ts": 1644970769.4719257}]}, "version": 196}
{"obj": {"type": "LogFloats", "path": ["metrics", "train", "loss"], "values": [{"value": 0.02942665107548237, "step": null, "ts": 1644970770.2192588}]}, "version": 197}
{"obj": {"type": "LogFloats", "path": ["metrics", "train", "MAPE"], "values": [{"value": 0.028928009793162346, "step": null, "ts": 1644970770.2203624}]}, "version": 198}
{"obj": {"type": "LogStrings", "path": ["monitoring", "stdout"], "values": [{"value": "[20] train loss: 0.02942665107548237", "step": null, "ts": 1644970770.2214067}]}, "version": 199}
{"obj": {"type": "LogStrings", "path": ["monitoring", "stdout"], "values": [{"value": "\n", "step": null, "ts": 1644970770.2223916}]}, "version": 200}
{"obj": {"type": "LogFloats", "path": ["metrics", "val", "loss"], "values": [{"value": 0.024448329582810402, "step": null, "ts": 1644970770.59836}]}, "version": 201}
{"obj": {"type": "LogFloats", "path": ["metrics", "val", "MAPE"], "values": [{"value": 0.0315200574696064, "step": null, "ts": 1644970770.599474}]}, "version": 202}
{"obj": {"type": "LogStrings", "path": ["monitoring", "stdout"], "values": [{"value": "[20] val loss: 0.024448329582810402", "step": null, "ts": 1644970770.600496}]}, "version": 203}
{"obj": {"type": "LogStrings", "path": ["monitoring", "stdout"], "values": [{"value": "\n", "step": null, "ts": 1644970770.6013901}]}, "version": 204}
{"obj": {"type": "LogFloats", "path": ["metrics", "train", "loss"], "values": [{"value": 0.030481213703751564, "step": null, "ts": 1644970773.0075765}]}, "version": 205}
{"obj": {"type": "LogFloats", "path": ["metrics", "train", "MAPE"], "values": [{"value": 0.03184192627668381, "step": null, "ts": 1644970773.0086653}]}, "version": 206}
{"obj": {"type": "LogStrings", "path": ["monitoring", "stdout"], "values": [{"value": "[21] train loss: 0.030481213703751564", "step": null, "ts": 1644970773.009598}]}, "version": 207}
{"obj": {"type": "LogStrings", "path": ["monitoring", "stdout"], "values": [{"value": "\n", "step": null, "ts": 1644970773.0104806}]}, "version": 208}
{"obj": {"type": "LogFloats", "path": ["metrics", "val", "loss"], "values": [{"value": 0.043081607669591904, "step": null, "ts": 1644970773.387313}]}, "version": 209}
{"obj": {"type": "LogFloats", "path": ["metrics", "val", "MAPE"], "values": [{"value": 0.040655914694070816, "step": null, "ts": 1644970773.3885}]}, "version": 210}
{"obj": {"type": "LogStrings", "path": ["monitoring", "stdout"], "values": [{"value": "[21] val loss: 0.043081607669591904", "step": null, "ts": 1644970773.389557}]}, "version": 211}
{"obj": {"type": "LogStrings", "path": ["monitoring", "stdout"], "values": [{"value": "\n", "step": null, "ts": 1644970773.3905792}]}, "version": 212}
{"obj": {"type": "LogFloats", "path": ["metrics", "train", "loss"], "values": [{"value": 0.033034078776836395, "step": null, "ts": 1644970775.8118258}]}, "version": 213}
{"obj": {"type": "LogFloats", "path": ["metrics", "train", "MAPE"], "values": [{"value": 0.02427729032933712, "step": null, "ts": 1644970775.813086}]}, "version": 214}
{"obj": {"type": "LogStrings", "path": ["monitoring", "stdout"], "values": [{"value": "[22] train loss: 0.033034078776836395", "step": null, "ts": 1644970775.814156}]}, "version": 215}
{"obj": {"type": "LogStrings", "path": ["monitoring", "stdout"], "values": [{"value": "\n", "step": null, "ts": 1644970775.8151758}]}, "version": 216}
{"obj": {"type": "LogFloats", "path": ["metrics", "val", "loss"], "values": [{"value": 0.047238536179065704, "step": null, "ts": 1644970776.1854396}]}, "version": 217}
{"obj": {"type": "LogFloats", "path": ["metrics", "val", "MAPE"], "values": [{"value": 0.042107000946998596, "step": null, "ts": 1644970776.1865962}]}, "version": 218}
{"obj": {"type": "LogStrings", "path": ["monitoring", "stdout"], "values": [{"value": "[22] val loss: 0.047238536179065704", "step": null, "ts": 1644970776.1876295}]}, "version": 219}
{"obj": {"type": "LogStrings", "path": ["monitoring", "stdout"], "values": [{"value": "\n", "step": null, "ts": 1644970776.1887238}]}, "version": 220}
{"obj": {"type": "LogFloats", "path": ["metrics", "train", "loss"], "values": [{"value": 0.03109031915664673, "step": null, "ts": 1644970778.5792992}]}, "version": 221}
{"obj": {"type": "LogFloats", "path": ["metrics", "train", "MAPE"], "values": [{"value": 0.041516609489917755, "step": null, "ts": 1644970778.580332}]}, "version": 222}
{"obj": {"type": "LogStrings", "path": ["monitoring", "stdout"], "values": [{"value": "[23] train loss: 0.03109031915664673", "step": null, "ts": 1644970778.581407}]}, "version": 223}
{"obj": {"type": "LogStrings", "path": ["monitoring", "stdout"], "values": [{"value": "\n", "step": null, "ts": 1644970778.5824258}]}, "version": 224}
{"obj": {"type": "LogFloats", "path": ["metrics", "val", "loss"], "values": [{"value": 0.03598673641681671, "step": null, "ts": 1644970778.948582}]}, "version": 225}
{"obj": {"type": "LogFloats", "path": ["metrics", "val", "MAPE"], "values": [{"value": 0.03927433490753174, "step": null, "ts": 1644970778.9498}]}, "version": 226}
{"obj": {"type": "LogStrings", "path": ["monitoring", "stdout"], "values": [{"value": "[23] val loss: 0.03598673641681671", "step": null, "ts": 1644970778.9508517}]}, "version": 227}
{"obj": {"type": "LogStrings", "path": ["monitoring", "stdout"], "values": [{"value": "\n", "step": null, "ts": 1644970778.951866}]}, "version": 228}
{"obj": {"type": "LogFloats", "path": ["monitoring", "cpu"], "values": [{"value": 61.2, "step": null, "ts": 1644970779.4764955}]}, "version": 229}
{"obj": {"type": "LogFloats", "path": ["monitoring", "memory"], "values": [{"value": 0.7612342834472656, "step": null, "ts": 1644970779.4764955}]}, "version": 230}
{"obj": {"type": "LogFloats", "path": ["metrics", "train", "loss"], "values": [{"value": 0.0351899154484272, "step": null, "ts": 1644970781.5181305}]}, "version": 231}
{"obj": {"type": "LogFloats", "path": ["metrics", "train", "MAPE"], "values": [{"value": 0.021383555606007576, "step": null, "ts": 1644970781.5192077}]}, "version": 232}
{"obj": {"type": "LogStrings", "path": ["monitoring", "stdout"], "values": [{"value": "[24] train loss: 0.0351899154484272", "step": null, "ts": 1644970781.5202725}]}, "version": 233}
{"obj": {"type": "LogStrings", "path": ["monitoring", "stdout"], "values": [{"value": "\n", "step": null, "ts": 1644970781.5212605}]}, "version": 234}
{"obj": {"type": "LogFloats", "path": ["metrics", "val", "loss"], "values": [{"value": 0.027840951457619667, "step": null, "ts": 1644970781.9283128}]}, "version": 235}
{"obj": {"type": "LogFloats", "path": ["metrics", "val", "MAPE"], "values": [{"value": 0.03077179193496704, "step": null, "ts": 1644970781.9294991}]}, "version": 236}
{"obj": {"type": "LogStrings", "path": ["monitoring", "stdout"], "values": [{"value": "[24] val loss: 0.027840951457619667", "step": null, "ts": 1644970781.930552}]}, "version": 237}
{"obj": {"type": "LogStrings", "path": ["monitoring", "stdout"], "values": [{"value": "\n", "step": null, "ts": 1644970781.9315867}]}, "version": 238}
{"obj": {"type": "LogFloats", "path": ["metrics", "train", "loss"], "values": [{"value": 0.02872450463473797, "step": null, "ts": 1644970784.5433323}]}, "version": 239}
{"obj": {"type": "LogFloats", "path": ["metrics", "train", "MAPE"], "values": [{"value": 0.030869407579302788, "step": null, "ts": 1644970784.5447404}]}, "version": 240}
{"obj": {"type": "LogStrings", "path": ["monitoring", "stdout"], "values": [{"value": "[25] train loss: 0.02872450463473797", "step": null, "ts": 1644970784.545971}]}, "version": 241}
{"obj": {"type": "LogStrings", "path": ["monitoring", "stdout"], "values": [{"value": "\n", "step": null, "ts": 1644970784.5469933}]}, "version": 242}
{"obj": {"type": "LogFloats", "path": ["metrics", "val", "loss"], "values": [{"value": 0.029109127819538116, "step": null, "ts": 1644970784.9571042}]}, "version": 243}
{"obj": {"type": "LogFloats", "path": ["metrics", "val", "MAPE"], "values": [{"value": 0.029898598790168762, "step": null, "ts": 1644970784.958348}]}, "version": 244}
{"obj": {"type": "LogStrings", "path": ["monitoring", "stdout"], "values": [{"value": "[25] val loss: 0.029109127819538116", "step": null, "ts": 1644970784.95948}]}, "version": 245}
{"obj": {"type": "LogStrings", "path": ["monitoring", "stdout"], "values": [{"value": "\n", "step": null, "ts": 1644970784.9605582}]}, "version": 246}
{"obj": {"type": "LogFloats", "path": ["metrics", "train", "loss"], "values": [{"value": 0.02563188225030899, "step": null, "ts": 1644970789.2116427}]}, "version": 247}
{"obj": {"type": "LogFloats", "path": ["metrics", "train", "MAPE"], "values": [{"value": 0.03534383326768875, "step": null, "ts": 1644970789.2129626}]}, "version": 248}
{"obj": {"type": "LogStrings", "path": ["monitoring", "stdout"], "values": [{"value": "[26] train loss: 0.02563188225030899", "step": null, "ts": 1644970789.2141402}]}, "version": 249}
{"obj": {"type": "LogStrings", "path": ["monitoring", "stdout"], "values": [{"value": "\n", "step": null, "ts": 1644970789.2155583}]}, "version": 250}
{"obj": {"type": "LogFloats", "path": ["monitoring", "cpu"], "values": [{"value": 59.3, "step": null, "ts": 1644970789.4817784}]}, "version": 251}
{"obj": {"type": "LogFloats", "path": ["monitoring", "memory"], "values": [{"value": 0.6977310180664062, "step": null, "ts": 1644970789.4817784}]}, "version": 252}
{"obj": {"type": "LogFloats", "path": ["metrics", "val", "loss"], "values": [{"value": 0.022880805656313896, "step": null, "ts": 1644970789.9018853}]}, "version": 253}
{"obj": {"type": "LogFloats", "path": ["metrics", "val", "MAPE"], "values": [{"value": 0.029167326167225838, "step": null, "ts": 1644970789.9031343}]}, "version": 254}
{"obj": {"type": "LogStrings", "path": ["monitoring", "stdout"], "values": [{"value": "[26] val loss: 0.022880805656313896", "step": null, "ts": 1644970789.9044337}]}, "version": 255}
{"obj": {"type": "LogStrings", "path": ["monitoring", "stdout"], "values": [{"value": "\n", "step": null, "ts": 1644970789.9065673}]}, "version": 256}
{"obj": {"type": "LogFloats", "path": ["metrics", "train", "loss"], "values": [{"value": 0.02608514577150345, "step": null, "ts": 1644970792.3698316}]}, "version": 257}
{"obj": {"type": "LogFloats", "path": ["metrics", "train", "MAPE"], "values": [{"value": 0.04422489553689957, "step": null, "ts": 1644970792.3710308}]}, "version": 258}
{"obj": {"type": "LogStrings", "path": ["monitoring", "stdout"], "values": [{"value": "[27] train loss: 0.02608514577150345", "step": null, "ts": 1644970792.3723917}]}, "version": 259}
{"obj": {"type": "LogStrings", "path": ["monitoring", "stdout"], "values": [{"value": "\n", "step": null, "ts": 1644970792.373461}]}, "version": 260}
{"obj": {"type": "LogFloats", "path": ["metrics", "val", "loss"], "values": [{"value": 0.03365962207317352, "step": null, "ts": 1644970792.784131}]}, "version": 261}
{"obj": {"type": "LogFloats", "path": ["metrics", "val", "MAPE"], "values": [{"value": 0.03601979464292526, "step": null, "ts": 1644970792.7853491}]}, "version": 262}
{"obj": {"type": "LogStrings", "path": ["monitoring", "stdout"], "values": [{"value": "[27] val loss: 0.03365962207317352", "step": null, "ts": 1644970792.7864003}]}, "version": 263}
{"obj": {"type": "LogStrings", "path": ["monitoring", "stdout"], "values": [{"value": "\n", "step": null, "ts": 1644970792.787424}]}, "version": 264}
{"obj": {"type": "LogFloats", "path": ["metrics", "train", "loss"], "values": [{"value": 0.025444477796554565, "step": null, "ts": 1644970795.2428772}]}, "version": 265}
{"obj": {"type": "LogFloats", "path": ["metrics", "train", "MAPE"], "values": [{"value": 0.040764015167951584, "step": null, "ts": 1644970795.2439814}]}, "version": 266}
{"obj": {"type": "LogStrings", "path": ["monitoring", "stdout"], "values": [{"value": "[28] train loss: 0.025444477796554565", "step": null, "ts": 1644970795.2450168}]}, "version": 267}
{"obj": {"type": "LogStrings", "path": ["monitoring", "stdout"], "values": [{"value": "\n", "step": null, "ts": 1644970795.2460177}]}, "version": 268}
{"obj": {"type": "LogFloats", "path": ["metrics", "val", "loss"], "values": [{"value": 0.02110094390809536, "step": null, "ts": 1644970795.6439238}]}, "version": 269}
{"obj": {"type": "LogFloats", "path": ["metrics", "val", "MAPE"], "values": [{"value": 0.02616913430392742, "step": null, "ts": 1644970795.6450467}]}, "version": 270}
{"obj": {"type": "LogStrings", "path": ["monitoring", "stdout"], "values": [{"value": "[28] val loss: 0.02110094390809536", "step": null, "ts": 1644970795.646036}]}, "version": 271}
{"obj": {"type": "LogStrings", "path": ["monitoring", "stdout"], "values": [{"value": "\n", "step": null, "ts": 1644970795.6470447}]}, "version": 272}
{"obj": {"type": "LogFloats", "path": ["metrics", "train", "loss"], "values": [{"value": 0.025853807106614113, "step": null, "ts": 1644970798.2755537}]}, "version": 273}
{"obj": {"type": "LogFloats", "path": ["metrics", "train", "MAPE"], "values": [{"value": 0.022056100890040398, "step": null, "ts": 1644970798.276885}]}, "version": 274}
{"obj": {"type": "LogStrings", "path": ["monitoring", "stdout"], "values": [{"value": "[29] train loss: 0.025853807106614113", "step": null, "ts": 1644970798.2780519}]}, "version": 275}
{"obj": {"type": "LogStrings", "path": ["monitoring", "stdout"], "values": [{"value": "\n", "step": null, "ts": 1644970798.2792103}]}, "version": 276}
{"obj": {"type": "LogFloats", "path": ["metrics", "val", "loss"], "values": [{"value": 0.019886760041117668, "step": null, "ts": 1644970798.6755433}]}, "version": 277}
{"obj": {"type": "LogFloats", "path": ["metrics", "val", "MAPE"], "values": [{"value": 0.026090962812304497, "step": null, "ts": 1644970798.6767135}]}, "version": 278}
{"obj": {"type": "LogStrings", "path": ["monitoring", "stdout"], "values": [{"value": "[29] val loss: 0.019886760041117668", "step": null, "ts": 1644970798.6777697}]}, "version": 279}
{"obj": {"type": "LogStrings", "path": ["monitoring", "stdout"], "values": [{"value": "\n", "step": null, "ts": 1644970798.67876}]}, "version": 280}
{"obj": {"type": "LogFloats", "path": ["monitoring", "cpu"], "values": [{"value": 60.6, "step": null, "ts": 1644970799.4955094}]}, "version": 281}
{"obj": {"type": "LogFloats", "path": ["monitoring", "memory"], "values": [{"value": 1.1148834228515625, "step": null, "ts": 1644970799.4955094}]}, "version": 282}
{"obj": {"type": "LogFloats", "path": ["metrics", "train", "loss"], "values": [{"value": 0.024570904672145844, "step": null, "ts": 1644970801.5222714}]}, "version": 283}
{"obj": {"type": "LogFloats", "path": ["metrics", "train", "MAPE"], "values": [{"value": 0.03374937176704407, "step": null, "ts": 1644970801.5242805}]}, "version": 284}
{"obj": {"type": "LogStrings", "path": ["monitoring", "stdout"], "values": [{"value": "[30] train loss: 0.024570904672145844", "step": null, "ts": 1644970801.5259957}]}, "version": 285}
{"obj": {"type": "LogStrings", "path": ["monitoring", "stdout"], "values": [{"value": "\n", "step": null, "ts": 1644970801.527885}]}, "version": 286}
{"obj": {"type": "LogFloats", "path": ["metrics", "val", "loss"], "values": [{"value": 0.04491938278079033, "step": null, "ts": 1644970801.90475}]}, "version": 287}
{"obj": {"type": "LogFloats", "path": ["metrics", "val", "MAPE"], "values": [{"value": 0.04149305447936058, "step": null, "ts": 1644970801.905931}]}, "version": 288}
{"obj": {"type": "LogStrings", "path": ["monitoring", "stdout"], "values": [{"value": "[30] val loss: 0.04491938278079033", "step": null, "ts": 1644970801.9070225}]}, "version": 289}
{"obj": {"type": "LogStrings", "path": ["monitoring", "stdout"], "values": [{"value": "\n", "step": null, "ts": 1644970801.9081814}]}, "version": 290}
{"obj": {"type": "LogFloats", "path": ["metrics", "train", "loss"], "values": [{"value": 0.026139242574572563, "step": null, "ts": 1644970804.4680655}]}, "version": 291}
{"obj": {"type": "LogFloats", "path": ["metrics", "train", "MAPE"], "values": [{"value": 0.03183173015713692, "step": null, "ts": 1644970804.4692948}]}, "version": 292}
{"obj": {"type": "LogStrings", "path": ["monitoring", "stdout"], "values": [{"value": "[31] train loss: 0.026139242574572563", "step": null, "ts": 1644970804.4705431}]}, "version": 293}
{"obj": {"type": "LogStrings", "path": ["monitoring", "stdout"], "values": [{"value": "\n", "step": null, "ts": 1644970804.471606}]}, "version": 294}
{"obj": {"type": "LogFloats", "path": ["metrics", "val", "loss"], "values": [{"value": 0.01752636767923832, "step": null, "ts": 1644970804.8857868}]}, "version": 295}
{"obj": {"type": "LogFloats", "path": ["metrics", "val", "MAPE"], "values": [{"value": 0.02375223860144615, "step": null, "ts": 1644970804.8868933}]}, "version": 296}
{"obj": {"type": "LogStrings", "path": ["monitoring", "stdout"], "values": [{"value": "[31] val loss: 0.01752636767923832", "step": null, "ts": 1644970804.8879156}]}, "version": 297}
{"obj": {"type": "LogStrings", "path": ["monitoring", "stdout"], "values": [{"value": "\n", "step": null, "ts": 1644970804.8888829}]}, "version": 298}
{"obj": {"type": "LogFloats", "path": ["metrics", "train", "loss"], "values": [{"value": 0.022649675607681274, "step": null, "ts": 1644970807.2677457}]}, "version": 299}
{"obj": {"type": "LogFloats", "path": ["metrics", "train", "MAPE"], "values": [{"value": 0.023666370660066605, "step": null, "ts": 1644970807.2688308}]}, "version": 300}
{"obj": {"type": "LogStrings", "path": ["monitoring", "stdout"], "values": [{"value": "[32] train loss: 0.022649675607681274", "step": null, "ts": 1644970807.2698305}]}, "version": 301}
{"obj": {"type": "LogStrings", "path": ["monitoring", "stdout"], "values": [{"value": "\n", "step": null, "ts": 1644970807.270802}]}, "version": 302}
{"obj": {"type": "LogFloats", "path": ["metrics", "val", "loss"], "values": [{"value": 0.024727946147322655, "step": null, "ts": 1644970807.6945586}]}, "version": 303}
{"obj": {"type": "LogFloats", "path": ["metrics", "val", "MAPE"], "values": [{"value": 0.031522151082754135, "step": null, "ts": 1644970807.696154}]}, "version": 304}
{"obj": {"type": "LogStrings", "path": ["monitoring", "stdout"], "values": [{"value": "[32] val loss: 0.024727946147322655", "step": null, "ts": 1644970807.6982021}]}, "version": 305}
{"obj": {"type": "LogStrings", "path": ["monitoring", "stdout"], "values": [{"value": "\n", "step": null, "ts": 1644970807.6991653}]}, "version": 306}
{"obj": {"type": "LogFloats", "path": ["monitoring", "cpu"], "values": [{"value": 60.4, "step": null, "ts": 1644970809.501178}]}, "version": 307}
{"obj": {"type": "LogFloats", "path": ["monitoring", "memory"], "values": [{"value": 0.9733161926269531, "step": null, "ts": 1644970809.501178}]}, "version": 308}
{"obj": {"type": "LogFloats", "path": ["metrics", "train", "loss"], "values": [{"value": 0.02634251117706299, "step": null, "ts": 1644970810.3376708}]}, "version": 309}
{"obj": {"type": "LogFloats", "path": ["metrics", "train", "MAPE"], "values": [{"value": 0.03819950297474861, "step": null, "ts": 1644970810.338762}]}, "version": 310}
{"obj": {"type": "LogStrings", "path": ["monitoring", "stdout"], "values": [{"value": "[33] train loss: 0.02634251117706299", "step": null, "ts": 1644970810.339804}]}, "version": 311}
{"obj": {"type": "LogStrings", "path": ["monitoring", "stdout"], "values": [{"value": "\n", "step": null, "ts": 1644970810.3408854}]}, "version": 312}
{"obj": {"type": "LogFloats", "path": ["metrics", "val", "loss"], "values": [{"value": 0.027320686727762222, "step": null, "ts": 1644970810.7375076}]}, "version": 313}
{"obj": {"type": "LogFloats", "path": ["metrics", "val", "MAPE"], "values": [{"value": 0.0337844043970108, "step": null, "ts": 1644970810.7386796}]}, "version": 314}
{"obj": {"type": "LogStrings", "path": ["monitoring", "stdout"], "values": [{"value": "[33] val loss: 0.027320686727762222", "step": null, "ts": 1644970810.7397482}]}, "version": 315}
{"obj": {"type": "LogStrings", "path": ["monitoring", "stdout"], "values": [{"value": "\n", "step": null, "ts": 1644970810.7407694}]}, "version": 316}
{"obj": {"type": "LogFloats", "path": ["metrics", "train", "loss"], "values": [{"value": 0.023432543501257896, "step": null, "ts": 1644970813.2886343}]}, "version": 317}
{"obj": {"type": "LogFloats", "path": ["metrics", "train", "MAPE"], "values": [{"value": 0.01965358480811119, "step": null, "ts": 1644970813.2897623}]}, "version": 318}
{"obj": {"type": "LogStrings", "path": ["monitoring", "stdout"], "values": [{"value": "[34] train loss: 0.023432543501257896", "step": null, "ts": 1644970813.290756}]}, "version": 319}
{"obj": {"type": "LogStrings", "path": ["monitoring", "stdout"], "values": [{"value": "\n", "step": null, "ts": 1644970813.2916973}]}, "version": 320}
{"obj": {"type": "LogFloats", "path": ["metrics", "val", "loss"], "values": [{"value": 0.04757722467184067, "step": null, "ts": 1644970813.6952717}]}, "version": 321}
{"obj": {"type": "LogFloats", "path": ["metrics", "val", "MAPE"], "values": [{"value": 0.04613099619746208, "step": null, "ts": 1644970813.6964622}]}, "version": 322}
{"obj": {"type": "LogStrings", "path": ["monitoring", "stdout"], "values": [{"value": "[34] val loss: 0.04757722467184067", "step": null, "ts": 1644970813.697514}]}, "version": 323}
{"obj": {"type": "LogStrings", "path": ["monitoring", "stdout"], "values": [{"value": "\n", "step": null, "ts": 1644970813.6985095}]}, "version": 324}
{"obj": {"type": "LogFloats", "path": ["metrics", "train", "loss"], "values": [{"value": 0.024901362136006355, "step": null, "ts": 1644970816.1042397}]}, "version": 325}
{"obj": {"type": "LogFloats", "path": ["metrics", "train", "MAPE"], "values": [{"value": 0.03436848893761635, "step": null, "ts": 1644970816.1054547}]}, "version": 326}
{"obj": {"type": "LogStrings", "path": ["monitoring", "stdout"], "values": [{"value": "[35] train loss: 0.024901362136006355", "step": null, "ts": 1644970816.1066625}]}, "version": 327}
{"obj": {"type": "LogStrings", "path": ["monitoring", "stdout"], "values": [{"value": "\n", "step": null, "ts": 1644970816.1077855}]}, "version": 328}
{"obj": {"type": "LogFloats", "path": ["metrics", "val", "loss"], "values": [{"value": 0.023509357124567032, "step": null, "ts": 1644970816.4843354}]}, "version": 329}
{"obj": {"type": "LogFloats", "path": ["metrics", "val", "MAPE"], "values": [{"value": 0.029632937163114548, "step": null, "ts": 1644970816.4854796}]}, "version": 330}
{"obj": {"type": "LogStrings", "path": ["monitoring", "stdout"], "values": [{"value": "[35] val loss: 0.023509357124567032", "step": null, "ts": 1644970816.4864628}]}, "version": 331}
{"obj": {"type": "LogStrings", "path": ["monitoring", "stdout"], "values": [{"value": "\n", "step": null, "ts": 1644970816.4874353}]}, "version": 332}
{"obj": {"type": "LogFloats", "path": ["metrics", "train", "loss"], "values": [{"value": 0.021650655195116997, "step": null, "ts": 1644970819.0625622}]}, "version": 333}
{"obj": {"type": "LogFloats", "path": ["metrics", "train", "MAPE"], "values": [{"value": 0.023958222940564156, "step": null, "ts": 1644970819.0638814}]}, "version": 334}
{"obj": {"type": "LogStrings", "path": ["monitoring", "stdout"], "values": [{"value": "[36] train loss: 0.021650655195116997", "step": null, "ts": 1644970819.0650597}]}, "version": 335}
{"obj": {"type": "LogStrings", "path": ["monitoring", "stdout"], "values": [{"value": "\n", "step": null, "ts": 1644970819.0662374}]}, "version": 336}
{"obj": {"type": "LogFloats", "path": ["metrics", "val", "loss"], "values": [{"value": 0.01566901057958603, "step": null, "ts": 1644970819.4627993}]}, "version": 337}
{"obj": {"type": "LogFloats", "path": ["metrics", "val", "MAPE"], "values": [{"value": 0.024404199793934822, "step": null, "ts": 1644970819.4640255}]}, "version": 338}
{"obj": {"type": "LogStrings", "path": ["monitoring", "stdout"], "values": [{"value": "[36] val loss: 0.01566901057958603", "step": null, "ts": 1644970819.4651225}]}, "version": 339}
{"obj": {"type": "LogStrings", "path": ["monitoring", "stdout"], "values": [{"value": "\n", "step": null, "ts": 1644970819.4662073}]}, "version": 340}
{"obj": {"type": "LogFloats", "path": ["monitoring", "cpu"], "values": [{"value": 60.0, "step": null, "ts": 1644970819.5087438}]}, "version": 341}
{"obj": {"type": "LogFloats", "path": ["monitoring", "memory"], "values": [{"value": 0.8872947692871094, "step": null, "ts": 1644970819.5087438}]}, "version": 342}
{"obj": {"type": "LogFloats", "path": ["metrics", "train", "loss"], "values": [{"value": 0.019832465797662735, "step": null, "ts": 1644970822.0889776}]}, "version": 343}
{"obj": {"type": "LogFloats", "path": ["metrics", "train", "MAPE"], "values": [{"value": 0.018747961148619652, "step": null, "ts": 1644970822.0900927}]}, "version": 344}
{"obj": {"type": "LogStrings", "path": ["monitoring", "stdout"], "values": [{"value": "[37] train loss: 0.019832465797662735", "step": null, "ts": 1644970822.091135}]}, "version": 345}
{"obj": {"type": "LogStrings", "path": ["monitoring", "stdout"], "values": [{"value": "\n", "step": null, "ts": 1644970822.0921037}]}, "version": 346}
{"obj": {"type": "LogFloats", "path": ["metrics", "val", "loss"], "values": [{"value": 0.02518966607749462, "step": null, "ts": 1644970822.4663894}]}, "version": 347}
{"obj": {"type": "LogFloats", "path": ["metrics", "val", "MAPE"], "values": [{"value": 0.031096326187253, "step": null, "ts": 1644970822.4675775}]}, "version": 348}
{"obj": {"type": "LogStrings", "path": ["monitoring", "stdout"], "values": [{"value": "[37] val loss: 0.02518966607749462", "step": null, "ts": 1644970822.4686415}]}, "version": 349}
{"obj": {"type": "LogStrings", "path": ["monitoring", "stdout"], "values": [{"value": "\n", "step": null, "ts": 1644970822.469643}]}, "version": 350}
{"obj": {"type": "LogFloats", "path": ["metrics", "train", "loss"], "values": [{"value": 0.022702427580952644, "step": null, "ts": 1644970824.9941778}]}, "version": 351}
{"obj": {"type": "LogFloats", "path": ["metrics", "train", "MAPE"], "values": [{"value": 0.01826612465083599, "step": null, "ts": 1644970824.9953892}]}, "version": 352}
{"obj": {"type": "LogStrings", "path": ["monitoring", "stdout"], "values": [{"value": "[38] train loss: 0.022702427580952644", "step": null, "ts": 1644970824.9964306}]}, "version": 353}
{"obj": {"type": "LogStrings", "path": ["monitoring", "stdout"], "values": [{"value": "\n", "step": null, "ts": 1644970824.9974835}]}, "version": 354}
{"obj": {"type": "LogFloats", "path": ["metrics", "val", "loss"], "values": [{"value": 0.02374209463596344, "step": null, "ts": 1644970825.3939803}]}, "version": 355}
{"obj": {"type": "LogFloats", "path": ["metrics", "val", "MAPE"], "values": [{"value": 0.02769525721669197, "step": null, "ts": 1644970825.3950956}]}, "version": 356}
{"obj": {"type": "LogStrings", "path": ["monitoring", "stdout"], "values": [{"value": "[38] val loss: 0.02374209463596344", "step": null, "ts": 1644970825.3961167}]}, "version": 357}
{"obj": {"type": "LogStrings", "path": ["monitoring", "stdout"], "values": [{"value": "\n", "step": null, "ts": 1644970825.397103}]}, "version": 358}
{"obj": {"type": "LogFloats", "path": ["metrics", "train", "loss"], "values": [{"value": 0.02027684822678566, "step": null, "ts": 1644970827.9202435}]}, "version": 359}
{"obj": {"type": "LogFloats", "path": ["metrics", "train", "MAPE"], "values": [{"value": 0.024344593286514282, "step": null, "ts": 1644970827.921273}]}, "version": 360}
{"obj": {"type": "LogStrings", "path": ["monitoring", "stdout"], "values": [{"value": "[39] train loss: 0.02027684822678566", "step": null, "ts": 1644970827.9222379}]}, "version": 361}
{"obj": {"type": "LogStrings", "path": ["monitoring", "stdout"], "values": [{"value": "\n", "step": null, "ts": 1644970827.9231951}]}, "version": 362}
{"obj": {"type": "LogFloats", "path": ["metrics", "val", "loss"], "values": [{"value": 0.0287243090569973, "step": null, "ts": 1644970828.2997956}]}, "version": 363}
{"obj": {"type": "LogFloats", "path": ["metrics", "val", "MAPE"], "values": [{"value": 0.03644349053502083, "step": null, "ts": 1644970828.3009887}]}, "version": 364}
{"obj": {"type": "LogStrings", "path": ["monitoring", "stdout"], "values": [{"value": "[39] val loss: 0.0287243090569973", "step": null, "ts": 1644970828.3020241}]}, "version": 365}
{"obj": {"type": "LogStrings", "path": ["monitoring", "stdout"], "values": [{"value": "\n", "step": null, "ts": 1644970828.3031132}]}, "version": 366}
{"obj": {"type": "LogFloats", "path": ["monitoring", "cpu"], "values": [{"value": 59.2, "step": null, "ts": 1644970829.5167725}]}, "version": 367}
{"obj": {"type": "LogFloats", "path": ["monitoring", "memory"], "values": [{"value": 0.8809738159179688, "step": null, "ts": 1644970829.5167725}]}, "version": 368}
{"obj": {"type": "LogFloats", "path": ["metrics", "train", "loss"], "values": [{"value": 0.0253670085221529, "step": null, "ts": 1644970830.7061503}]}, "version": 369}
{"obj": {"type": "LogFloats", "path": ["metrics", "train", "MAPE"], "values": [{"value": 0.01760907657444477, "step": null, "ts": 1644970830.7072837}]}, "version": 370}
{"obj": {"type": "LogStrings", "path": ["monitoring", "stdout"], "values": [{"value": "[40] train loss: 0.0253670085221529", "step": null, "ts": 1644970830.708314}]}, "version": 371}
{"obj": {"type": "LogStrings", "path": ["monitoring", "stdout"], "values": [{"value": "\n", "step": null, "ts": 1644970830.7093468}]}, "version": 372}
{"obj": {"type": "LogFloats", "path": ["metrics", "val", "loss"], "values": [{"value": 0.01635538786649704, "step": null, "ts": 1644970831.1011755}]}, "version": 373}
{"obj": {"type": "LogFloats", "path": ["metrics", "val", "MAPE"], "values": [{"value": 0.022697018459439278, "step": null, "ts": 1644970831.1021698}]}, "version": 374}
{"obj": {"type": "LogStrings", "path": ["monitoring", "stdout"], "values": [{"value": "[40] val loss: 0.01635538786649704", "step": null, "ts": 1644970831.103211}]}, "version": 375}
{"obj": {"type": "LogStrings", "path": ["monitoring", "stdout"], "values": [{"value": "\n", "step": null, "ts": 1644970831.104122}]}, "version": 376}
{"obj": {"type": "LogFloats", "path": ["metrics", "train", "loss"], "values": [{"value": 0.01764298789203167, "step": null, "ts": 1644970833.5968587}]}, "version": 377}
{"obj": {"type": "LogFloats", "path": ["metrics", "train", "MAPE"], "values": [{"value": 0.01818358339369297, "step": null, "ts": 1644970833.5981536}]}, "version": 378}
{"obj": {"type": "LogStrings", "path": ["monitoring", "stdout"], "values": [{"value": "[41] train loss: 0.01764298789203167", "step": null, "ts": 1644970833.5993125}]}, "version": 379}
{"obj": {"type": "LogStrings", "path": ["monitoring", "stdout"], "values": [{"value": "\n", "step": null, "ts": 1644970833.6004164}]}, "version": 380}
{"obj": {"type": "LogFloats", "path": ["metrics", "val", "loss"], "values": [{"value": 0.019557956606149673, "step": null, "ts": 1644970833.9715102}]}, "version": 381}
{"obj": {"type": "LogFloats", "path": ["metrics", "val", "MAPE"], "values": [{"value": 0.02192739211022854, "step": null, "ts": 1644970833.9727275}]}, "version": 382}
{"obj": {"type": "LogStrings", "path": ["monitoring", "stdout"], "values": [{"value": "[41] val loss: 0.019557956606149673", "step": null, "ts": 1644970833.9737709}]}, "version": 383}
{"obj": {"type": "LogStrings", "path": ["monitoring", "stdout"], "values": [{"value": "\n", "step": null, "ts": 1644970833.9747715}]}, "version": 384}
{"obj": {"type": "LogFloats", "path": ["metrics", "train", "loss"], "values": [{"value": 0.021852048113942146, "step": null, "ts": 1644970836.555053}]}, "version": 385}
{"obj": {"type": "LogFloats", "path": ["metrics", "train", "MAPE"], "values": [{"value": 0.01760302111506462, "step": null, "ts": 1644970836.5565333}]}, "version": 386}
{"obj": {"type": "LogStrings", "path": ["monitoring", "stdout"], "values": [{"value": "[42] train loss: 0.021852048113942146", "step": null, "ts": 1644970836.5576327}]}, "version": 387}
{"obj": {"type": "LogStrings", "path": ["monitoring", "stdout"], "values": [{"value": "\n", "step": null, "ts": 1644970836.5587027}]}, "version": 388}
{"obj": {"type": "LogFloats", "path": ["metrics", "val", "loss"], "values": [{"value": 0.02298896200954914, "step": null, "ts": 1644970836.9548829}]}, "version": 389}
{"obj": {"type": "LogFloats", "path": ["metrics", "val", "MAPE"], "values": [{"value": 0.026602765545248985, "step": null, "ts": 1644970836.9559677}]}, "version": 390}
{"obj": {"type": "LogStrings", "path": ["monitoring", "stdout"], "values": [{"value": "[42] val loss: 0.02298896200954914", "step": null, "ts": 1644970836.957013}]}, "version": 391}
{"obj": {"type": "LogStrings", "path": ["monitoring", "stdout"], "values": [{"value": "\n", "step": null, "ts": 1644970836.9580083}]}, "version": 392}
{"obj": {"type": "LogFloats", "path": ["metrics", "train", "loss"], "values": [{"value": 0.01908770762383938, "step": null, "ts": 1644970839.3846877}]}, "version": 393}
{"obj": {"type": "LogFloats", "path": ["metrics", "train", "MAPE"], "values": [{"value": 0.02180604077875614, "step": null, "ts": 1644970839.385984}]}, "version": 394}
{"obj": {"type": "LogStrings", "path": ["monitoring", "stdout"], "values": [{"value": "[43] train loss: 0.01908770762383938", "step": null, "ts": 1644970839.387161}]}, "version": 395}
{"obj": {"type": "LogStrings", "path": ["monitoring", "stdout"], "values": [{"value": "\n", "step": null, "ts": 1644970839.3883164}]}, "version": 396}
{"obj": {"type": "LogFloats", "path": ["monitoring", "cpu"], "values": [{"value": 60.0, "step": null, "ts": 1644970839.521985}]}, "version": 397}
{"obj": {"type": "LogFloats", "path": ["monitoring", "memory"], "values": [{"value": 0.9963111877441406, "step": null, "ts": 1644970839.521985}]}, "version": 398}
{"obj": {"type": "LogFloats", "path": ["metrics", "val", "loss"], "values": [{"value": 0.017083648592233658, "step": null, "ts": 1644970839.7851207}]}, "version": 399}
{"obj": {"type": "LogFloats", "path": ["metrics", "val", "MAPE"], "values": [{"value": 0.024916764348745346, "step": null, "ts": 1644970839.7861776}]}, "version": 400}
{"obj": {"type": "LogStrings", "path": ["monitoring", "stdout"], "values": [{"value": "[43] val loss: 0.017083648592233658", "step": null, "ts": 1644970839.7872355}]}, "version": 401}
{"obj": {"type": "LogStrings", "path": ["monitoring", "stdout"], "values": [{"value": "\n", "step": null, "ts": 1644970839.7881927}]}, "version": 402}
{"obj": {"type": "LogFloats", "path": ["metrics", "train", "loss"], "values": [{"value": 0.019714122638106346, "step": null, "ts": 1644970842.241041}]}, "version": 403}
{"obj": {"type": "LogFloats", "path": ["metrics", "train", "MAPE"], "values": [{"value": 0.03173341974616051, "step": null, "ts": 1644970842.242413}]}, "version": 404}
{"obj": {"type": "LogStrings", "path": ["monitoring", "stdout"], "values": [{"value": "[44] train loss: 0.019714122638106346", "step": null, "ts": 1644970842.243762}]}, "version": 405}
{"obj": {"type": "LogStrings", "path": ["monitoring", "stdout"], "values": [{"value": "\n", "step": null, "ts": 1644970842.2451015}]}, "version": 406}
{"obj": {"type": "LogFloats", "path": ["metrics", "val", "loss"], "values": [{"value": 0.030038371682167053, "step": null, "ts": 1644970842.6312184}]}, "version": 407}
{"obj": {"type": "LogFloats", "path": ["metrics", "val", "MAPE"], "values": [{"value": 0.03091501258313656, "step": null, "ts": 1644970842.6323977}]}, "version": 408}
{"obj": {"type": "LogStrings", "path": ["monitoring", "stdout"], "values": [{"value": "[44] val loss: 0.030038371682167053", "step": null, "ts": 1644970842.6335073}]}, "version": 409}
{"obj": {"type": "LogStrings", "path": ["monitoring", "stdout"], "values": [{"value": "\n", "step": null, "ts": 1644970842.6344898}]}, "version": 410}
{"obj": {"type": "LogFloats", "path": ["metrics", "train", "loss"], "values": [{"value": 0.02017887309193611, "step": null, "ts": 1644970845.047071}]}, "version": 411}
{"obj": {"type": "LogFloats", "path": ["metrics", "train", "MAPE"], "values": [{"value": 0.017110805958509445, "step": null, "ts": 1644970845.0483966}]}, "version": 412}
{"obj": {"type": "LogStrings", "path": ["monitoring", "stdout"], "values": [{"value": "[45] train loss: 0.02017887309193611", "step": null, "ts": 1644970845.0494637}]}, "version": 413}
{"obj": {"type": "LogStrings", "path": ["monitoring", "stdout"], "values": [{"value": "\n", "step": null, "ts": 1644970845.0504632}]}, "version": 414}
{"obj": {"type": "LogFloats", "path": ["metrics", "val", "loss"], "values": [{"value": 0.017385248094797134, "step": null, "ts": 1644970845.443281}]}, "version": 415}
{"obj": {"type": "LogFloats", "path": ["metrics", "val", "MAPE"], "values": [{"value": 0.022751007229089737, "step": null, "ts": 1644970845.4445138}]}, "version": 416}
{"obj": {"type": "LogStrings", "path": ["monitoring", "stdout"], "values": [{"value": "[45] val loss: 0.017385248094797134", "step": null, "ts": 1644970845.4455824}]}, "version": 417}
{"obj": {"type": "LogStrings", "path": ["monitoring", "stdout"], "values": [{"value": "\n", "step": null, "ts": 1644970845.4465878}]}, "version": 418}
{"obj": {"type": "LogFloats", "path": ["metrics", "train", "loss"], "values": [{"value": 0.016471710056066513, "step": null, "ts": 1644970847.8871675}]}, "version": 419}
{"obj": {"type": "LogFloats", "path": ["metrics", "train", "MAPE"], "values": [{"value": 0.03124438226222992, "step": null, "ts": 1644970847.8882773}]}, "version": 420}
{"obj": {"type": "LogStrings", "path": ["monitoring", "stdout"], "values": [{"value": "[46] train loss: 0.016471710056066513", "step": null, "ts": 1644970847.8893185}]}, "version": 421}
{"obj": {"type": "LogStrings", "path": ["monitoring", "stdout"], "values": [{"value": "\n", "step": null, "ts": 1644970847.8904567}]}, "version": 422}
{"obj": {"type": "LogFloats", "path": ["metrics", "val", "loss"], "values": [{"value": 0.017672069370746613, "step": null, "ts": 1644970848.2660475}]}, "version": 423}
{"obj": {"type": "LogFloats", "path": ["metrics", "val", "MAPE"], "values": [{"value": 0.027542537078261375, "step": null, "ts": 1644970848.2672517}]}, "version": 424}
{"obj": {"type": "LogStrings", "path": ["monitoring", "stdout"], "values": [{"value": "[46] val loss: 0.017672069370746613", "step": null, "ts": 1644970848.2683377}]}, "version": 425}
{"obj": {"type": "LogStrings", "path": ["monitoring", "stdout"], "values": [{"value": "\n", "step": null, "ts": 1644970848.269415}]}, "version": 426}
{"obj": {"type": "LogFloats", "path": ["monitoring", "cpu"], "values": [{"value": 60.8, "step": null, "ts": 1644970849.5277612}]}, "version": 427}
{"obj": {"type": "LogFloats", "path": ["monitoring", "memory"], "values": [{"value": 0.9114608764648438, "step": null, "ts": 1644970849.5277612}]}, "version": 428}
{"obj": {"type": "LogFloats", "path": ["metrics", "train", "loss"], "values": [{"value": 0.019127801060676575, "step": null, "ts": 1644970850.7458575}]}, "version": 429}
{"obj": {"type": "LogFloats", "path": ["metrics", "train", "MAPE"], "values": [{"value": 0.024500582367181778, "step": null, "ts": 1644970850.7470627}]}, "version": 430}
{"obj": {"type": "LogStrings", "path": ["monitoring", "stdout"], "values": [{"value": "[47] train loss: 0.019127801060676575", "step": null, "ts": 1644970850.7483044}]}, "version": 431}
{"obj": {"type": "LogStrings", "path": ["monitoring", "stdout"], "values": [{"value": "\n", "step": null, "ts": 1644970850.7494905}]}, "version": 432}
{"obj": {"type": "LogFloats", "path": ["metrics", "val", "loss"], "values": [{"value": 0.0217901561409235, "step": null, "ts": 1644970851.1526563}]}, "version": 433}
{"obj": {"type": "LogFloats", "path": ["metrics", "val", "MAPE"], "values": [{"value": 0.027997083961963654, "step": null, "ts": 1644970851.1538455}]}, "version": 434}
{"obj": {"type": "LogStrings", "path": ["monitoring", "stdout"], "values": [{"value": "[47] val loss: 0.0217901561409235", "step": null, "ts": 1644970851.1549094}]}, "version": 435}
{"obj": {"type": "LogStrings", "path": ["monitoring", "stdout"], "values": [{"value": "\n", "step": null, "ts": 1644970851.1559415}]}, "version": 436}
{"obj": {"type": "LogFloats", "path": ["metrics", "train", "loss"], "values": [{"value": 0.018998876214027405, "step": null, "ts": 1644970853.6380544}]}, "version": 437}
{"obj": {"type": "LogFloats", "path": ["metrics", "train", "MAPE"], "values": [{"value": 0.022405287250876427, "step": null, "ts": 1644970853.639116}]}, "version": 438}
{"obj": {"type": "LogStrings", "path": ["monitoring", "stdout"], "values": [{"value": "[48] train loss: 0.018998876214027405", "step": null, "ts": 1644970853.6400788}]}, "version": 439}
{"obj": {"type": "LogStrings", "path": ["monitoring", "stdout"], "values": [{"value": "\n", "step": null, "ts": 1644970853.6409907}]}, "version": 440}
{"obj": {"type": "LogFloats", "path": ["metrics", "val", "loss"], "values": [{"value": 0.014620242640376091, "step": null, "ts": 1644970854.015244}]}, "version": 441}
{"obj": {"type": "LogFloats", "path": ["metrics", "val", "MAPE"], "values": [{"value": 0.021787552163004875, "step": null, "ts": 1644970854.0164595}]}, "version": 442}
{"obj": {"type": "LogStrings", "path": ["monitoring", "stdout"], "values": [{"value": "[48] val loss: 0.014620242640376091", "step": null, "ts": 1644970854.0175028}]}, "version": 443}
{"obj": {"type": "LogStrings", "path": ["monitoring", "stdout"], "values": [{"value": "\n", "step": null, "ts": 1644970854.0185587}]}, "version": 444}
{"obj": {"type": "LogFloats", "path": ["metrics", "train", "loss"], "values": [{"value": 0.01829465664923191, "step": null, "ts": 1644970856.7443492}]}, "version": 445}
{"obj": {"type": "LogFloats", "path": ["metrics", "train", "MAPE"], "values": [{"value": 0.02317129261791706, "step": null, "ts": 1644970856.745547}]}, "version": 446}
{"obj": {"type": "LogStrings", "path": ["monitoring", "stdout"], "values": [{"value": "[49] train loss: 0.01829465664923191", "step": null, "ts": 1644970856.7464917}]}, "version": 447}
{"obj": {"type": "LogStrings", "path": ["monitoring", "stdout"], "values": [{"value": "\n", "step": null, "ts": 1644970856.7474864}]}, "version": 448}
{"obj": {"type": "LogFloats", "path": ["metrics", "val", "loss"], "values": [{"value": 0.016402006149291992, "step": null, "ts": 1644970857.1374104}]}, "version": 449}
{"obj": {"type": "LogFloats", "path": ["metrics", "val", "MAPE"], "values": [{"value": 0.023404181003570557, "step": null, "ts": 1644970857.1385674}]}, "version": 450}
{"obj": {"type": "LogStrings", "path": ["monitoring", "stdout"], "values": [{"value": "[49] val loss: 0.016402006149291992", "step": null, "ts": 1644970857.1395378}]}, "version": 451}
{"obj": {"type": "LogStrings", "path": ["monitoring", "stdout"], "values": [{"value": "\n", "step": null, "ts": 1644970857.1404686}]}, "version": 452}
{"obj": {"type": "LogFloats", "path": ["monitoring", "cpu"], "values": [{"value": 60.2, "step": null, "ts": 1644970859.5337863}]}, "version": 453}
{"obj": {"type": "LogFloats", "path": ["monitoring", "memory"], "values": [{"value": 1.1337432861328125, "step": null, "ts": 1644970859.5337863}]}, "version": 454}
{"obj": {"type": "LogFloats", "path": ["metrics", "train", "loss"], "values": [{"value": 0.01454430166631937, "step": null, "ts": 1644970859.5885272}]}, "version": 455}
{"obj": {"type": "LogFloats", "path": ["metrics", "train", "MAPE"], "values": [{"value": 0.020511046051979065, "step": null, "ts": 1644970859.5896327}]}, "version": 456}
{"obj": {"type": "LogStrings", "path": ["monitoring", "stdout"], "values": [{"value": "[50] train loss: 0.01454430166631937", "step": null, "ts": 1644970859.5907707}]}, "version": 457}
{"obj": {"type": "LogStrings", "path": ["monitoring", "stdout"], "values": [{"value": "\n", "step": null, "ts": 1644970859.5917773}]}, "version": 458}
{"obj": {"type": "LogFloats", "path": ["metrics", "val", "loss"], "values": [{"value": 0.012210577726364136, "step": null, "ts": 1644970859.9658535}]}, "version": 459}
{"obj": {"type": "LogFloats", "path": ["metrics", "val", "MAPE"], "values": [{"value": 0.020905712619423866, "step": null, "ts": 1644970859.9669497}]}, "version": 460}
{"obj": {"type": "LogStrings", "path": ["monitoring", "stdout"], "values": [{"value": "[50] val loss: 0.012210577726364136", "step": null, "ts": 1644970859.967992}]}, "version": 461}
{"obj": {"type": "LogStrings", "path": ["monitoring", "stdout"], "values": [{"value": "\n", "step": null, "ts": 1644970859.968913}]}, "version": 462}
{"obj": {"type": "LogFloats", "path": ["metrics", "train", "loss"], "values": [{"value": 0.01837293617427349, "step": null, "ts": 1644970862.572489}]}, "version": 463}
{"obj": {"type": "LogFloats", "path": ["metrics", "train", "MAPE"], "values": [{"value": 0.024533886462450027, "step": null, "ts": 1644970862.573779}]}, "version": 464}
{"obj": {"type": "LogStrings", "path": ["monitoring", "stdout"], "values": [{"value": "[51] train loss: 0.01837293617427349", "step": null, "ts": 1644970862.5748725}]}, "version": 465}
{"obj": {"type": "LogStrings", "path": ["monitoring", "stdout"], "values": [{"value": "\n", "step": null, "ts": 1644970862.5759306}]}, "version": 466}
{"obj": {"type": "LogFloats", "path": ["metrics", "val", "loss"], "values": [{"value": 0.019786832854151726, "step": null, "ts": 1644970862.9531944}]}, "version": 467}
{"obj": {"type": "LogFloats", "path": ["metrics", "val", "MAPE"], "values": [{"value": 0.026096077635884285, "step": null, "ts": 1644970862.9543662}]}, "version": 468}
{"obj": {"type": "LogStrings", "path": ["monitoring", "stdout"], "values": [{"value": "[51] val loss: 0.019786832854151726", "step": null, "ts": 1644970862.955392}]}, "version": 469}
{"obj": {"type": "LogStrings", "path": ["monitoring", "stdout"], "values": [{"value": "\n", "step": null, "ts": 1644970862.9564292}]}, "version": 470}
{"obj": {"type": "LogFloats", "path": ["metrics", "train", "loss"], "values": [{"value": 0.016098830848932266, "step": null, "ts": 1644970865.4585574}]}, "version": 471}
{"obj": {"type": "LogFloats", "path": ["metrics", "train", "MAPE"], "values": [{"value": 0.028018100187182426, "step": null, "ts": 1644970865.459843}]}, "version": 472}
{"obj": {"type": "LogStrings", "path": ["monitoring", "stdout"], "values": [{"value": "[52] train loss: 0.016098830848932266", "step": null, "ts": 1644970865.4609404}]}, "version": 473}
{"obj": {"type": "LogStrings", "path": ["monitoring", "stdout"], "values": [{"value": "\n", "step": null, "ts": 1644970865.4620132}]}, "version": 474}
{"obj": {"type": "LogFloats", "path": ["metrics", "val", "loss"], "values": [{"value": 0.0182788223028183, "step": null, "ts": 1644970865.844152}]}, "version": 475}
{"obj": {"type": "LogFloats", "path": ["metrics", "val", "MAPE"], "values": [{"value": 0.0238665621727705, "step": null, "ts": 1644970865.84527}]}, "version": 476}
{"obj": {"type": "LogStrings", "path": ["monitoring", "stdout"], "values": [{"value": "[52] val loss: 0.0182788223028183", "step": null, "ts": 1644970865.8462539}]}, "version": 477}
{"obj": {"type": "LogStrings", "path": ["monitoring", "stdout"], "values": [{"value": "\n", "step": null, "ts": 1644970865.8471868}]}, "version": 478}
{"obj": {"type": "LogFloats", "path": ["metrics", "train", "loss"], "values": [{"value": 0.015331181697547436, "step": null, "ts": 1644970868.3993244}]}, "version": 479}
{"obj": {"type": "LogFloats", "path": ["metrics", "train", "MAPE"], "values": [{"value": 0.027098575606942177, "step": null, "ts": 1644970868.400473}]}, "version": 480}
{"obj": {"type": "LogStrings", "path": ["monitoring", "stdout"], "values": [{"value": "[53] train loss: 0.015331181697547436", "step": null, "ts": 1644970868.4014876}]}, "version": 481}
{"obj": {"type": "LogStrings", "path": ["monitoring", "stdout"], "values": [{"value": "\n", "step": null, "ts": 1644970868.402465}]}, "version": 482}
{"obj": {"type": "LogFloats", "path": ["metrics", "val", "loss"], "values": [{"value": 0.02238132618367672, "step": null, "ts": 1644970868.8808646}]}, "version": 483}
{"obj": {"type": "LogFloats", "path": ["metrics", "val", "MAPE"], "values": [{"value": 0.02612549066543579, "step": null, "ts": 1644970868.8820508}]}, "version": 484}
{"obj": {"type": "LogStrings", "path": ["monitoring", "stdout"], "values": [{"value": "[53] val loss: 0.02238132618367672", "step": null, "ts": 1644970868.8831203}]}, "version": 485}
{"obj": {"type": "LogStrings", "path": ["monitoring", "stdout"], "values": [{"value": "\n", "step": null, "ts": 1644970868.8841674}]}, "version": 486}
{"obj": {"type": "LogFloats", "path": ["monitoring", "cpu"], "values": [{"value": 59.9, "step": null, "ts": 1644970869.5381227}]}, "version": 487}
{"obj": {"type": "LogFloats", "path": ["monitoring", "memory"], "values": [{"value": 0.7833290100097656, "step": null, "ts": 1644970869.5381227}]}, "version": 488}
{"obj": {"type": "LogFloats", "path": ["metrics", "train", "loss"], "values": [{"value": 0.014387156814336777, "step": null, "ts": 1644970871.4386516}]}, "version": 489}
{"obj": {"type": "LogFloats", "path": ["metrics", "train", "MAPE"], "values": [{"value": 0.027060357853770256, "step": null, "ts": 1644970871.439796}]}, "version": 490}
{"obj": {"type": "LogStrings", "path": ["monitoring", "stdout"], "values": [{"value": "[54] train loss: 0.014387156814336777", "step": null, "ts": 1644970871.4409828}]}, "version": 491}
{"obj": {"type": "LogStrings", "path": ["monitoring", "stdout"], "values": [{"value": "\n", "step": null, "ts": 1644970871.4420652}]}, "version": 492}
{"obj": {"type": "LogFloats", "path": ["metrics", "val", "loss"], "values": [{"value": 0.02170408144593239, "step": null, "ts": 1644970871.8246503}]}, "version": 493}
{"obj": {"type": "LogFloats", "path": ["metrics", "val", "MAPE"], "values": [{"value": 0.027792692184448242, "step": null, "ts": 1644970871.825797}]}, "version": 494}
{"obj": {"type": "LogStrings", "path": ["monitoring", "stdout"], "values": [{"value": "[54] val loss: 0.02170408144593239", "step": null, "ts": 1644970871.8268337}]}, "version": 495}
{"obj": {"type": "LogStrings", "path": ["monitoring", "stdout"], "values": [{"value": "\n", "step": null, "ts": 1644970871.8277807}]}, "version": 496}
{"obj": {"type": "LogFloats", "path": ["metrics", "train", "loss"], "values": [{"value": 0.018542323261499405, "step": null, "ts": 1644970874.2264917}]}, "version": 497}
{"obj": {"type": "LogFloats", "path": ["metrics", "train", "MAPE"], "values": [{"value": 0.021586138755083084, "step": null, "ts": 1644970874.227559}]}, "version": 498}
{"obj": {"type": "LogStrings", "path": ["monitoring", "stdout"], "values": [{"value": "[55] train loss: 0.018542323261499405", "step": null, "ts": 1644970874.2286227}]}, "version": 499}
{"obj": {"type": "LogStrings", "path": ["monitoring", "stdout"], "values": [{"value": "\n", "step": null, "ts": 1644970874.2295775}]}, "version": 500}
{"obj": {"type": "LogFloats", "path": ["metrics", "val", "loss"], "values": [{"value": 0.016566725447773933, "step": null, "ts": 1644970874.6162117}]}, "version": 501}
{"obj": {"type": "LogFloats", "path": ["metrics", "val", "MAPE"], "values": [{"value": 0.02512727491557598, "step": null, "ts": 1644970874.6173944}]}, "version": 502}
{"obj": {"type": "LogStrings", "path": ["monitoring", "stdout"], "values": [{"value": "[55] val loss: 0.016566725447773933", "step": null, "ts": 1644970874.618431}]}, "version": 503}
{"obj": {"type": "LogStrings", "path": ["monitoring", "stdout"], "values": [{"value": "\n", "step": null, "ts": 1644970874.619433}]}, "version": 504}
{"obj": {"type": "LogFloats", "path": ["metrics", "train", "loss"], "values": [{"value": 0.015576155856251717, "step": null, "ts": 1644970877.3223562}]}, "version": 505}
{"obj": {"type": "LogFloats", "path": ["metrics", "train", "MAPE"], "values": [{"value": 0.024109143763780594, "step": null, "ts": 1644970877.3235998}]}, "version": 506}
{"obj": {"type": "LogStrings", "path": ["monitoring", "stdout"], "values": [{"value": "[56] train loss: 0.015576155856251717", "step": null, "ts": 1644970877.3246386}]}, "version": 507}
{"obj": {"type": "LogStrings", "path": ["monitoring", "stdout"], "values": [{"value": "\n", "step": null, "ts": 1644970877.3256252}]}, "version": 508}
{"obj": {"type": "LogFloats", "path": ["metrics", "val", "loss"], "values": [{"value": 0.017483994364738464, "step": null, "ts": 1644970877.7485728}]}, "version": 509}
{"obj": {"type": "LogFloats", "path": ["metrics", "val", "MAPE"], "values": [{"value": 0.025688249617815018, "step": null, "ts": 1644970877.7497907}]}, "version": 510}
{"obj": {"type": "LogStrings", "path": ["monitoring", "stdout"], "values": [{"value": "[56] val loss: 0.017483994364738464", "step": null, "ts": 1644970877.7508419}]}, "version": 511}
{"obj": {"type": "LogStrings", "path": ["monitoring", "stdout"], "values": [{"value": "\n", "step": null, "ts": 1644970877.751883}]}, "version": 512}
{"obj": {"type": "LogFloats", "path": ["monitoring", "cpu"], "values": [{"value": 59.6, "step": null, "ts": 1644970879.543257}]}, "version": 513}
{"obj": {"type": "LogFloats", "path": ["monitoring", "memory"], "values": [{"value": 1.0118560791015625, "step": null, "ts": 1644970879.543257}]}, "version": 514}
{"obj": {"type": "LogFloats", "path": ["metrics", "train", "loss"], "values": [{"value": 0.017355460673570633, "step": null, "ts": 1644970880.256416}]}, "version": 515}
{"obj": {"type": "LogFloats", "path": ["metrics", "train", "MAPE"], "values": [{"value": 0.026876995339989662, "step": null, "ts": 1644970880.2576554}]}, "version": 516}
{"obj": {"type": "LogStrings", "path": ["monitoring", "stdout"], "values": [{"value": "[57] train loss: 0.017355460673570633", "step": null, "ts": 1644970880.2588477}]}, "version": 517}
{"obj": {"type": "LogStrings", "path": ["monitoring", "stdout"], "values": [{"value": "\n", "step": null, "ts": 1644970880.260173}]}, "version": 518}
{"obj": {"type": "LogFloats", "path": ["metrics", "val", "loss"], "values": [{"value": 0.013077993877232075, "step": null, "ts": 1644970880.6485083}]}, "version": 519}
{"obj": {"type": "LogFloats", "path": ["metrics", "val", "MAPE"], "values": [{"value": 0.020627383142709732, "step": null, "ts": 1644970880.6496034}]}, "version": 520}
{"obj": {"type": "LogStrings", "path": ["monitoring", "stdout"], "values": [{"value": "[57] val loss: 0.013077993877232075", "step": null, "ts": 1644970880.65068}]}, "version": 521}
{"obj": {"type": "LogStrings", "path": ["monitoring", "stdout"], "values": [{"value": "\n", "step": null, "ts": 1644970880.651686}]}, "version": 522}
{"obj": {"type": "LogFloats", "path": ["metrics", "train", "loss"], "values": [{"value": 0.014117036014795303, "step": null, "ts": 1644970883.2408972}]}, "version": 523}
{"obj": {"type": "LogFloats", "path": ["metrics", "train", "MAPE"], "values": [{"value": 0.019533958286046982, "step": null, "ts": 1644970883.2420366}]}, "version": 524}
{"obj": {"type": "LogStrings", "path": ["monitoring", "stdout"], "values": [{"value": "[58] train loss: 0.014117036014795303", "step": null, "ts": 1644970883.2430973}]}, "version": 525}
{"obj": {"type": "LogStrings", "path": ["monitoring", "stdout"], "values": [{"value": "\n", "step": null, "ts": 1644970883.2440395}]}, "version": 526}
{"obj": {"type": "LogFloats", "path": ["metrics", "val", "loss"], "values": [{"value": 0.01163523830473423, "step": null, "ts": 1644970883.6261144}]}, "version": 527}
{"obj": {"type": "LogFloats", "path": ["metrics", "val", "MAPE"], "values": [{"value": 0.021374866366386414, "step": null, "ts": 1644970883.6273}]}, "version": 528}
{"obj": {"type": "LogStrings", "path": ["monitoring", "stdout"], "values": [{"value": "[58] val loss: 0.01163523830473423", "step": null, "ts": 1644970883.6283772}]}, "version": 529}
{"obj": {"type": "LogStrings", "path": ["monitoring", "stdout"], "values": [{"value": "\n", "step": null, "ts": 1644970883.6294105}]}, "version": 530}
{"obj": {"type": "LogFloats", "path": ["metrics", "train", "loss"], "values": [{"value": 0.014311033301055431, "step": null, "ts": 1644970886.1187818}]}, "version": 531}
{"obj": {"type": "LogFloats", "path": ["metrics", "train", "MAPE"], "values": [{"value": 0.02198423072695732, "step": null, "ts": 1644970886.1199627}]}, "version": 532}
{"obj": {"type": "LogStrings", "path": ["monitoring", "stdout"], "values": [{"value": "[59] train loss: 0.014311033301055431", "step": null, "ts": 1644970886.1210434}]}, "version": 533}
{"obj": {"type": "LogStrings", "path": ["monitoring", "stdout"], "values": [{"value": "\n", "step": null, "ts": 1644970886.1220663}]}, "version": 534}
{"obj": {"type": "LogFloats", "path": ["metrics", "val", "loss"], "values": [{"value": 0.01786256767809391, "step": null, "ts": 1644970886.5262136}]}, "version": 535}
{"obj": {"type": "LogFloats", "path": ["metrics", "val", "MAPE"], "values": [{"value": 0.02485954575240612, "step": null, "ts": 1644970886.5282445}]}, "version": 536}
{"obj": {"type": "LogStrings", "path": ["monitoring", "stdout"], "values": [{"value": "[59] val loss: 0.01786256767809391", "step": null, "ts": 1644970886.5300844}]}, "version": 537}
{"obj": {"type": "LogStrings", "path": ["monitoring", "stdout"], "values": [{"value": "\n", "step": null, "ts": 1644970886.531066}]}, "version": 538}
{"obj": {"type": "LogFloats", "path": ["metrics", "train", "loss"], "values": [{"value": 0.013748301193118095, "step": null, "ts": 1644970889.1578753}]}, "version": 539}
{"obj": {"type": "LogFloats", "path": ["metrics", "train", "MAPE"], "values": [{"value": 0.016824105754494667, "step": null, "ts": 1644970889.1594653}]}, "version": 540}
{"obj": {"type": "LogStrings", "path": ["monitoring", "stdout"], "values": [{"value": "[60] train loss: 0.013748301193118095", "step": null, "ts": 1644970889.1614287}]}, "version": 541}
{"obj": {"type": "LogStrings", "path": ["monitoring", "stdout"], "values": [{"value": "\n", "step": null, "ts": 1644970889.1624823}]}, "version": 542}
{"obj": {"type": "LogFloats", "path": ["monitoring", "cpu"], "values": [{"value": 60.4, "step": null, "ts": 1644970889.5487056}]}, "version": 543}
{"obj": {"type": "LogFloats", "path": ["monitoring", "memory"], "values": [{"value": 0.9806137084960938, "step": null, "ts": 1644970889.5487056}]}, "version": 544}
{"obj": {"type": "LogFloats", "path": ["metrics", "val", "loss"], "values": [{"value": 0.01079803891479969, "step": null, "ts": 1644970889.6298985}]}, "version": 545}
{"obj": {"type": "LogFloats", "path": ["metrics", "val", "MAPE"], "values": [{"value": 0.020798329263925552, "step": null, "ts": 1644970889.6308916}]}, "version": 546}
{"obj": {"type": "LogStrings", "path": ["monitoring", "stdout"], "values": [{"value": "[60] val loss: 0.01079803891479969", "step": null, "ts": 1644970889.6318214}]}, "version": 547}
{"obj": {"type": "LogStrings", "path": ["monitoring", "stdout"], "values": [{"value": "\n", "step": null, "ts": 1644970889.6327848}]}, "version": 548}
{"obj": {"type": "LogFloats", "path": ["metrics", "train", "loss"], "values": [{"value": 0.012900376692414284, "step": null, "ts": 1644970892.6422005}]}, "version": 549}
{"obj": {"type": "LogFloats", "path": ["metrics", "train", "MAPE"], "values": [{"value": 0.021086905151605606, "step": null, "ts": 1644970892.6437125}]}, "version": 550}
{"obj": {"type": "LogStrings", "path": ["monitoring", "stdout"], "values": [{"value": "[61] train loss: 0.012900376692414284", "step": null, "ts": 1644970892.6447585}]}, "version": 551}
{"obj": {"type": "LogStrings", "path": ["monitoring", "stdout"], "values": [{"value": "\n", "step": null, "ts": 1644970892.6456907}]}, "version": 552}
{"obj": {"type": "LogFloats", "path": ["metrics", "val", "loss"], "values": [{"value": 0.021259836852550507, "step": null, "ts": 1644970893.0819316}]}, "version": 553}
{"obj": {"type": "LogFloats", "path": ["metrics", "val", "MAPE"], "values": [{"value": 0.03348314389586449, "step": null, "ts": 1644970893.0831444}]}, "version": 554}
{"obj": {"type": "LogStrings", "path": ["monitoring", "stdout"], "values": [{"value": "[61] val loss: 0.021259836852550507", "step": null, "ts": 1644970893.0842335}]}, "version": 555}
{"obj": {"type": "LogStrings", "path": ["monitoring", "stdout"], "values": [{"value": "\n", "step": null, "ts": 1644970893.0852447}]}, "version": 556}
{"obj": {"type": "LogFloats", "path": ["metrics", "train", "loss"], "values": [{"value": 0.01880418322980404, "step": null, "ts": 1644970895.790457}]}, "version": 557}
{"obj": {"type": "LogFloats", "path": ["metrics", "train", "MAPE"], "values": [{"value": 0.02402614615857601, "step": null, "ts": 1644970895.7916584}]}, "version": 558}
{"obj": {"type": "LogStrings", "path": ["monitoring", "stdout"], "values": [{"value": "[62] train loss: 0.01880418322980404", "step": null, "ts": 1644970895.7927833}]}, "version": 559}
{"obj": {"type": "LogStrings", "path": ["monitoring", "stdout"], "values": [{"value": "\n", "step": null, "ts": 1644970895.7938223}]}, "version": 560}
{"obj": {"type": "LogFloats", "path": ["metrics", "val", "loss"], "values": [{"value": 0.01500359084457159, "step": null, "ts": 1644970896.2308245}]}, "version": 561}
{"obj": {"type": "LogFloats", "path": ["metrics", "val", "MAPE"], "values": [{"value": 0.02424044907093048, "step": null, "ts": 1644970896.2321296}]}, "version": 562}
{"obj": {"type": "LogStrings", "path": ["monitoring", "stdout"], "values": [{"value": "[62] val loss: 0.01500359084457159", "step": null, "ts": 1644970896.2334394}]}, "version": 563}
{"obj": {"type": "LogStrings", "path": ["monitoring", "stdout"], "values": [{"value": "\n", "step": null, "ts": 1644970896.2344353}]}, "version": 564}
{"obj": {"type": "LogFloats", "path": ["metrics", "train", "loss"], "values": [{"value": 0.016245853155851364, "step": null, "ts": 1644970899.0442924}]}, "version": 565}
{"obj": {"type": "LogFloats", "path": ["metrics", "train", "MAPE"], "values": [{"value": 0.02452479489147663, "step": null, "ts": 1644970899.0456088}]}, "version": 566}
{"obj": {"type": "LogStrings", "path": ["monitoring", "stdout"], "values": [{"value": "[63] train loss: 0.016245853155851364", "step": null, "ts": 1644970899.0466232}]}, "version": 567}
{"obj": {"type": "LogStrings", "path": ["monitoring", "stdout"], "values": [{"value": "\n", "step": null, "ts": 1644970899.0476205}]}, "version": 568}
{"obj": {"type": "LogFloats", "path": ["metrics", "val", "loss"], "values": [{"value": 0.014848748221993446, "step": null, "ts": 1644970899.4654136}]}, "version": 569}
{"obj": {"type": "LogFloats", "path": ["metrics", "val", "MAPE"], "values": [{"value": 0.021389586851000786, "step": null, "ts": 1644970899.4666271}]}, "version": 570}
{"obj": {"type": "LogStrings", "path": ["monitoring", "stdout"], "values": [{"value": "[63] val loss: 0.014848748221993446", "step": null, "ts": 1644970899.4676971}]}, "version": 571}
{"obj": {"type": "LogStrings", "path": ["monitoring", "stdout"], "values": [{"value": "\n", "step": null, "ts": 1644970899.4687483}]}, "version": 572}
{"obj": {"type": "LogFloats", "path": ["monitoring", "cpu"], "values": [{"value": 60.0, "step": null, "ts": 1644970899.5542176}]}, "version": 573}
{"obj": {"type": "LogFloats", "path": ["monitoring", "memory"], "values": [{"value": 0.9887657165527344, "step": null, "ts": 1644970899.5542176}]}, "version": 574}
{"obj": {"type": "LogFloats", "path": ["metrics", "train", "loss"], "values": [{"value": 0.014116323553025723, "step": null, "ts": 1644970902.7547204}]}, "version": 575}
{"obj": {"type": "LogFloats", "path": ["metrics", "train", "MAPE"], "values": [{"value": 0.022308025509119034, "step": null, "ts": 1644970902.7557254}]}, "version": 576}
{"obj": {"type": "LogStrings", "path": ["monitoring", "stdout"], "values": [{"value": "[64] train loss: 0.014116323553025723", "step": null, "ts": 1644970902.7566667}]}, "version": 577}
{"obj": {"type": "LogStrings", "path": ["monitoring", "stdout"], "values": [{"value": "\n", "step": null, "ts": 1644970902.7575643}]}, "version": 578}
{"obj": {"type": "LogFloats", "path": ["metrics", "val", "loss"], "values": [{"value": 0.020705925300717354, "step": null, "ts": 1644970903.4076028}]}, "version": 579}
{"obj": {"type": "LogFloats", "path": ["metrics", "val", "MAPE"], "values": [{"value": 0.02812156267464161, "step": null, "ts": 1644970903.4091792}]}, "version": 580}
{"obj": {"type": "LogStrings", "path": ["monitoring", "stdout"], "values": [{"value": "[64] val loss: 0.020705925300717354", "step": null, "ts": 1644970903.4104884}]}, "version": 581}
{"obj": {"type": "LogStrings", "path": ["monitoring", "stdout"], "values": [{"value": "\n", "step": null, "ts": 1644970903.4116163}]}, "version": 582}
{"obj": {"type": "LogFloats", "path": ["metrics", "train", "loss"], "values": [{"value": 0.013957062736153603, "step": null, "ts": 1644970906.333642}]}, "version": 583}
{"obj": {"type": "LogFloats", "path": ["metrics", "train", "MAPE"], "values": [{"value": 0.024403784424066544, "step": null, "ts": 1644970906.3347461}]}, "version": 584}
{"obj": {"type": "LogStrings", "path": ["monitoring", "stdout"], "values": [{"value": "[65] train loss: 0.013957062736153603", "step": null, "ts": 1644970906.335802}]}, "version": 585}
{"obj": {"type": "LogStrings", "path": ["monitoring", "stdout"], "values": [{"value": "\n", "step": null, "ts": 1644970906.3367755}]}, "version": 586}
{"obj": {"type": "LogFloats", "path": ["metrics", "val", "loss"], "values": [{"value": 0.029583260416984558, "step": null, "ts": 1644970906.745592}]}, "version": 587}
{"obj": {"type": "LogFloats", "path": ["metrics", "val", "MAPE"], "values": [{"value": 0.034765373915433884, "step": null, "ts": 1644970906.7468743}]}, "version": 588}
{"obj": {"type": "LogStrings", "path": ["monitoring", "stdout"], "values": [{"value": "[65] val loss: 0.029583260416984558", "step": null, "ts": 1644970906.7479243}]}, "version": 589}
{"obj": {"type": "LogStrings", "path": ["monitoring", "stdout"], "values": [{"value": "\n", "step": null, "ts": 1644970906.748911}]}, "version": 590}
{"obj": {"type": "LogFloats", "path": ["monitoring", "cpu"], "values": [{"value": 59.6, "step": null, "ts": 1644970909.5588148}]}, "version": 591}
{"obj": {"type": "LogFloats", "path": ["monitoring", "memory"], "values": [{"value": 1.0898933410644531, "step": null, "ts": 1644970909.5588148}]}, "version": 592}
{"obj": {"type": "LogFloats", "path": ["metrics", "train", "loss"], "values": [{"value": 0.016384834423661232, "step": null, "ts": 1644970909.9861574}]}, "version": 593}
{"obj": {"type": "LogFloats", "path": ["metrics", "train", "MAPE"], "values": [{"value": 0.018679726868867874, "step": null, "ts": 1644970909.987328}]}, "version": 594}
{"obj": {"type": "LogStrings", "path": ["monitoring", "stdout"], "values": [{"value": "[66] train loss: 0.016384834423661232", "step": null, "ts": 1644970909.9884632}]}, "version": 595}
{"obj": {"type": "LogStrings", "path": ["monitoring", "stdout"], "values": [{"value": "\n", "step": null, "ts": 1644970909.9895158}]}, "version": 596}
