{"obj": {"type": "AssignString", "path": ["sys", "name"], "value": "Untitled"}, "version": 1}
{"obj": {"type": "AssignString", "path": ["sys", "description"], "value": ""}, "version": 2}
{"obj": {"type": "AssignString", "path": ["sys", "hostname"], "value": "DESKTOP-3318E9E"}, "version": 3}
{"obj": {"type": "AssignBool", "path": ["sys", "failed"], "value": false}, "version": 4}
{"obj": {"type": "ClearStringLog", "path": ["monitoring", "stdout"]}, "version": 5}
{"obj": {"type": "ClearStringLog", "path": ["monitoring", "stderr"]}, "version": 6}
{"obj": {"type": "AssignString", "path": ["source_code", "entrypoint"], "value": "train_hyperdist.py"}, "version": 7}
{"obj": {"type": "UploadFileSet", "path": ["source_code", "files"], "file_globs": ["/mnt/c/Users/janko/PycharmProjects/hyperbolic/src/train_hyperdist.py"], "reset": "False"}, "version": 8}
{"obj": {"type": "LogStrings", "path": ["monitoring", "stderr"], "values": [{"value": "Info (NVML): NVML Shared Library Not Found. GPU usage metrics may not be reported. For more information, see https://docs.neptune.ai/you-should-know/what-can-you-log-and-display#hardware-consumption\n", "step": null, "ts": 1644942762.2273686}]}, "version": 9}
{"obj": {"type": "ConfigFloatSeries", "path": ["monitoring", "cpu"], "min": 0.0, "max": 100.0, "unit": "%"}, "version": 10}
{"obj": {"type": "ClearFloatLog", "path": ["monitoring", "cpu"]}, "version": 11}
{"obj": {"type": "ConfigFloatSeries", "path": ["monitoring", "memory"], "min": 0.0, "max": 12.391899108886719, "unit": "GB"}, "version": 12}
{"obj": {"type": "ClearFloatLog", "path": ["monitoring", "memory"]}, "version": 13}
{"obj": {"type": "AssignInt", "path": ["config", "epochs"], "value": 300}, "version": 14}
{"obj": {"type": "AssignFloat", "path": ["config", "dataset_params", "n_samples"], "value": 10000.0}, "version": 15}
{"obj": {"type": "AssignInt", "path": ["config", "dataset_params", "dim"], "value": 8}, "version": 16}
{"obj": {"type": "AssignFloat", "path": ["config", "dataset_params", "eps"], "value": 0.01}, "version": 17}
{"obj": {"type": "AssignInt", "path": ["config", "dataset_params", "bs"], "value": 256}, "version": 18}
{"obj": {"type": "AssignString", "path": ["config", "model", "name"], "value": "EncoderHeadModel"}, "version": 19}
{"obj": {"type": "AssignString", "path": ["config", "model", "encoder", "name"], "value": "EuclideanFFNEncoder"}, "version": 20}
{"obj": {"type": "AssignInt", "path": ["config", "model", "encoder", "io_dim"], "value": 8}, "version": 21}
{"obj": {"type": "AssignInt", "path": ["config", "model", "encoder", "clipping_r"], "value": 9}, "version": 22}
{"obj": {"type": "AssignString", "path": ["config", "model", "encoder", "hidden_dims"], "value": "[128, 256, 256, 128]"}, "version": 23}
{"obj": {"type": "AssignString", "path": ["config", "model", "encoder", "activations"], "value": "relu"}, "version": 24}
{"obj": {"type": "AssignBool", "path": ["config", "model", "encoder", "batch_norm"], "value": true}, "version": 25}
{"obj": {"type": "AssignString", "path": ["config", "model", "head", "name"], "value": "EuclideanFFN"}, "version": 26}
{"obj": {"type": "AssignInt", "path": ["config", "model", "head", "input_dim"], "value": 8}, "version": 27}
{"obj": {"type": "AssignString", "path": ["config", "model", "head", "hidden_dims"], "value": "[64, 64]"}, "version": 28}
{"obj": {"type": "AssignString", "path": ["config", "model", "head", "activations"], "value": "relu"}, "version": 29}
{"obj": {"type": "AssignInt", "path": ["config", "model", "head", "output_dim"], "value": 1}, "version": 30}
{"obj": {"type": "AssignBool", "path": ["config", "model", "head", "batch_norm"], "value": true}, "version": 31}
{"obj": {"type": "AssignString", "path": ["config", "optimizer", "name"], "value": "SGD"}, "version": 32}
{"obj": {"type": "AssignFloat", "path": ["config", "optimizer", "lr"], "value": 0.01}, "version": 33}
{"obj": {"type": "AssignFloat", "path": ["config", "optimizer", "momentum"], "value": 0.9}, "version": 34}
{"obj": {"type": "AssignString", "path": ["config", "scheduler", "name"], "value": "None"}, "version": 35}
{"obj": {"type": "AssignString", "path": ["config", "metrics", "loss"], "value": "MSE"}, "version": 36}
{"obj": {"type": "AssignString", "path": ["config", "metrics", "additional"], "value": "['MAPE']"}, "version": 37}
{"obj": {"type": "AssignString", "path": ["config", "neptune", "project"], "value": "jkociniak/hyperbolic-dist-pred"}, "version": 38}
{"obj": {"type": "AssignString", "path": ["config", "neptune", "api_token"], "value": "eyJhcGlfYWRkcmVzcyI6Imh0dHBzOi8vYXBwLm5lcHR1bmUuYWkiLCJhcGlfdXJsIjoiaHR0cHM6Ly9hcHAubmVwdHVuZS5haSIsImFwaV9rZXkiOiIxMmVmNjk0Yi1hMmZjLTQ3NmYtODBkZi1mZmM2NDMwNTk1ZTcifQ=="}, "version": 39}
{"obj": {"type": "LogFloats", "path": ["monitoring", "cpu"], "values": [{"value": 14.7, "step": null, "ts": 1644942762.234007}]}, "version": 40}
{"obj": {"type": "LogFloats", "path": ["monitoring", "memory"], "values": [{"value": 0.4751014709472656, "step": null, "ts": 1644942762.234007}]}, "version": 41}
{"obj": {"type": "LogStrings", "path": ["monitoring", "stdout"], "values": [{"value": "torch.float32", "step": null, "ts": 1644942762.3400593}]}, "version": 42}
{"obj": {"type": "LogStrings", "path": ["monitoring", "stdout"], "values": [{"value": "\n", "step": null, "ts": 1644942762.343918}]}, "version": 43}
{"obj": {"type": "LogStrings", "path": ["monitoring", "stdout"], "values": [{"value": "torch.float64", "step": null, "ts": 1644942762.3451009}]}, "version": 44}
{"obj": {"type": "LogStrings", "path": ["monitoring", "stdout"], "values": [{"value": "\n", "step": null, "ts": 1644942762.3464272}]}, "version": 45}
{"obj": {"type": "LogStrings", "path": ["monitoring", "traceback"], "values": [{"value": "An uncaught exception occurred while run was active on worker DESKTOP-3318E9E.", "step": null, "ts": 1644942762.3714588}, {"value": "Marking run as failed", "step": null, "ts": 1644942762.3714588}, {"value": "Traceback:", "step": null, "ts": 1644942762.3714588}, {"value": "  File \"/mnt/c/Users/janko/PycharmProjects/hyperbolic/src/train_hyperdist.py\", line 12, in <module>\n    run_training(config)\n", "step": null, "ts": 1644942762.3714588}, {"value": "  File \"/mnt/c/Users/janko/PycharmProjects/hyperbolic/src/hyperdist/config.py\", line 19, in run_training\n    train_loop(run,\n", "step": null, "ts": 1644942762.3714588}, {"value": "  File \"/mnt/c/Users/janko/PycharmProjects/hyperbolic/src/hyperdist/loops.py\", line 7, in train_loop\n    train_loss, train_metrics = train(model, criterion, metrics_dict, optimizer, train_loader)\n", "step": null, "ts": 1644942762.3714588}, {"value": "  File \"/mnt/c/Users/janko/PycharmProjects/hyperbolic/src/hyperdist/loops.py\", line 46, in train\n    loss.backward()\n", "step": null, "ts": 1644942762.3714588}, {"value": "  File \"/home/janko/venvs/dist_pred_linux/lib/python3.8/site-packages/torch/_tensor.py\", line 307, in backward\n    torch.autograd.backward(self, gradient, retain_graph, create_graph, inputs=inputs)\n", "step": null, "ts": 1644942762.3714588}, {"value": "  File \"/home/janko/venvs/dist_pred_linux/lib/python3.8/site-packages/torch/autograd/__init__.py\", line 154, in backward\n    Variable._execution_engine.run_backward(\n", "step": null, "ts": 1644942762.3714588}, {"value": "Found dtype Double but expected Float", "step": null, "ts": 1644942762.3714588}]}, "version": 46}
{"obj": {"type": "AssignBool", "path": ["sys", "failed"], "value": true}, "version": 47}
{"obj": {"type": "LogStrings", "path": ["monitoring", "stderr"], "values": [{"value": "Traceback (most recent call last):\n", "step": null, "ts": 1644942762.3733215}]}, "version": 48}
{"obj": {"type": "LogStrings", "path": ["monitoring", "stderr"], "values": [{"value": "  File \"/mnt/c/Users/janko/PycharmProjects/hyperbolic/src/train_hyperdist.py\", line 12, in <module>\n", "step": null, "ts": 1644942762.374249}]}, "version": 49}
{"obj": {"type": "LogStrings", "path": ["monitoring", "stderr"], "values": [{"value": "    ", "step": null, "ts": 1644942762.3765764}]}, "version": 50}
{"obj": {"type": "LogStrings", "path": ["monitoring", "stderr"], "values": [{"value": "run_training(config)", "step": null, "ts": 1644942762.3776093}]}, "version": 51}
{"obj": {"type": "LogStrings", "path": ["monitoring", "stderr"], "values": [{"value": "\n", "step": null, "ts": 1644942762.3785322}]}, "version": 52}
{"obj": {"type": "LogStrings", "path": ["monitoring", "stderr"], "values": [{"value": "  File \"/mnt/c/Users/janko/PycharmProjects/hyperbolic/src/hyperdist/config.py\", line 19, in run_training\n", "step": null, "ts": 1644942762.379463}]}, "version": 53}
{"obj": {"type": "LogStrings", "path": ["monitoring", "stderr"], "values": [{"value": "    ", "step": null, "ts": 1644942762.3825347}]}, "version": 54}
{"obj": {"type": "LogStrings", "path": ["monitoring", "stderr"], "values": [{"value": "train_loop(run,", "step": null, "ts": 1644942762.3834703}]}, "version": 55}
{"obj": {"type": "LogStrings", "path": ["monitoring", "stderr"], "values": [{"value": "\n", "step": null, "ts": 1644942762.3847735}]}, "version": 56}
{"obj": {"type": "LogStrings", "path": ["monitoring", "stderr"], "values": [{"value": "  File \"/mnt/c/Users/janko/PycharmProjects/hyperbolic/src/hyperdist/loops.py\", line 7, in train_loop\n", "step": null, "ts": 1644942762.3859587}]}, "version": 57}
{"obj": {"type": "LogStrings", "path": ["monitoring", "stderr"], "values": [{"value": "    ", "step": null, "ts": 1644942762.3890245}]}, "version": 58}
{"obj": {"type": "LogStrings", "path": ["monitoring", "stderr"], "values": [{"value": "train_loss, train_metrics = train(model, criterion, metrics_dict, optimizer, train_loader)", "step": null, "ts": 1644942762.3900352}]}, "version": 59}
{"obj": {"type": "LogStrings", "path": ["monitoring", "stderr"], "values": [{"value": "\n", "step": null, "ts": 1644942762.391019}]}, "version": 60}
{"obj": {"type": "LogStrings", "path": ["monitoring", "stderr"], "values": [{"value": "  File \"/mnt/c/Users/janko/PycharmProjects/hyperbolic/src/hyperdist/loops.py\", line 46, in train\n", "step": null, "ts": 1644942762.3919647}]}, "version": 61}
{"obj": {"type": "LogStrings", "path": ["monitoring", "stderr"], "values": [{"value": "    ", "step": null, "ts": 1644942762.3955302}]}, "version": 62}
{"obj": {"type": "LogStrings", "path": ["monitoring", "stderr"], "values": [{"value": "loss.backward()", "step": null, "ts": 1644942762.3964524}]}, "version": 63}
{"obj": {"type": "LogStrings", "path": ["monitoring", "stderr"], "values": [{"value": "\n", "step": null, "ts": 1644942762.3975117}]}, "version": 64}
{"obj": {"type": "LogStrings", "path": ["monitoring", "stderr"], "values": [{"value": "  File \"/home/janko/venvs/dist_pred_linux/lib/python3.8/site-packages/torch/_tensor.py\", line 307, in backward\n", "step": null, "ts": 1644942762.398499}]}, "version": 65}
{"obj": {"type": "LogStrings", "path": ["monitoring", "stderr"], "values": [{"value": "    ", "step": null, "ts": 1644942762.3996773}]}, "version": 66}
{"obj": {"type": "LogStrings", "path": ["monitoring", "stderr"], "values": [{"value": "torch.autograd.backward(self, gradient, retain_graph, create_graph, inputs=inputs)", "step": null, "ts": 1644942762.4007168}]}, "version": 67}
{"obj": {"type": "LogStrings", "path": ["monitoring", "stderr"], "values": [{"value": "\n", "step": null, "ts": 1644942762.4016979}]}, "version": 68}
{"obj": {"type": "LogStrings", "path": ["monitoring", "stderr"], "values": [{"value": "  File \"/home/janko/venvs/dist_pred_linux/lib/python3.8/site-packages/torch/autograd/__init__.py\", line 154, in backward\n", "step": null, "ts": 1644942762.4026356}]}, "version": 69}
{"obj": {"type": "LogStrings", "path": ["monitoring", "stderr"], "values": [{"value": "    ", "step": null, "ts": 1644942762.4036822}]}, "version": 70}
{"obj": {"type": "LogStrings", "path": ["monitoring", "stderr"], "values": [{"value": "Variable._execution_engine.run_backward(", "step": null, "ts": 1644942762.4046965}]}, "version": 71}
{"obj": {"type": "LogStrings", "path": ["monitoring", "stderr"], "values": [{"value": "\n", "step": null, "ts": 1644942762.4067612}]}, "version": 72}
{"obj": {"type": "LogStrings", "path": ["monitoring", "stderr"], "values": [{"value": "RuntimeError", "step": null, "ts": 1644942762.41036}]}, "version": 73}
{"obj": {"type": "LogStrings", "path": ["monitoring", "stderr"], "values": [{"value": ": ", "step": null, "ts": 1644942762.4119914}]}, "version": 74}
{"obj": {"type": "LogStrings", "path": ["monitoring", "stderr"], "values": [{"value": "Found dtype Double but expected Float", "step": null, "ts": 1644942762.4129746}]}, "version": 75}
{"obj": {"type": "LogStrings", "path": ["monitoring", "stderr"], "values": [{"value": "\n", "step": null, "ts": 1644942762.4139261}]}, "version": 76}
{"obj": {"type": "LogStrings", "path": ["monitoring", "stdout"], "values": [{"value": "", "step": null, "ts": 1644942762.414911}]}, "version": 77}
{"obj": {"type": "LogStrings", "path": ["monitoring", "stdout"], "values": [{"value": "Shutting down background jobs, please wait a moment...\n", "step": null, "ts": 1644942762.4159021}]}, "version": 78}
