{"obj": {"type": "AssignString", "path": ["sys", "name"], "value": "Untitled"}, "version": 1}
{"obj": {"type": "AssignString", "path": ["sys", "description"], "value": ""}, "version": 2}
{"obj": {"type": "AssignString", "path": ["sys", "hostname"], "value": "DESKTOP-3318E9E"}, "version": 3}
{"obj": {"type": "AssignBool", "path": ["sys", "failed"], "value": false}, "version": 4}
{"obj": {"type": "ClearStringLog", "path": ["monitoring", "stdout"]}, "version": 5}
{"obj": {"type": "ClearStringLog", "path": ["monitoring", "stderr"]}, "version": 6}
{"obj": {"type": "AssignString", "path": ["source_code", "entrypoint"], "value": "train_hyperdist.py"}, "version": 7}
{"obj": {"type": "UploadFileSet", "path": ["source_code", "files"], "file_globs": ["/mnt/c/Users/janko/PycharmProjects/hyperbolic/src/train_hyperdist.py"], "reset": "False"}, "version": 8}
{"obj": {"type": "LogStrings", "path": ["monitoring", "stderr"], "values": [{"value": "Info (NVML): NVML Shared Library Not Found. GPU usage metrics may not be reported. For more information, see https://docs.neptune.ai/you-should-know/what-can-you-log-and-display#hardware-consumption\n", "step": null, "ts": 1644977144.7437274}]}, "version": 9}
{"obj": {"type": "ConfigFloatSeries", "path": ["monitoring", "cpu"], "min": 0.0, "max": 100.0, "unit": "%"}, "version": 10}
{"obj": {"type": "ClearFloatLog", "path": ["monitoring", "cpu"]}, "version": 11}
{"obj": {"type": "ConfigFloatSeries", "path": ["monitoring", "memory"], "min": 0.0, "max": 12.391899108886719, "unit": "GB"}, "version": 12}
{"obj": {"type": "ClearFloatLog", "path": ["monitoring", "memory"]}, "version": 13}
{"obj": {"type": "LogFloats", "path": ["monitoring", "cpu"], "values": [{"value": 20.7, "step": null, "ts": 1644977144.7515635}]}, "version": 14}
{"obj": {"type": "AssignString", "path": ["config", "epochs"], "value": "2"}, "version": 15}
{"obj": {"type": "AssignString", "path": ["config", "dataset_params", "n_samples"], "value": "100000.0"}, "version": 16}
{"obj": {"type": "AssignString", "path": ["config", "dataset_params", "dim"], "value": "2"}, "version": 17}
{"obj": {"type": "AssignString", "path": ["config", "dataset_params", "eps"], "value": "0.01"}, "version": 18}
{"obj": {"type": "AssignString", "path": ["config", "dataset_params", "bs"], "value": "256"}, "version": 19}
{"obj": {"type": "AssignString", "path": ["config", "model", "name"], "value": "EuclideanFFNModel"}, "version": 20}
{"obj": {"type": "AssignString", "path": ["config", "model", "input_dim"], "value": "2"}, "version": 21}
{"obj": {"type": "AssignString", "path": ["config", "model", "hidden_dims"], "value": "[2]"}, "version": 22}
{"obj": {"type": "AssignString", "path": ["config", "model", "activations"], "value": "relu"}, "version": 23}
{"obj": {"type": "AssignString", "path": ["config", "optimizer", "name"], "value": "SGD"}, "version": 24}
{"obj": {"type": "AssignString", "path": ["config", "optimizer", "lr"], "value": "0.01"}, "version": 25}
{"obj": {"type": "AssignString", "path": ["config", "optimizer", "momentum"], "value": "0.9"}, "version": 26}
{"obj": {"type": "AssignString", "path": ["config", "scheduler", "name"], "value": "ReduceLROnPlateau"}, "version": 27}
{"obj": {"type": "AssignString", "path": ["config", "scheduler", "factor"], "value": "0.9"}, "version": 28}
{"obj": {"type": "AssignString", "path": ["config", "scheduler", "verbose"], "value": "True"}, "version": 29}
{"obj": {"type": "AssignString", "path": ["config", "scheduler", "eps"], "value": "1e-07"}, "version": 30}
{"obj": {"type": "AssignString", "path": ["config", "metrics", "loss"], "value": "MSE"}, "version": 31}
{"obj": {"type": "AssignString", "path": ["config", "metrics", "additional"], "value": "['MAPE']"}, "version": 32}
{"obj": {"type": "AssignString", "path": ["config", "neptune", "project"], "value": "jkociniak/hyperbolic-dist-pred"}, "version": 33}
{"obj": {"type": "AssignString", "path": ["config", "neptune", "api_token"], "value": "eyJhcGlfYWRkcmVzcyI6Imh0dHBzOi8vYXBwLm5lcHR1bmUuYWkiLCJhcGlfdXJsIjoiaHR0cHM6Ly9hcHAubmVwdHVuZS5haSIsImFwaV9rZXkiOiIxMmVmNjk0Yi1hMmZjLTQ3NmYtODBkZi1mZmM2NDMwNTk1ZTcifQ=="}, "version": 34}
{"obj": {"type": "LogFloats", "path": ["monitoring", "memory"], "values": [{"value": 0.4899253845214844, "step": null, "ts": 1644977144.7515635}]}, "version": 35}
{"obj": {"type": "LogFloats", "path": ["metrics", "train", "loss"], "values": [{"value": 2.937610626220703, "step": null, "ts": 1644977145.6952717}]}, "version": 36}
{"obj": {"type": "LogFloats", "path": ["metrics", "train", "MAPE"], "values": [{"value": 0.4165821671485901, "step": null, "ts": 1644977145.6963942}]}, "version": 37}
{"obj": {"type": "LogStrings", "path": ["monitoring", "stdout"], "values": [{"value": "[1] train loss: 2.937610626220703", "step": null, "ts": 1644977145.6974523}]}, "version": 38}
{"obj": {"type": "LogStrings", "path": ["monitoring", "stdout"], "values": [{"value": "\n", "step": null, "ts": 1644977145.698512}]}, "version": 39}
{"obj": {"type": "LogFloats", "path": ["metrics", "val", "loss"], "values": [{"value": 2.7361068725585938, "step": null, "ts": 1644977145.980296}]}, "version": 40}
{"obj": {"type": "LogFloats", "path": ["metrics", "val", "MAPE"], "values": [{"value": 0.4261329770088196, "step": null, "ts": 1644977145.981475}]}, "version": 41}
{"obj": {"type": "LogStrings", "path": ["monitoring", "stdout"], "values": [{"value": "[1] val loss: 2.7361068725585938", "step": null, "ts": 1644977145.9825664}]}, "version": 42}
{"obj": {"type": "LogStrings", "path": ["monitoring", "stdout"], "values": [{"value": "\n", "step": null, "ts": 1644977145.9835973}]}, "version": 43}
{"obj": {"type": "LogFloats", "path": ["metrics", "train", "loss"], "values": [{"value": 2.7219371795654297, "step": null, "ts": 1644977146.8830426}]}, "version": 44}
{"obj": {"type": "LogFloats", "path": ["metrics", "train", "MAPE"], "values": [{"value": 0.3908917307853699, "step": null, "ts": 1644977146.8842494}]}, "version": 45}
{"obj": {"type": "LogStrings", "path": ["monitoring", "stdout"], "values": [{"value": "[2] train loss: 2.7219371795654297", "step": null, "ts": 1644977146.8853934}]}, "version": 46}
{"obj": {"type": "LogStrings", "path": ["monitoring", "stdout"], "values": [{"value": "\n", "step": null, "ts": 1644977146.886427}]}, "version": 47}
{"obj": {"type": "LogFloats", "path": ["metrics", "val", "loss"], "values": [{"value": 2.7467236518859863, "step": null, "ts": 1644977147.1431565}]}, "version": 48}
{"obj": {"type": "LogFloats", "path": ["metrics", "val", "MAPE"], "values": [{"value": 0.42778146266937256, "step": null, "ts": 1644977147.1443515}]}, "version": 49}
{"obj": {"type": "LogStrings", "path": ["monitoring", "stdout"], "values": [{"value": "[2] val loss: 2.7467236518859863", "step": null, "ts": 1644977147.1454272}]}, "version": 50}
{"obj": {"type": "LogStrings", "path": ["monitoring", "stdout"], "values": [{"value": "\n", "step": null, "ts": 1644977147.1464484}]}, "version": 51}
{"obj": {"type": "LogStrings", "path": ["monitoring", "stdout"], "values": [{"value": "Training finished", "step": null, "ts": 1644977147.1474957}]}, "version": 52}
{"obj": {"type": "LogStrings", "path": ["monitoring", "stdout"], "values": [{"value": "\n", "step": null, "ts": 1644977147.1484628}]}, "version": 53}
{"obj": {"type": "LogStrings", "path": ["monitoring", "stdout"], "values": [{"value": "", "step": null, "ts": 1644977147.149473}]}, "version": 54}
{"obj": {"type": "LogStrings", "path": ["monitoring", "stdout"], "values": [{"value": "Shutting down background jobs, please wait a moment...\n", "step": null, "ts": 1644977147.1505644}]}, "version": 55}
