{"obj": {"type": "AssignString", "path": ["sys", "name"], "value": "Untitled"}, "version": 1}
{"obj": {"type": "AssignString", "path": ["sys", "description"], "value": ""}, "version": 2}
{"obj": {"type": "AssignString", "path": ["sys", "hostname"], "value": "DESKTOP-3318E9E"}, "version": 3}
{"obj": {"type": "AssignBool", "path": ["sys", "failed"], "value": false}, "version": 4}
{"obj": {"type": "ClearStringLog", "path": ["monitoring", "stdout"]}, "version": 5}
{"obj": {"type": "ClearStringLog", "path": ["monitoring", "stderr"]}, "version": 6}
{"obj": {"type": "AssignString", "path": ["source_code", "entrypoint"], "value": "train_hyperdist.py"}, "version": 7}
{"obj": {"type": "UploadFileSet", "path": ["source_code", "files"], "file_globs": ["/mnt/c/Users/janko/PycharmProjects/hyperbolic/src/train_hyperdist.py"], "reset": "False"}, "version": 8}
{"obj": {"type": "LogStrings", "path": ["monitoring", "stderr"], "values": [{"value": "Info (NVML): NVML Shared Library Not Found. GPU usage metrics may not be reported. For more information, see https://docs.neptune.ai/you-should-know/what-can-you-log-and-display#hardware-consumption\n", "step": null, "ts": 1644977339.3838875}]}, "version": 9}
{"obj": {"type": "ConfigFloatSeries", "path": ["monitoring", "cpu"], "min": 0.0, "max": 100.0, "unit": "%"}, "version": 10}
{"obj": {"type": "ClearFloatLog", "path": ["monitoring", "cpu"]}, "version": 11}
{"obj": {"type": "ConfigFloatSeries", "path": ["monitoring", "memory"], "min": 0.0, "max": 12.391899108886719, "unit": "GB"}, "version": 12}
{"obj": {"type": "ClearFloatLog", "path": ["monitoring", "memory"]}, "version": 13}
{"obj": {"type": "LogFloats", "path": ["monitoring", "cpu"], "values": [{"value": 21.2, "step": null, "ts": 1644977339.3914912}]}, "version": 14}
{"obj": {"type": "AssignString", "path": ["config", "epochs"], "value": "2"}, "version": 15}
{"obj": {"type": "AssignString", "path": ["config", "dataset_params", "n_samples"], "value": "100000.0"}, "version": 16}
{"obj": {"type": "AssignString", "path": ["config", "dataset_params", "dim"], "value": "2"}, "version": 17}
{"obj": {"type": "AssignString", "path": ["config", "dataset_params", "eps"], "value": "0.01"}, "version": 18}
{"obj": {"type": "AssignString", "path": ["config", "dataset_params", "bs"], "value": "256"}, "version": 19}
{"obj": {"type": "AssignString", "path": ["config", "model", "name"], "value": "EuclideanFFNModel"}, "version": 20}
{"obj": {"type": "AssignString", "path": ["config", "model", "input_dim"], "value": "2"}, "version": 21}
{"obj": {"type": "AssignString", "path": ["config", "model", "hidden_dims"], "value": "[2]"}, "version": 22}
{"obj": {"type": "AssignString", "path": ["config", "model", "activations"], "value": "relu"}, "version": 23}
{"obj": {"type": "AssignString", "path": ["config", "optimizer", "name"], "value": "SGD"}, "version": 24}
{"obj": {"type": "AssignString", "path": ["config", "optimizer", "lr"], "value": "0.01"}, "version": 25}
{"obj": {"type": "AssignString", "path": ["config", "optimizer", "momentum"], "value": "0.9"}, "version": 26}
{"obj": {"type": "AssignString", "path": ["config", "scheduler", "name"], "value": "ReduceLROnPlateau"}, "version": 27}
{"obj": {"type": "AssignString", "path": ["config", "scheduler", "factor"], "value": "0.9"}, "version": 28}
{"obj": {"type": "AssignString", "path": ["config", "scheduler", "verbose"], "value": "True"}, "version": 29}
{"obj": {"type": "AssignString", "path": ["config", "scheduler", "eps"], "value": "1e-07"}, "version": 30}
{"obj": {"type": "AssignString", "path": ["config", "metrics", "loss"], "value": "MSE"}, "version": 31}
{"obj": {"type": "AssignString", "path": ["config", "metrics", "additional"], "value": "['MAPE']"}, "version": 32}
{"obj": {"type": "AssignString", "path": ["config", "neptune", "project"], "value": "jkociniak/hyperbolic-dist-pred"}, "version": 33}
{"obj": {"type": "AssignString", "path": ["config", "neptune", "api_token"], "value": "eyJhcGlfYWRkcmVzcyI6Imh0dHBzOi8vYXBwLm5lcHR1bmUuYWkiLCJhcGlfdXJsIjoiaHR0cHM6Ly9hcHAubmVwdHVuZS5haSIsImFwaV9rZXkiOiIxMmVmNjk0Yi1hMmZjLTQ3NmYtODBkZi1mZmM2NDMwNTk1ZTcifQ=="}, "version": 34}
{"obj": {"type": "LogFloats", "path": ["monitoring", "memory"], "values": [{"value": 0.4933357238769531, "step": null, "ts": 1644977339.3914912}]}, "version": 35}
{"obj": {"type": "LogFloats", "path": ["metrics", "train", "loss"], "values": [{"value": 2.948951244354248, "step": null, "ts": 1644977340.3671455}]}, "version": 36}
{"obj": {"type": "LogFloats", "path": ["metrics", "train", "MAPE"], "values": [{"value": 0.49642056226730347, "step": null, "ts": 1644977340.368297}]}, "version": 37}
{"obj": {"type": "LogStrings", "path": ["monitoring", "stdout"], "values": [{"value": "[1] train loss: 2.948951244354248", "step": null, "ts": 1644977340.3693295}]}, "version": 38}
{"obj": {"type": "LogStrings", "path": ["monitoring", "stdout"], "values": [{"value": "\n", "step": null, "ts": 1644977340.3703067}]}, "version": 39}
{"obj": {"type": "LogFloats", "path": ["metrics", "val", "loss"], "values": [{"value": 2.7824361324310303, "step": null, "ts": 1644977340.6347616}]}, "version": 40}
{"obj": {"type": "LogFloats", "path": ["metrics", "val", "MAPE"], "values": [{"value": 0.4430985152721405, "step": null, "ts": 1644977340.6359339}]}, "version": 41}
{"obj": {"type": "LogStrings", "path": ["monitoring", "stdout"], "values": [{"value": "[1] val loss: 2.7824361324310303", "step": null, "ts": 1644977340.636899}]}, "version": 42}
{"obj": {"type": "LogStrings", "path": ["monitoring", "stdout"], "values": [{"value": "\n", "step": null, "ts": 1644977340.6377845}]}, "version": 43}
{"obj": {"type": "LogFloats", "path": ["metrics", "train", "loss"], "values": [{"value": 2.711822271347046, "step": null, "ts": 1644977341.5685866}]}, "version": 44}
{"obj": {"type": "LogFloats", "path": ["metrics", "train", "MAPE"], "values": [{"value": 0.3941345512866974, "step": null, "ts": 1644977341.5697303}]}, "version": 45}
{"obj": {"type": "LogStrings", "path": ["monitoring", "stdout"], "values": [{"value": "[2] train loss: 2.711822271347046", "step": null, "ts": 1644977341.5707486}]}, "version": 46}
{"obj": {"type": "LogStrings", "path": ["monitoring", "stdout"], "values": [{"value": "\n", "step": null, "ts": 1644977341.5717032}]}, "version": 47}
{"obj": {"type": "LogFloats", "path": ["metrics", "val", "loss"], "values": [{"value": 2.7960643768310547, "step": null, "ts": 1644977341.8354256}]}, "version": 48}
{"obj": {"type": "LogFloats", "path": ["metrics", "val", "MAPE"], "values": [{"value": 0.4341266453266144, "step": null, "ts": 1644977341.836594}]}, "version": 49}
{"obj": {"type": "LogStrings", "path": ["monitoring", "stdout"], "values": [{"value": "[2] val loss: 2.7960643768310547", "step": null, "ts": 1644977341.8376718}]}, "version": 50}
{"obj": {"type": "LogStrings", "path": ["monitoring", "stdout"], "values": [{"value": "\n", "step": null, "ts": 1644977341.8386664}]}, "version": 51}
{"obj": {"type": "LogStrings", "path": ["monitoring", "stdout"], "values": [{"value": "Training finished", "step": null, "ts": 1644977341.8397117}]}, "version": 52}
{"obj": {"type": "LogStrings", "path": ["monitoring", "stdout"], "values": [{"value": "\n", "step": null, "ts": 1644977341.8406537}]}, "version": 53}
{"obj": {"type": "LogStrings", "path": ["monitoring", "stdout"], "values": [{"value": "", "step": null, "ts": 1644977341.8416574}]}, "version": 54}
{"obj": {"type": "LogStrings", "path": ["monitoring", "stdout"], "values": [{"value": "Shutting down background jobs, please wait a moment...\n", "step": null, "ts": 1644977341.8427417}]}, "version": 55}
