{"obj": {"type": "AssignString", "path": ["sys", "name"], "value": "Untitled"}, "version": 1}
{"obj": {"type": "AssignString", "path": ["sys", "description"], "value": ""}, "version": 2}
{"obj": {"type": "AssignString", "path": ["sys", "hostname"], "value": "DESKTOP-3318E9E"}, "version": 3}
{"obj": {"type": "AssignBool", "path": ["sys", "failed"], "value": false}, "version": 4}
{"obj": {"type": "ClearStringLog", "path": ["monitoring", "stdout"]}, "version": 5}
{"obj": {"type": "ClearStringLog", "path": ["monitoring", "stderr"]}, "version": 6}
{"obj": {"type": "AssignString", "path": ["source_code", "entrypoint"], "value": "train_hyperdist.py"}, "version": 7}
{"obj": {"type": "UploadFileSet", "path": ["source_code", "files"], "file_globs": ["/mnt/c/Users/janko/PycharmProjects/hyperbolic/src/train_hyperdist.py"], "reset": "False"}, "version": 8}
{"obj": {"type": "LogStrings", "path": ["monitoring", "stderr"], "values": [{"value": "Info (NVML): NVML Shared Library Not Found. GPU usage metrics may not be reported. For more information, see https://docs.neptune.ai/you-should-know/what-can-you-log-and-display#hardware-consumption\n", "step": null, "ts": 1644942288.3474188}]}, "version": 9}
{"obj": {"type": "ConfigFloatSeries", "path": ["monitoring", "cpu"], "min": 0.0, "max": 100.0, "unit": "%"}, "version": 10}
{"obj": {"type": "ClearFloatLog", "path": ["monitoring", "cpu"]}, "version": 11}
{"obj": {"type": "ConfigFloatSeries", "path": ["monitoring", "memory"], "min": 0.0, "max": 12.391899108886719, "unit": "GB"}, "version": 12}
{"obj": {"type": "ClearFloatLog", "path": ["monitoring", "memory"]}, "version": 13}
{"obj": {"type": "AssignInt", "path": ["config", "epochs"], "value": 300}, "version": 14}
{"obj": {"type": "AssignFloat", "path": ["config", "dataset_params", "n_samples"], "value": 10000.0}, "version": 15}
{"obj": {"type": "AssignInt", "path": ["config", "dataset_params", "dim"], "value": 8}, "version": 16}
{"obj": {"type": "AssignFloat", "path": ["config", "dataset_params", "eps"], "value": 0.01}, "version": 17}
{"obj": {"type": "AssignInt", "path": ["config", "dataset_params", "bs"], "value": 256}, "version": 18}
{"obj": {"type": "AssignString", "path": ["config", "model", "name"], "value": "EncoderHeadModel"}, "version": 19}
{"obj": {"type": "AssignString", "path": ["config", "model", "encoder", "name"], "value": "EuclideanFFNEncoder"}, "version": 20}
{"obj": {"type": "AssignInt", "path": ["config", "model", "encoder", "io_dim"], "value": 8}, "version": 21}
{"obj": {"type": "AssignInt", "path": ["config", "model", "encoder", "clipping_r"], "value": 9}, "version": 22}
{"obj": {"type": "AssignString", "path": ["config", "model", "encoder", "hidden_dims"], "value": "[128, 256, 256, 128]"}, "version": 23}
{"obj": {"type": "AssignString", "path": ["config", "model", "encoder", "activations"], "value": "relu"}, "version": 24}
{"obj": {"type": "AssignBool", "path": ["config", "model", "encoder", "batch_norm"], "value": true}, "version": 25}
{"obj": {"type": "AssignString", "path": ["config", "model", "head", "name"], "value": "EuclideanFFN"}, "version": 26}
{"obj": {"type": "AssignInt", "path": ["config", "model", "head", "input_dim"], "value": 8}, "version": 27}
{"obj": {"type": "AssignString", "path": ["config", "model", "head", "hidden_dims"], "value": "[64, 64]"}, "version": 28}
{"obj": {"type": "AssignString", "path": ["config", "model", "head", "activations"], "value": "relu"}, "version": 29}
{"obj": {"type": "AssignInt", "path": ["config", "model", "head", "output_dim"], "value": 1}, "version": 30}
{"obj": {"type": "AssignBool", "path": ["config", "model", "head", "batch_norm"], "value": true}, "version": 31}
{"obj": {"type": "AssignString", "path": ["config", "optimizer", "name"], "value": "SGD"}, "version": 32}
{"obj": {"type": "AssignFloat", "path": ["config", "optimizer", "lr"], "value": 0.01}, "version": 33}
{"obj": {"type": "AssignFloat", "path": ["config", "optimizer", "momentum"], "value": 0.9}, "version": 34}
{"obj": {"type": "AssignString", "path": ["config", "scheduler", "name"], "value": "None"}, "version": 35}
{"obj": {"type": "AssignString", "path": ["config", "metrics", "loss"], "value": "MSE"}, "version": 36}
{"obj": {"type": "AssignString", "path": ["config", "metrics", "additional"], "value": "['MAPE']"}, "version": 37}
{"obj": {"type": "AssignString", "path": ["config", "neptune", "project"], "value": "jkociniak/hyperbolic-dist-pred"}, "version": 38}
{"obj": {"type": "AssignString", "path": ["config", "neptune", "api_token"], "value": "eyJhcGlfYWRkcmVzcyI6Imh0dHBzOi8vYXBwLm5lcHR1bmUuYWkiLCJhcGlfdXJsIjoiaHR0cHM6Ly9hcHAubmVwdHVuZS5haSIsImFwaV9rZXkiOiIxMmVmNjk0Yi1hMmZjLTQ3NmYtODBkZi1mZmM2NDMwNTk1ZTcifQ=="}, "version": 39}
{"obj": {"type": "LogFloats", "path": ["monitoring", "cpu"], "values": [{"value": 30.1, "step": null, "ts": 1644942288.394242}]}, "version": 40}
{"obj": {"type": "LogFloats", "path": ["monitoring", "memory"], "values": [{"value": 0.4957122802734375, "step": null, "ts": 1644942288.394242}]}, "version": 41}
{"obj": {"type": "LogFloats", "path": ["monitoring", "cpu"], "values": [{"value": 7.2, "step": null, "ts": 1644942298.4568489}]}, "version": 42}
{"obj": {"type": "LogFloats", "path": ["monitoring", "memory"], "values": [{"value": 0.4975738525390625, "step": null, "ts": 1644942298.4568489}]}, "version": 43}
{"obj": {"type": "LogFloats", "path": ["monitoring", "cpu"], "values": [{"value": 8.4, "step": null, "ts": 1644942308.4611523}]}, "version": 44}
{"obj": {"type": "LogFloats", "path": ["monitoring", "memory"], "values": [{"value": 0.4993629455566406, "step": null, "ts": 1644942308.4611523}]}, "version": 45}
{"obj": {"type": "LogFloats", "path": ["monitoring", "cpu"], "values": [{"value": 6.9, "step": null, "ts": 1644942318.4654675}]}, "version": 46}
{"obj": {"type": "LogFloats", "path": ["monitoring", "memory"], "values": [{"value": 0.499725341796875, "step": null, "ts": 1644942318.4654675}]}, "version": 47}
{"obj": {"type": "LogFloats", "path": ["monitoring", "cpu"], "values": [{"value": 8.8, "step": null, "ts": 1644942328.4723804}]}, "version": 48}
{"obj": {"type": "LogFloats", "path": ["monitoring", "memory"], "values": [{"value": 0.4998359680175781, "step": null, "ts": 1644942328.4723804}]}, "version": 49}
{"obj": {"type": "LogFloats", "path": ["monitoring", "cpu"], "values": [{"value": 13.2, "step": null, "ts": 1644942338.4770632}]}, "version": 50}
{"obj": {"type": "LogFloats", "path": ["monitoring", "memory"], "values": [{"value": 0.5636558532714844, "step": null, "ts": 1644942338.4770632}]}, "version": 51}
{"obj": {"type": "LogFloats", "path": ["monitoring", "cpu"], "values": [{"value": 13.9, "step": null, "ts": 1644942348.484984}]}, "version": 52}
{"obj": {"type": "LogFloats", "path": ["monitoring", "memory"], "values": [{"value": 0.5645599365234375, "step": null, "ts": 1644942348.484984}]}, "version": 53}
{"obj": {"type": "LogFloats", "path": ["monitoring", "cpu"], "values": [{"value": 11.3, "step": null, "ts": 1644942358.4965668}]}, "version": 54}
{"obj": {"type": "LogFloats", "path": ["monitoring", "memory"], "values": [{"value": 0.5617103576660156, "step": null, "ts": 1644942358.4965668}]}, "version": 55}
{"obj": {"type": "LogFloats", "path": ["monitoring", "cpu"], "values": [{"value": 5.7, "step": null, "ts": 1644942368.5019538}]}, "version": 56}
{"obj": {"type": "LogFloats", "path": ["monitoring", "memory"], "values": [{"value": 0.5579261779785156, "step": null, "ts": 1644942368.5019538}]}, "version": 57}
{"obj": {"type": "LogFloats", "path": ["monitoring", "cpu"], "values": [{"value": 1.0, "step": null, "ts": 1644942378.5085912}]}, "version": 58}
{"obj": {"type": "LogFloats", "path": ["monitoring", "memory"], "values": [{"value": 0.5554885864257812, "step": null, "ts": 1644942378.5085912}]}, "version": 59}
{"obj": {"type": "LogFloats", "path": ["monitoring", "cpu"], "values": [{"value": 1.0, "step": null, "ts": 1644942388.5175078}]}, "version": 60}
{"obj": {"type": "LogFloats", "path": ["monitoring", "memory"], "values": [{"value": 0.5554885864257812, "step": null, "ts": 1644942388.5175078}]}, "version": 61}
{"obj": {"type": "LogFloats", "path": ["monitoring", "cpu"], "values": [{"value": 1.3, "step": null, "ts": 1644942398.5285435}]}, "version": 62}
{"obj": {"type": "LogFloats", "path": ["monitoring", "memory"], "values": [{"value": 0.5559730529785156, "step": null, "ts": 1644942398.5285435}]}, "version": 63}
{"obj": {"type": "LogFloats", "path": ["monitoring", "cpu"], "values": [{"value": 0.9, "step": null, "ts": 1644942408.5433524}]}, "version": 64}
{"obj": {"type": "LogFloats", "path": ["monitoring", "memory"], "values": [{"value": 0.5559730529785156, "step": null, "ts": 1644942408.5433524}]}, "version": 65}
{"obj": {"type": "LogFloats", "path": ["monitoring", "cpu"], "values": [{"value": 1.4, "step": null, "ts": 1644942418.5538025}]}, "version": 66}
{"obj": {"type": "LogFloats", "path": ["monitoring", "memory"], "values": [{"value": 0.5554885864257812, "step": null, "ts": 1644942418.5538025}]}, "version": 67}
{"obj": {"type": "LogFloats", "path": ["monitoring", "cpu"], "values": [{"value": 1.0, "step": null, "ts": 1644942428.5643969}]}, "version": 68}
{"obj": {"type": "LogFloats", "path": ["monitoring", "memory"], "values": [{"value": 0.5554656982421875, "step": null, "ts": 1644942428.5643969}]}, "version": 69}
{"obj": {"type": "LogFloats", "path": ["monitoring", "cpu"], "values": [{"value": 1.2, "step": null, "ts": 1644942438.5750616}]}, "version": 70}
{"obj": {"type": "LogFloats", "path": ["monitoring", "memory"], "values": [{"value": 0.5554656982421875, "step": null, "ts": 1644942438.5750616}]}, "version": 71}
{"obj": {"type": "LogFloats", "path": ["monitoring", "cpu"], "values": [{"value": 1.2, "step": null, "ts": 1644942448.5855243}]}, "version": 72}
{"obj": {"type": "LogFloats", "path": ["monitoring", "memory"], "values": [{"value": 0.5554656982421875, "step": null, "ts": 1644942448.5855243}]}, "version": 73}
{"obj": {"type": "LogFloats", "path": ["monitoring", "cpu"], "values": [{"value": 1.0, "step": null, "ts": 1644942458.5971231}]}, "version": 74}
{"obj": {"type": "LogFloats", "path": ["monitoring", "memory"], "values": [{"value": 0.5554656982421875, "step": null, "ts": 1644942458.5971231}]}, "version": 75}
{"obj": {"type": "LogFloats", "path": ["monitoring", "cpu"], "values": [{"value": 1.0, "step": null, "ts": 1644942468.6051672}]}, "version": 76}
{"obj": {"type": "LogFloats", "path": ["monitoring", "memory"], "values": [{"value": 0.5554656982421875, "step": null, "ts": 1644942468.6051672}]}, "version": 77}
{"obj": {"type": "LogFloats", "path": ["monitoring", "cpu"], "values": [{"value": 1.0, "step": null, "ts": 1644942478.6156278}]}, "version": 78}
{"obj": {"type": "LogFloats", "path": ["monitoring", "memory"], "values": [{"value": 0.5554656982421875, "step": null, "ts": 1644942478.6156278}]}, "version": 79}
