{"obj": {"type": "AssignString", "path": ["sys", "name"], "value": "Untitled"}, "version": 1}
{"obj": {"type": "AssignString", "path": ["sys", "description"], "value": ""}, "version": 2}
{"obj": {"type": "AssignString", "path": ["sys", "hostname"], "value": "DESKTOP-3318E9E"}, "version": 3}
{"obj": {"type": "AssignBool", "path": ["sys", "failed"], "value": false}, "version": 4}
{"obj": {"type": "ClearStringLog", "path": ["monitoring", "stdout"]}, "version": 5}
{"obj": {"type": "ClearStringLog", "path": ["monitoring", "stderr"]}, "version": 6}
{"obj": {"type": "AssignString", "path": ["source_code", "entrypoint"], "value": "train_hyperdist.py"}, "version": 7}
{"obj": {"type": "UploadFileSet", "path": ["source_code", "files"], "file_globs": ["/mnt/c/Users/janko/PycharmProjects/hyperbolic/src/train_hyperdist.py"], "reset": "False"}, "version": 8}
{"obj": {"type": "ConfigFloatSeries", "path": ["monitoring", "cpu"], "min": 0.0, "max": 100.0, "unit": "%"}, "version": 9}
{"obj": {"type": "ClearFloatLog", "path": ["monitoring", "cpu"]}, "version": 10}
{"obj": {"type": "ConfigFloatSeries", "path": ["monitoring", "memory"], "min": 0.0, "max": 12.391899108886719, "unit": "GB"}, "version": 11}
{"obj": {"type": "ClearFloatLog", "path": ["monitoring", "memory"]}, "version": 12}
{"obj": {"type": "AssignString", "path": ["config", "epochs"], "value": "200"}, "version": 13}
{"obj": {"type": "AssignString", "path": ["config", "dataset_params", "n_samples"], "value": "1000000.0"}, "version": 14}
{"obj": {"type": "AssignString", "path": ["config", "dataset_params", "dim"], "value": "2"}, "version": 15}
{"obj": {"type": "AssignString", "path": ["config", "dataset_params", "eps"], "value": "0.01"}, "version": 16}
{"obj": {"type": "AssignString", "path": ["config", "dataset_params", "bs"], "value": "256"}, "version": 17}
{"obj": {"type": "AssignString", "path": ["config", "model", "name"], "value": "EuclideanFFNModel"}, "version": 18}
{"obj": {"type": "AssignString", "path": ["config", "model", "input_dim"], "value": "2"}, "version": 19}
{"obj": {"type": "AssignString", "path": ["config", "model", "hidden_dims"], "value": "[2]"}, "version": 20}
{"obj": {"type": "AssignString", "path": ["config", "model", "activations"], "value": "relu"}, "version": 21}
{"obj": {"type": "AssignString", "path": ["config", "optimizer", "name"], "value": "SGD"}, "version": 22}
{"obj": {"type": "AssignString", "path": ["config", "optimizer", "lr"], "value": "0.01"}, "version": 23}
{"obj": {"type": "AssignString", "path": ["config", "optimizer", "momentum"], "value": "0.9"}, "version": 24}
{"obj": {"type": "AssignString", "path": ["config", "scheduler", "name"], "value": "ReduceLROnPlateau"}, "version": 25}
{"obj": {"type": "AssignString", "path": ["config", "scheduler", "factor"], "value": "0.9"}, "version": 26}
{"obj": {"type": "AssignString", "path": ["config", "scheduler", "verbose"], "value": "True"}, "version": 27}
{"obj": {"type": "AssignString", "path": ["config", "scheduler", "eps"], "value": "1e-07"}, "version": 28}
{"obj": {"type": "AssignString", "path": ["config", "metrics", "loss"], "value": "MSE"}, "version": 29}
{"obj": {"type": "AssignString", "path": ["config", "metrics", "additional"], "value": "['MAPE']"}, "version": 30}
{"obj": {"type": "AssignString", "path": ["config", "neptune", "project"], "value": "jkociniak/hyperbolic-dist-pred"}, "version": 31}
{"obj": {"type": "AssignString", "path": ["config", "neptune", "api_token"], "value": "eyJhcGlfYWRkcmVzcyI6Imh0dHBzOi8vYXBwLm5lcHR1bmUuYWkiLCJhcGlfdXJsIjoiaHR0cHM6Ly9hcHAubmVwdHVuZS5haSIsImFwaV9rZXkiOiIxMmVmNjk0Yi1hMmZjLTQ3NmYtODBkZi1mZmM2NDMwNTk1ZTcifQ=="}, "version": 32}
{"obj": {"type": "LogFloats", "path": ["monitoring", "cpu"], "values": [{"value": 26.2, "step": null, "ts": 1644977849.326329}]}, "version": 33}
{"obj": {"type": "LogFloats", "path": ["monitoring", "memory"], "values": [{"value": 0.6932754516601562, "step": null, "ts": 1644977849.326329}]}, "version": 34}
{"obj": {"type": "LogFloats", "path": ["metrics", "train", "loss"], "values": [{"value": 2.742119550704956, "step": null, "ts": 1644977859.3357754}]}, "version": 35}
{"obj": {"type": "LogFloats", "path": ["metrics", "train", "MAPE"], "values": [{"value": 0.43433091044425964, "step": null, "ts": 1644977859.3370876}]}, "version": 36}
{"obj": {"type": "LogStrings", "path": ["monitoring", "stdout"], "values": [{"value": "[1] train loss: 2.742119550704956", "step": null, "ts": 1644977859.3383057}]}, "version": 37}
{"obj": {"type": "LogStrings", "path": ["monitoring", "stdout"], "values": [{"value": "\n", "step": null, "ts": 1644977859.339485}]}, "version": 38}
{"obj": {"type": "LogFloats", "path": ["monitoring", "cpu"], "values": [{"value": 65.0, "step": null, "ts": 1644977859.387031}]}, "version": 39}
{"obj": {"type": "LogFloats", "path": ["monitoring", "memory"], "values": [{"value": 0.7362632751464844, "step": null, "ts": 1644977859.387031}]}, "version": 40}
{"obj": {"type": "LogFloats", "path": ["metrics", "val", "loss"], "values": [{"value": 2.7170913219451904, "step": null, "ts": 1644977861.894838}]}, "version": 41}
{"obj": {"type": "LogFloats", "path": ["metrics", "val", "MAPE"], "values": [{"value": 0.42892494797706604, "step": null, "ts": 1644977861.895962}]}, "version": 42}
{"obj": {"type": "LogStrings", "path": ["monitoring", "stdout"], "values": [{"value": "[1] val loss: 2.7170913219451904", "step": null, "ts": 1644977861.8970017}]}, "version": 43}
{"obj": {"type": "LogStrings", "path": ["monitoring", "stdout"], "values": [{"value": "\n", "step": null, "ts": 1644977861.8979683}]}, "version": 44}
{"obj": {"type": "LogFloats", "path": ["monitoring", "cpu"], "values": [{"value": 63.2, "step": null, "ts": 1644977869.3959785}]}, "version": 45}
{"obj": {"type": "LogFloats", "path": ["monitoring", "memory"], "values": [{"value": 0.9499015808105469, "step": null, "ts": 1644977869.3959785}]}, "version": 46}
{"obj": {"type": "LogFloats", "path": ["metrics", "train", "loss"], "values": [{"value": 2.7207589149475098, "step": null, "ts": 1644977871.7573414}]}, "version": 47}
{"obj": {"type": "LogFloats", "path": ["metrics", "train", "MAPE"], "values": [{"value": 0.41839101910591125, "step": null, "ts": 1644977871.7586558}]}, "version": 48}
{"obj": {"type": "LogStrings", "path": ["monitoring", "stdout"], "values": [{"value": "[2] train loss: 2.7207589149475098", "step": null, "ts": 1644977871.7600424}]}, "version": 49}
{"obj": {"type": "LogStrings", "path": ["monitoring", "stdout"], "values": [{"value": "\n", "step": null, "ts": 1644977871.7612572}]}, "version": 50}
{"obj": {"type": "LogFloats", "path": ["metrics", "val", "loss"], "values": [{"value": 2.7179360389709473, "step": null, "ts": 1644977874.011643}]}, "version": 51}
{"obj": {"type": "LogFloats", "path": ["metrics", "val", "MAPE"], "values": [{"value": 0.4314723610877991, "step": null, "ts": 1644977874.0129704}]}, "version": 52}
{"obj": {"type": "LogStrings", "path": ["monitoring", "stdout"], "values": [{"value": "[2] val loss: 2.7179360389709473", "step": null, "ts": 1644977874.0140884}]}, "version": 53}
{"obj": {"type": "LogStrings", "path": ["monitoring", "stdout"], "values": [{"value": "\n", "step": null, "ts": 1644977874.0151384}]}, "version": 54}
{"obj": {"type": "LogFloats", "path": ["monitoring", "cpu"], "values": [{"value": 63.5, "step": null, "ts": 1644977879.4003043}]}, "version": 55}
{"obj": {"type": "LogFloats", "path": ["monitoring", "memory"], "values": [{"value": 0.7764053344726562, "step": null, "ts": 1644977879.4003043}]}, "version": 56}
{"obj": {"type": "LogFloats", "path": ["metrics", "train", "loss"], "values": [{"value": 2.7202539443969727, "step": null, "ts": 1644977884.2333913}]}, "version": 57}
{"obj": {"type": "LogFloats", "path": ["metrics", "train", "MAPE"], "values": [{"value": 0.416219562292099, "step": null, "ts": 1644977884.2349873}]}, "version": 58}
{"obj": {"type": "LogStrings", "path": ["monitoring", "stdout"], "values": [{"value": "[3] train loss: 2.7202539443969727", "step": null, "ts": 1644977884.2369094}]}, "version": 59}
{"obj": {"type": "LogStrings", "path": ["monitoring", "stdout"], "values": [{"value": "\n", "step": null, "ts": 1644977884.2384064}]}, "version": 60}
{"obj": {"type": "LogFloats", "path": ["metrics", "val", "loss"], "values": [{"value": 2.7166850566864014, "step": null, "ts": 1644977886.6997333}]}, "version": 61}
{"obj": {"type": "LogFloats", "path": ["metrics", "val", "MAPE"], "values": [{"value": 0.426746129989624, "step": null, "ts": 1644977886.7009006}]}, "version": 62}
{"obj": {"type": "LogStrings", "path": ["monitoring", "stdout"], "values": [{"value": "[3] val loss: 2.7166850566864014", "step": null, "ts": 1644977886.7021554}]}, "version": 63}
{"obj": {"type": "LogStrings", "path": ["monitoring", "stdout"], "values": [{"value": "\n", "step": null, "ts": 1644977886.7032955}]}, "version": 64}
{"obj": {"type": "LogFloats", "path": ["monitoring", "cpu"], "values": [{"value": 63.3, "step": null, "ts": 1644977889.4043372}]}, "version": 65}
{"obj": {"type": "LogFloats", "path": ["monitoring", "memory"], "values": [{"value": 0.7692184448242188, "step": null, "ts": 1644977889.4043372}]}, "version": 66}
{"obj": {"type": "LogFloats", "path": ["metrics", "train", "loss"], "values": [{"value": 2.7201249599456787, "step": null, "ts": 1644977897.5255475}]}, "version": 67}
{"obj": {"type": "LogFloats", "path": ["metrics", "train", "MAPE"], "values": [{"value": 0.4121237099170685, "step": null, "ts": 1644977897.5265532}]}, "version": 68}
{"obj": {"type": "LogStrings", "path": ["monitoring", "stdout"], "values": [{"value": "[4] train loss: 2.7201249599456787", "step": null, "ts": 1644977897.5275483}]}, "version": 69}
{"obj": {"type": "LogStrings", "path": ["monitoring", "stdout"], "values": [{"value": "\n", "step": null, "ts": 1644977897.5284886}]}, "version": 70}
{"obj": {"type": "LogFloats", "path": ["monitoring", "cpu"], "values": [{"value": 63.6, "step": null, "ts": 1644977899.4115748}]}, "version": 71}
{"obj": {"type": "LogFloats", "path": ["monitoring", "memory"], "values": [{"value": 0.7580490112304688, "step": null, "ts": 1644977899.4115748}]}, "version": 72}
{"obj": {"type": "LogFloats", "path": ["metrics", "val", "loss"], "values": [{"value": 2.717827796936035, "step": null, "ts": 1644977899.5648742}]}, "version": 73}
{"obj": {"type": "LogFloats", "path": ["metrics", "val", "MAPE"], "values": [{"value": 0.4251900315284729, "step": null, "ts": 1644977899.5660338}]}, "version": 74}
{"obj": {"type": "LogStrings", "path": ["monitoring", "stdout"], "values": [{"value": "[4] val loss: 2.717827796936035", "step": null, "ts": 1644977899.5670803}]}, "version": 75}
{"obj": {"type": "LogStrings", "path": ["monitoring", "stdout"], "values": [{"value": "\n", "step": null, "ts": 1644977899.5681388}]}, "version": 76}
{"obj": {"type": "LogFloats", "path": ["monitoring", "cpu"], "values": [{"value": 65.8, "step": null, "ts": 1644977909.4175446}]}, "version": 77}
{"obj": {"type": "LogFloats", "path": ["monitoring", "memory"], "values": [{"value": 0.9542236328125, "step": null, "ts": 1644977909.4175446}]}, "version": 78}
{"obj": {"type": "LogFloats", "path": ["metrics", "train", "loss"], "values": [{"value": 2.720393657684326, "step": null, "ts": 1644977909.491766}]}, "version": 79}
{"obj": {"type": "LogFloats", "path": ["metrics", "train", "MAPE"], "values": [{"value": 0.4317699372768402, "step": null, "ts": 1644977909.4928973}]}, "version": 80}
{"obj": {"type": "LogStrings", "path": ["monitoring", "stdout"], "values": [{"value": "[5] train loss: 2.720393657684326", "step": null, "ts": 1644977909.493922}]}, "version": 81}
{"obj": {"type": "LogStrings", "path": ["monitoring", "stdout"], "values": [{"value": "\n", "step": null, "ts": 1644977909.4948864}]}, "version": 82}
{"obj": {"type": "LogFloats", "path": ["metrics", "val", "loss"], "values": [{"value": 2.7169342041015625, "step": null, "ts": 1644977911.5251474}]}, "version": 83}
{"obj": {"type": "LogFloats", "path": ["metrics", "val", "MAPE"], "values": [{"value": 0.426247239112854, "step": null, "ts": 1644977911.5263762}]}, "version": 84}
{"obj": {"type": "LogStrings", "path": ["monitoring", "stdout"], "values": [{"value": "[5] val loss: 2.7169342041015625", "step": null, "ts": 1644977911.5276864}]}, "version": 85}
{"obj": {"type": "LogStrings", "path": ["monitoring", "stdout"], "values": [{"value": "\n", "step": null, "ts": 1644977911.52872}]}, "version": 86}
{"obj": {"type": "LogFloats", "path": ["monitoring", "cpu"], "values": [{"value": 63.8, "step": null, "ts": 1644977919.4215732}]}, "version": 87}
{"obj": {"type": "LogFloats", "path": ["monitoring", "memory"], "values": [{"value": 0.9510879516601562, "step": null, "ts": 1644977919.4215732}]}, "version": 88}
{"obj": {"type": "LogFloats", "path": ["metrics", "train", "loss"], "values": [{"value": 2.7199974060058594, "step": null, "ts": 1644977921.7449298}]}, "version": 89}
{"obj": {"type": "LogFloats", "path": ["metrics", "train", "MAPE"], "values": [{"value": 0.3914732038974762, "step": null, "ts": 1644977921.745972}]}, "version": 90}
{"obj": {"type": "LogStrings", "path": ["monitoring", "stdout"], "values": [{"value": "[6] train loss: 2.7199974060058594", "step": null, "ts": 1644977921.746969}]}, "version": 91}
{"obj": {"type": "LogStrings", "path": ["monitoring", "stdout"], "values": [{"value": "\n", "step": null, "ts": 1644977921.7479563}]}, "version": 92}
{"obj": {"type": "LogFloats", "path": ["metrics", "val", "loss"], "values": [{"value": 2.717923402786255, "step": null, "ts": 1644977923.800732}]}, "version": 93}
{"obj": {"type": "LogFloats", "path": ["metrics", "val", "MAPE"], "values": [{"value": 0.42477962374687195, "step": null, "ts": 1644977923.8018875}]}, "version": 94}
{"obj": {"type": "LogStrings", "path": ["monitoring", "stdout"], "values": [{"value": "[6] val loss: 2.717923402786255", "step": null, "ts": 1644977923.8030417}]}, "version": 95}
{"obj": {"type": "LogStrings", "path": ["monitoring", "stdout"], "values": [{"value": "\n", "step": null, "ts": 1644977923.8040853}]}, "version": 96}
{"obj": {"type": "LogFloats", "path": ["monitoring", "cpu"], "values": [{"value": 64.2, "step": null, "ts": 1644977929.4271939}]}, "version": 97}
{"obj": {"type": "LogFloats", "path": ["monitoring", "memory"], "values": [{"value": 0.7787399291992188, "step": null, "ts": 1644977929.4271939}]}, "version": 98}
{"obj": {"type": "LogFloats", "path": ["metrics", "train", "loss"], "values": [{"value": 2.720161199569702, "step": null, "ts": 1644977933.8928733}]}, "version": 99}
{"obj": {"type": "LogFloats", "path": ["metrics", "train", "MAPE"], "values": [{"value": 0.4623192846775055, "step": null, "ts": 1644977933.8942685}]}, "version": 100}
{"obj": {"type": "LogStrings", "path": ["monitoring", "stdout"], "values": [{"value": "[7] train loss: 2.720161199569702", "step": null, "ts": 1644977933.895387}]}, "version": 101}
{"obj": {"type": "LogStrings", "path": ["monitoring", "stdout"], "values": [{"value": "\n", "step": null, "ts": 1644977933.8963885}]}, "version": 102}
{"obj": {"type": "LogFloats", "path": ["metrics", "val", "loss"], "values": [{"value": 2.716480016708374, "step": null, "ts": 1644977936.5936615}]}, "version": 103}
{"obj": {"type": "LogFloats", "path": ["metrics", "val", "MAPE"], "values": [{"value": 0.42986056208610535, "step": null, "ts": 1644977936.5973256}]}, "version": 104}
{"obj": {"type": "LogStrings", "path": ["monitoring", "stdout"], "values": [{"value": "[7] val loss: 2.716480016708374", "step": null, "ts": 1644977936.599472}]}, "version": 105}
{"obj": {"type": "LogStrings", "path": ["monitoring", "stdout"], "values": [{"value": "\n", "step": null, "ts": 1644977936.6008978}]}, "version": 106}
{"obj": {"type": "LogFloats", "path": ["monitoring", "cpu"], "values": [{"value": 63.3, "step": null, "ts": 1644977939.4319568}]}, "version": 107}
{"obj": {"type": "LogFloats", "path": ["monitoring", "memory"], "values": [{"value": 0.7722434997558594, "step": null, "ts": 1644977939.4319568}]}, "version": 108}
{"obj": {"type": "LogFloats", "path": ["metrics", "train", "loss"], "values": [{"value": 2.719977855682373, "step": null, "ts": 1644977948.7064219}]}, "version": 109}
{"obj": {"type": "LogFloats", "path": ["metrics", "train", "MAPE"], "values": [{"value": 0.4193505346775055, "step": null, "ts": 1644977948.7078686}]}, "version": 110}
{"obj": {"type": "LogStrings", "path": ["monitoring", "stdout"], "values": [{"value": "[8] train loss: 2.719977855682373", "step": null, "ts": 1644977948.7093658}]}, "version": 111}
{"obj": {"type": "LogStrings", "path": ["monitoring", "stdout"], "values": [{"value": "\n", "step": null, "ts": 1644977948.7106998}]}, "version": 112}
{"obj": {"type": "LogFloats", "path": ["monitoring", "cpu"], "values": [{"value": 64.1, "step": null, "ts": 1644977949.4385493}]}, "version": 113}
{"obj": {"type": "LogFloats", "path": ["monitoring", "memory"], "values": [{"value": 0.7578887939453125, "step": null, "ts": 1644977949.4385493}]}, "version": 114}
{"obj": {"type": "LogFloats", "path": ["metrics", "val", "loss"], "values": [{"value": 2.721747636795044, "step": null, "ts": 1644977951.5869708}]}, "version": 115}
{"obj": {"type": "LogFloats", "path": ["metrics", "val", "MAPE"], "values": [{"value": 0.4372423589229584, "step": null, "ts": 1644977951.5880702}]}, "version": 116}
{"obj": {"type": "LogStrings", "path": ["monitoring", "stdout"], "values": [{"value": "[8] val loss: 2.721747636795044", "step": null, "ts": 1644977951.5892591}]}, "version": 117}
{"obj": {"type": "LogStrings", "path": ["monitoring", "stdout"], "values": [{"value": "\n", "step": null, "ts": 1644977951.590314}]}, "version": 118}
{"obj": {"type": "LogFloats", "path": ["monitoring", "cpu"], "values": [{"value": 61.0, "step": null, "ts": 1644977959.4623735}]}, "version": 119}
{"obj": {"type": "LogFloats", "path": ["monitoring", "memory"], "values": [{"value": 0.9500770568847656, "step": null, "ts": 1644977959.4623735}]}, "version": 120}
{"obj": {"type": "LogFloats", "path": ["metrics", "train", "loss"], "values": [{"value": 2.7200119495391846, "step": null, "ts": 1644977963.8167777}]}, "version": 121}
{"obj": {"type": "LogFloats", "path": ["metrics", "train", "MAPE"], "values": [{"value": 0.4109056293964386, "step": null, "ts": 1644977963.8181407}]}, "version": 122}
{"obj": {"type": "LogStrings", "path": ["monitoring", "stdout"], "values": [{"value": "[9] train loss: 2.7200119495391846", "step": null, "ts": 1644977963.8194785}]}, "version": 123}
{"obj": {"type": "LogStrings", "path": ["monitoring", "stdout"], "values": [{"value": "\n", "step": null, "ts": 1644977963.8207018}]}, "version": 124}
{"obj": {"type": "LogFloats", "path": ["metrics", "val", "loss"], "values": [{"value": 2.716948986053467, "step": null, "ts": 1644977966.1151547}]}, "version": 125}
{"obj": {"type": "LogFloats", "path": ["metrics", "val", "MAPE"], "values": [{"value": 0.42891785502433777, "step": null, "ts": 1644977966.1163507}]}, "version": 126}
{"obj": {"type": "LogStrings", "path": ["monitoring", "stdout"], "values": [{"value": "[9] val loss: 2.716948986053467", "step": null, "ts": 1644977966.1174448}]}, "version": 127}
{"obj": {"type": "LogStrings", "path": ["monitoring", "stdout"], "values": [{"value": "\n", "step": null, "ts": 1644977966.1184843}]}, "version": 128}
